# EXPLAIN Plan: orders_list

**Generated**: 2025-12-18T08:56:22.423214

## Query

```sql
SELECT 
            of.of_id,
            of.of_data_criacao,
            of.of_data_acabamento,
            m.produto_nome,
            COUNT(fof.faseof_id) as phase_count
        FROM ordens_fabrico of
        LEFT JOIN modelos m ON of.of_produto_id = m.produto_id
        LEFT JOIN fases_ordem_fabrico fof ON fof.faseof_of_id = of.of_id
        WHERE of.of_data_criacao >= CURRENT_DATE - INTERVAL '30 days'
        GROUP BY of.of_id, of.of_data_criacao, of.of_data_acabamento, m.produto_nome
        ORDER BY of.of_data_criacao DESC
        LIMIT 100;
```

## Plan (Text)

```
Limit  (cost=1303.97..1304.22 rows=100 width=658) (actual time=0.051..0.054 rows=0 loops=1)
  Output: of.of_id, of.of_data_criacao, of.of_data_acabamento, m.produto_nome, (count(fof.faseof_id))
  ->  Sort  (cost=1303.97..1316.14 rows=4867 width=658) (actual time=0.050..0.053 rows=0 loops=1)
        Output: of.of_id, of.of_data_criacao, of.of_data_acabamento, m.produto_nome, (count(fof.faseof_id))
        Sort Key: of.of_data_criacao DESC
        Sort Method: quicksort  Memory: 25kB
        ->  HashAggregate  (cost=1069.28..1117.95 rows=4867 width=658) (actual time=0.046..0.048 rows=0 loops=1)
              Output: of.of_id, of.of_data_criacao, of.of_data_acabamento, m.produto_nome, count(fof.faseof_id)
              Group Key: of.of_id, m.produto_nome
              Batches: 1  Memory Usage: 217kB
              ->  Hash Left Join  (cost=32.03..1032.78 rows=4867 width=768) (actual time=0.012..0.015 rows=0 loops=1)
                    Output: of.of_id, m.produto_nome, of.of_data_criacao, of.of_data_acabamento, fof.faseof_id
                    Inner Unique: true
                    Hash Cond: (of.of_produto_id = m.produto_id)
                    ->  Hash Right Join  (cost=19.10..1006.81 rows=4867 width=256) (actual time=0.012..0.014 rows=0 loops=1)
                          Output: of.of_id, of.of_data_criacao, of.of_data_acabamento, of.of_produto_id, fof.faseof_id
                          Inner Unique: true
                          Hash Cond: ((fof.faseof_of_id)::text = (of.of_id)::text)
                          ->  Append  (cost=0.00..949.00 rows=14600 width=236) (never executed)
                                ->  Seq Scan on public.fases_ordem_fabrico_p_2020_01 fof_1  (cost=0.00..12.00 rows=200 width=236) (never executed)
                                      Output: fof_1.faseof_id, fof_1.faseof_of_id
                                ->  Seq Scan on public.fases_ordem_fabrico_p_2020_02 fof_2  (cost=0.00..12.00 rows=200 width=236) (never executed)
                                      Output: fof_2.faseof_id, fof_2.faseof_of_id
                                ->  Seq Scan on public.fases_ordem_fabrico_p_2020_03 fof_3  (cost=0.00..12.00 rows=200 width=236) (never executed)
                                      Output: fof_3.faseof_id, fof_3.faseof_of_id
                                ->  Seq Scan on public.fases_ordem_fabrico_p_2020_04 fof_4  (cost=0.00..12.00 rows=200 width=236) (never executed)
                                      Output: fof_4.faseof_id, fof_4.faseof_of_id
                                ->  Seq Scan on public.fases_ordem_fabrico_p_2020_05 fof_5  (cost=0.00..12.00 rows=200 width=236) (never executed)
                                      Output: fof_5.faseof_id, fof_5.faseof_of_id
                                ->  Seq Scan on public.fases_ordem_fabrico_p_2020_06 fof_6  (cost=0.00..12.00 rows=200 width=236) (never executed)
                                      Output: fof_6.faseof_id, fof_6.faseof_of_id
                                ->  Seq Scan on public.fases_ordem_fabrico_p_2020_07 fof_7  (cost=0.00..12.00 rows=200 width=236) (never executed)
                                      Output: fof_7.faseof_id, fof_7.faseof_of_id
                                ->  Seq Scan on public.fases_ordem_fabrico_p_2020_08 fof_8  (cost=0.00..12.00 rows=200 width=236) (never executed)
                                      Output: fof_8.faseof_id, fof_8.faseof_of_id
                                ->  Seq Scan on public.fases_ordem_fabrico_p_2020_09 fof_9  (cost=0.00..12.00 rows=200 width=236) (never executed)
                                      Output: fof_9.faseof_id, fof_9.faseof_of_id
                                ->  Seq Scan on public.fases_ordem_fabrico_p_2020_10 fof_10  (cost=0.00..12.00 rows=200 width=236) (never executed)
                                      Output: fof_10.faseof_id, fof_10.faseof_of_id
                                ->  Seq Scan on public.fases_ordem_fabrico_p_2020_11 fof_11  (cost=0.00..12.00 rows=200 width=236) (never executed)
                                      Output: fof_11.faseof_id, fof_11.faseof_of_id
                                ->  Seq Scan on public.fases_ordem_fabrico_p_2020_12 fof_12  (cost=0.00..12.00 rows=200 width=236) (never executed)
                                      Output: fof_12.faseof_id, fof_12.faseof_of_id
                                ->  Seq Scan on public.fases_ordem_fabrico_p_2021_01 fof_13  (cost=0.00..12.00 rows=200 width=236) (never executed)
                                      Output: fof_13.faseof_id, fof_13.faseof_of_id
                                ->  Seq Scan on public.fases_ordem_fabrico_p_2021_02 fof_14  (cost=0.00..12.00 rows=200 width=236) (never executed)
                                      Output: fof_14.faseof_id, fof_14.faseof_of_id
                                ->  Seq Scan on public.fases_ordem_fabrico_p_2021_03 fof_15  (cost=0.00..12.00 rows=200 width=236) (never executed)
                                      Output: fof_15.faseof_id, fof_15.faseof_of_id
                                ->  Seq Scan on public.fases_ordem_fabrico_p_2021_04 fof_16  (cost=0.00..12.00 rows=200 width=236) (never executed)
                                      Output: fof_16.faseof_id, fof_16.faseof_of_id
                                ->  Seq Scan on public.fases_ordem_fabrico_p_2021_05 fof_17  (cost=0.00..12.00 rows=200 width=236) (never executed)
                                      Output: fof_17.faseof_id, fof_17.faseof_of_id
                                ->  Seq Scan on public.fases_ordem_fabrico_p_2021_06 fof_18  (cost=0.00..12.00 rows=200 width=236) (never executed)
                                      Output: fof_18.faseof_id, fof_18.faseof_of_id
                                ->  Seq Scan on public.fases_ordem_fabrico_p_2021_07 fof_19  (cost=0.00..12.00 rows=200 width=236) (never executed)
                                      Output: fof_19.faseof_id, fof_19.faseof_of_id
                                ->  Seq Scan on public.fases_ordem_fabrico_p_2021_08 fof_20  (cost=0.00..12.00 rows=200 width=236) (never executed)
                                      Output: fof_20.faseof_id, fof_20.faseof_of_id
                                ->  Seq Scan on public.fases_ordem_fabrico_p_2021_09 fof_21  (cost=0.00..12.00 rows=200 width=236) (never executed)
                                      Output: fof_21.faseof_id, fof_21.faseof_of_id
                                ->  Seq Scan on public.fases_ordem_fabrico_p_2021_10 fof_22  (cost=0.00..12.00 rows=200 width=236) (never executed)
                                      Output: fof_22.faseof_id, fof_22.faseof_of_id
                                ->  Seq Scan on public.fases_ordem_fabrico_p_2021_11 fof_23  (cost=0.00..12.00 rows=200 width=236) (never executed)
                                      Output: fof_23.faseof_id, fof_23.faseof_of_id
                                ->  Seq Scan on public.fases_ordem_fabrico_p_2021_12 fof_24  (cost=0.00..12.00 rows=200 width=236) (never executed)
                                      Output: fof_24.faseof_id, fof_24.faseof_of_id
                                ->  Seq Scan on public.fases_ordem_fabrico_p_2022_01 fof_25  (cost=0.00..12.00 rows=200 width=236) (never executed)
                                      Output: fof_25.faseof_id, fof_25.faseof_of_id
                                ->  Seq Scan on public.fases_ordem_fabrico_p_2022_02 fof_26  (cost=0.00..12.00 rows=200 width=236) (never executed)
                                      Output: fof_26.faseof_id, fof_26.faseof_of_id
                                ->  Seq Scan on public.fases_ordem_fabrico_p_2022_03 fof_27  (cost=0.00..12.00 rows=200 width=236) (never executed)
                                      Output: fof_27.faseof_id, fof_27.faseof_of_id
                                ->  Seq Scan on public.fases_ordem_fabrico_p_2022_04 fof_28  (cost=0.00..12.00 rows=200 width=236) (never executed)
                                      Output: fof_28.faseof_id, fof_28.faseof_of_id
                                ->  Seq Scan on public.fases_ordem_fabrico_p_2022_05 fof_29  (cost=0.00..12.00 rows=200 width=236) (never executed)
                                      Output: fof_29.faseof_id, fof_29.faseof_of_id
                                ->  Seq Scan on public.fases_ordem_fabrico_p_2022_06 fof_30  (cost=0.00..12.00 rows=200 width=236) (never executed)
                                      Output: fof_30.faseof_id, fof_30.faseof_of_id
                                ->  Seq Scan on public.fases_ordem_fabrico_p_2022_07 fof_31  (cost=0.00..12.00 rows=200 width=236) (never executed)
                                      Output: fof_31.faseof_id, fof_31.faseof_of_id
                                ->  Seq Scan on public.fases_ordem_fabrico_p_2022_08 fof_32  (cost=0.00..12.00 rows=200 width=236) (never executed)
                                      Output: fof_32.faseof_id, fof_32.faseof_of_id
                                ->  Seq Scan on public.fases_ordem_fabrico_p_2022_09 fof_33  (cost=0.00..12.00 rows=200 width=236) (never executed)
                                      Output: fof_33.faseof_id, fof_33.faseof_of_id
                                ->  Seq Scan on public.fases_ordem_fabrico_p_2022_10 fof_34  (cost=0.00..12.00 rows=200 width=236) (never executed)
                                      Output: fof_34.faseof_id, fof_34.faseof_of_id
                                ->  Seq Scan on public.fases_ordem_fabrico_p_2022_11 fof_35  (cost=0.00..12.00 rows=200 width=236) (never executed)
                                      Output: fof_35.faseof_id, fof_35.faseof_of_id
                                ->  Seq Scan on public.fases_ordem_fabrico_p_2022_12 fof_36  (cost=0.00..12.00 rows=200 width=236) (never executed)
                                      Output: fof_36.faseof_id, fof_36.faseof_of_id
                                ->  Seq Scan on public.fases_ordem_fabrico_p_2023_01 fof_37  (cost=0.00..12.00 rows=200 width=236) (never executed)
                                      Output: fof_37.faseof_id, fof_37.faseof_of_id
                                ->  Seq Scan on public.fases_ordem_fabrico_p_2023_02 fof_38  (cost=0.00..12.00 rows=200 width=236) (never executed)
                                      Output: fof_38.faseof_id, fof_38.faseof_of_id
                                ->  Seq Scan on public.fases_ordem_fabrico_p_2023_03 fof_39  (cost=0.00..12.00 rows=200 width=236) (never executed)
                                      Output: fof_39.faseof_id, fof_39.faseof_of_id
                                ->  Seq Scan on public.fases_ordem_fabrico_p_2023_04 fof_40  (cost=0.00..12.00 rows=200 width=236) (never executed)
                                      Output: fof_40.faseof_id, fof_40.faseof_of_id
                                ->  Seq Scan on public.fases_ordem_fabrico_p_2023_05 fof_41  (cost=0.00..12.00 rows=200 width=236) (never executed)
                                      Output: fof_41.faseof_id, fof_41.faseof_of_id
                                ->  Seq Scan on public.fases_ordem_fabrico_p_2023_06 fof_42  (cost=0.00..12.00 rows=200 width=236) (never executed)
                                      Output: fof_42.faseof_id, fof_42.faseof_of_id
                                ->  Seq Scan on public.fases_ordem_fabrico_p_2023_07 fof_43  (cost=0.00..12.00 rows=200 width=236) (never executed)
                                      Output: fof_43.faseof_id, fof_43.faseof_of_id
                                ->  Seq Scan on public.fases_ordem_fabrico_p_2023_08 fof_44  (cost=0.00..12.00 rows=200 width=236) (never executed)
                                      Output: fof_44.faseof_id, fof_44.faseof_of_id
                                ->  Seq Scan on public.fases_ordem_fabrico_p_2023_09 fof_45  (cost=0.00..12.00 rows=200 width=236) (never executed)
                                      Output: fof_45.faseof_id, fof_45.faseof_of_id
                                ->  Seq Scan on public.fases_ordem_fabrico_p_2023_10 fof_46  (cost=0.00..12.00 rows=200 width=236) (never executed)
                                      Output: fof_46.faseof_id, fof_46.faseof_of_id
                                ->  Seq Scan on public.fases_ordem_fabrico_p_2023_11 fof_47  (cost=0.00..12.00 rows=200 width=236) (never executed)
                                      Output: fof_47.faseof_id, fof_47.faseof_of_id
                                ->  Seq Scan on public.fases_ordem_fabrico_p_2023_12 fof_48  (cost=0.00..12.00 rows=200 width=236) (never executed)
                                      Output: fof_48.faseof_id, fof_48.faseof_of_id
                                ->  Seq Scan on public.fases_ordem_fabrico_p_2024_01 fof_49  (cost=0.00..12.00 rows=200 width=236) (never executed)
                                      Output: fof_49.faseof_id, fof_49.faseof_of_id
                                ->  Seq Scan on public.fases_ordem_fabrico_p_2024_02 fof_50  (cost=0.00..12.00 rows=200 width=236) (never executed)
                                      Output: fof_50.faseof_id, fof_50.faseof_of_id
                                ->  Seq Scan on public.fases_ordem_fabrico_p_2024_03 fof_51  (cost=0.00..12.00 rows=200 width=236) (never executed)
                                      Output: fof_51.faseof_id, fof_51.faseof_of_id
                                ->  Seq Scan on public.fases_ordem_fabrico_p_2024_04 fof_52  (cost=0.00..12.00 rows=200 width=236) (never executed)
                                      Output: fof_52.faseof_id, fof_52.faseof_of_id
                                ->  Seq Scan on public.fases_ordem_fabrico_p_2024_05 fof_53  (cost=0.00..12.00 rows=200 width=236) (never executed)
                                      Output: fof_53.faseof_id, fof_53.faseof_of_id
                                ->  Seq Scan on public.fases_ordem_fabrico_p_2024_06 fof_54  (cost=0.00..12.00 rows=200 width=236) (never executed)
                                      Output: fof_54.faseof_id, fof_54.faseof_of_id
                                ->  Seq Scan on public.fases_ordem_fabrico_p_2024_07 fof_55  (cost=0.00..12.00 rows=200 width=236) (never executed)
                                      Output: fof_55.faseof_id, fof_55.faseof_of_id
                                ->  Seq Scan on public.fases_ordem_fabrico_p_2024_08 fof_56  (cost=0.00..12.00 rows=200 width=236) (never executed)
                                      Output: fof_56.faseof_id, fof_56.faseof_of_id
                                ->  Seq Scan on public.fases_ordem_fabrico_p_2024_09 fof_57  (cost=0.00..12.00 rows=200 width=236) (never executed)
                                      Output: fof_57.faseof_id, fof_57.faseof_of_id
                                ->  Seq Scan on public.fases_ordem_fabrico_p_2024_10 fof_58  (cost=0.00..12.00 rows=200 width=236) (never executed)
                                      Output: fof_58.faseof_id, fof_58.faseof_of_id
                                ->  Seq Scan on public.fases_ordem_fabrico_p_2024_11 fof_59  (cost=0.00..12.00 rows=200 width=236) (never executed)
                                      Output: fof_59.faseof_id, fof_59.faseof_of_id
                                ->  Seq Scan on public.fases_ordem_fabrico_p_2024_12 fof_60  (cost=0.00..12.00 rows=200 width=236) (never executed)
                                      Output: fof_60.faseof_id, fof_60.faseof_of_id
                                ->  Seq Scan on public.fases_ordem_fabrico_p_2025_01 fof_61  (cost=0.00..12.00 rows=200 width=236) (never executed)
                                      Output: fof_61.faseof_id, fof_61.faseof_of_id
                                ->  Seq Scan on public.fases_ordem_fabrico_p_2025_02 fof_62  (cost=0.00..12.00 rows=200 width=236) (never executed)
                                      Output: fof_62.faseof_id, fof_62.faseof_of_id
                                ->  Seq Scan on public.fases_ordem_fabrico_p_2025_03 fof_63  (cost=0.00..12.00 rows=200 width=236) (never executed)
                                      Output: fof_63.faseof_id, fof_63.faseof_of_id
                                ->  Seq Scan on public.fases_ordem_fabrico_p_2025_04 fof_64  (cost=0.00..12.00 rows=200 width=236) (never executed)
                                      Output: fof_64.faseof_id, fof_64.faseof_of_id
                                ->  Seq Scan on public.fases_ordem_fabrico_p_2025_05 fof_65  (cost=0.00..12.00 rows=200 width=236) (never executed)
                                      Output: fof_65.faseof_id, fof_65.faseof_of_id
                                ->  Seq Scan on public.fases_ordem_fabrico_p_2025_06 fof_66  (cost=0.00..12.00 rows=200 width=236) (never executed)
                                      Output: fof_66.faseof_id, fof_66.faseof_of_id
                                ->  Seq Scan on public.fases_ordem_fabrico_p_2025_07 fof_67  (cost=0.00..12.00 rows=200 width=236) (never executed)
                                      Output: fof_67.faseof_id, fof_67.faseof_of_id
                                ->  Seq Scan on public.fases_ordem_fabrico_p_2025_08 fof_68  (cost=0.00..12.00 rows=200 width=236) (never executed)
                                      Output: fof_68.faseof_id, fof_68.faseof_of_id
                                ->  Seq Scan on public.fases_ordem_fabrico_p_2025_09 fof_69  (cost=0.00..12.00 rows=200 width=236) (never executed)
                                      Output: fof_69.faseof_id, fof_69.faseof_of_id
                                ->  Seq Scan on public.fases_ordem_fabrico_p_2025_10 fof_70  (cost=0.00..12.00 rows=200 width=236) (never executed)
                                      Output: fof_70.faseof_id, fof_70.faseof_of_id
                                ->  Seq Scan on public.fases_ordem_fabrico_p_2025_11 fof_71  (cost=0.00..12.00 rows=200 width=236) (never executed)
                                      Output: fof_71.faseof_id, fof_71.faseof_of_id
                                ->  Seq Scan on public.fases_ordem_fabrico_p_2025_12 fof_72  (cost=0.00..12.00 rows=200 width=236) (never executed)
                                      Output: fof_72.faseof_id, fof_72.faseof_of_id
                                ->  Seq Scan on public.fases_ordem_fabrico_default fof_73  (cost=0.00..12.00 rows=200 width=236) (never executed)
                                      Output: fof_73.faseof_id, fof_73.faseof_of_id
                          ->  Hash  (cost=17.35..17.35 rows=140 width=138) (actual time=0.005..0.006 rows=0 loops=1)
                                Output: of.of_id, of.of_data_criacao, of.of_data_acabamento, of.of_produto_id
                                Buckets: 1024  Batches: 1  Memory Usage: 8kB
                                ->  Seq Scan on public.ordens_fabrico of  (cost=0.00..17.35 rows=140 width=138) (actual time=0.005..0.005 rows=0 loops=1)
                                      Output: of.of_id, of.of_data_criacao, of.of_data_acabamento, of.of_produto_id
                                      Filter: (of.of_data_criacao >= (CURRENT_DATE - '30 days'::interval))
                    ->  Hash  (cost=11.30..11.30 rows=130 width=520) (never executed)
                          Output: m.produto_nome, m.produto_id
                          ->  Seq Scan on public.modelos m  (cost=0.00..11.30 rows=130 width=520) (never executed)
                                Output: m.produto_nome, m.produto_id
Planning:
  Buffers: shared hit=1111
Planning Time: 5.259 ms
Execution Time: 0.278 ms
```

## Plan (JSON)

```json
[
  {
    "Plan": {
      "Node Type": "Limit",
      "Parallel Aware": false,
      "Async Capable": false,
      "Startup Cost": 1303.97,
      "Total Cost": 1304.22,
      "Plan Rows": 100,
      "Plan Width": 658,
      "Actual Startup Time": 0.082,
      "Actual Total Time": 0.086,
      "Actual Rows": 0,
      "Actual Loops": 1,
      "Output": [
        "of.of_id",
        "of.of_data_criacao",
        "of.of_data_acabamento",
        "m.produto_nome",
        "(count(fof.faseof_id))"
      ],
      "Shared Hit Blocks": 0,
      "Shared Read Blocks": 0,
      "Shared Dirtied Blocks": 0,
      "Shared Written Blocks": 0,
      "Local Hit Blocks": 0,
      "Local Read Blocks": 0,
      "Local Dirtied Blocks": 0,
      "Local Written Blocks": 0,
      "Temp Read Blocks": 0,
      "Temp Written Blocks": 0,
      "Plans": [
        {
          "Node Type": "Sort",
          "Parent Relationship": "Outer",
          "Parallel Aware": false,
          "Async Capable": false,
          "Startup Cost": 1303.97,
          "Total Cost": 1316.14,
          "Plan Rows": 4867,
          "Plan Width": 658,
          "Actual Startup Time": 0.08,
          "Actual Total Time": 0.085,
          "Actual Rows": 0,
          "Actual Loops": 1,
          "Output": [
            "of.of_id",
            "of.of_data_criacao",
            "of.of_data_acabamento",
            "m.produto_nome",
            "(count(fof.faseof_id))"
          ],
          "Sort Key": [
            "of.of_data_criacao DESC"
          ],
          "Sort Method": "quicksort",
          "Sort Space Used": 25,
          "Sort Space Type": "Memory",
          "Shared Hit Blocks": 0,
          "Shared Read Blocks": 0,
          "Shared Dirtied Blocks": 0,
          "Shared Written Blocks": 0,
          "Local Hit Blocks": 0,
          "Local Read Blocks": 0,
          "Local Dirtied Blocks": 0,
          "Local Written Blocks": 0,
          "Temp Read Blocks": 0,
          "Temp Written Blocks": 0,
          "Plans": [
            {
              "Node Type": "Aggregate",
              "Strategy": "Hashed",
              "Partial Mode": "Simple",
              "Parent Relationship": "Outer",
              "Parallel Aware": false,
              "Async Capable": false,
              "Startup Cost": 1069.28,
              "Total Cost": 1117.95,
              "Plan Rows": 4867,
              "Plan Width": 658,
              "Actual Startup Time": 0.057,
              "Actual Total Time": 0.061,
              "Actual Rows": 0,
              "Actual Loops": 1,
              "Output": [
                "of.of_id",
                "of.of_data_criacao",
                "of.of_data_acabamento",
                "m.produto_nome",
                "count(fof.faseof_id)"
              ],
              "Group Key": [
                "of.of_id",
                "m.produto_nome"
              ],
              "Planned Partitions": 0,
              "HashAgg Batches": 1,
              "Peak Memory Usage": 217,
              "Disk Usage": 0,
              "Shared Hit Blocks": 0,
              "Shared Read Blocks": 0,
              "Shared Dirtied Blocks": 0,
              "Shared Written Blocks": 0,
              "Local Hit Blocks": 0,
              "Local Read Blocks": 0,
              "Local Dirtied Blocks": 0,
              "Local Written Blocks": 0,
              "Temp Read Blocks": 0,
              "Temp Written Blocks": 0,
              "Plans": [
                {
                  "Node Type": "Hash Join",
                  "Parent Relationship": "Outer",
                  "Parallel Aware": false,
                  "Async Capable": false,
                  "Join Type": "Left",
                  "Startup Cost": 32.03,
                  "Total Cost": 1032.78,
                  "Plan Rows": 4867,
                  "Plan Width": 768,
                  "Actual Startup Time": 0.022,
                  "Actual Total Time": 0.026,
                  "Actual Rows": 0,
                  "Actual Loops": 1,
                  "Output": [
                    "of.of_id",
                    "m.produto_nome",
                    "of.of_data_criacao",
                    "of.of_data_acabamento",
                    "fof.faseof_id"
                  ],
                  "Inner Unique": true,
                  "Hash Cond": "(of.of_produto_id = m.produto_id)",
                  "Shared Hit Blocks": 0,
                  "Shared Read Blocks": 0,
                  "Shared Dirtied Blocks": 0,
                  "Shared Written Blocks": 0,
                  "Local Hit Blocks": 0,
                  "Local Read Blocks": 0,
                  "Local Dirtied Blocks": 0,
                  "Local Written Blocks": 0,
                  "Temp Read Blocks": 0,
                  "Temp Written Blocks": 0,
                  "Plans": [
                    {
                      "Node Type": "Hash Join",
                      "Parent Relationship": "Outer",
                      "Parallel Aware": false,
                      "Async Capable": false,
                      "Join Type": "Right",
                      "Startup Cost": 19.1,
                      "Total Cost": 1006.81,
                      "Plan Rows": 4867,
                      "Plan Width": 256,
                      "Actual Startup Time": 0.022,
                      "Actual Total Time": 0.025,
                      "Actual Rows": 0,
                      "Actual Loops": 1,
                      "Output": [
                        "of.of_id",
                        "of.of_data_criacao",
                        "of.of_data_acabamento",
                        "of.of_produto_id",
                        "fof.faseof_id"
                      ],
                      "Inner Unique": true,
                      "Hash Cond": "((fof.faseof_of_id)::text = (of.of_id)::text)",
                      "Shared Hit Blocks": 0,
                      "Shared Read Blocks": 0,
                      "Shared Dirtied Blocks": 0,
                      "Shared Written Blocks": 0,
                      "Local Hit Blocks": 0,
                      "Local Read Blocks": 0,
                      "Local Dirtied Blocks": 0,
                      "Local Written Blocks": 0,
                      "Temp Read Blocks": 0,
                      "Temp Written Blocks": 0,
                      "Plans": [
                        {
                          "Node Type": "Append",
                          "Parent Relationship": "Outer",
                          "Parallel Aware": false,
                          "Async Capable": false,
                          "Startup Cost": 0.0,
                          "Total Cost": 949.0,
                          "Plan Rows": 14600,
                          "Plan Width": 236,
                          "Actual Startup Time": 0.0,
                          "Actual Total Time": 0.0,
                          "Actual Rows": 0,
                          "Actual Loops": 0,
                          "Shared Hit Blocks": 0,
                          "Shared Read Blocks": 0,
                          "Shared Dirtied Blocks": 0,
                          "Shared Written Blocks": 0,
                          "Local Hit Blocks": 0,
                          "Local Read Blocks": 0,
                          "Local Dirtied Blocks": 0,
                          "Local Written Blocks": 0,
                          "Temp Read Blocks": 0,
                          "Temp Written Blocks": 0,
                          "Subplans Removed": 0,
                          "Plans": [
                            {
                              "Node Type": "Seq Scan",
                              "Parent Relationship": "Member",
                              "Parallel Aware": false,
                              "Async Capable": false,
                              "Relation Name": "fases_ordem_fabrico_p_2020_01",
                              "Schema": "public",
                              "Alias": "fof_1",
                              "Startup Cost": 0.0,
                              "Total Cost": 12.0,
                              "Plan Rows": 200,
                              "Plan Width": 236,
                              "Actual Startup Time": 0.0,
                              "Actual Total Time": 0.0,
                              "Actual Rows": 0,
                              "Actual Loops": 0,
                              "Output": [
                                "fof_1.faseof_id",
                                "fof_1.faseof_of_id"
                              ],
                              "Shared Hit Blocks": 0,
                              "Shared Read Blocks": 0,
                              "Shared Dirtied Blocks": 0,
                              "Shared Written Blocks": 0,
                              "Local Hit Blocks": 0,
                              "Local Read Blocks": 0,
                              "Local Dirtied Blocks": 0,
                              "Local Written Blocks": 0,
                              "Temp Read Blocks": 0,
                              "Temp Written Blocks": 0
                            },
                            {
                              "Node Type": "Seq Scan",
                              "Parent Relationship": "Member",
                              "Parallel Aware": false,
                              "Async Capable": false,
                              "Relation Name": "fases_ordem_fabrico_p_2020_02",
                              "Schema": "public",
                              "Alias": "fof_2",
                              "Startup Cost": 0.0,
                              "Total Cost": 12.0,
                              "Plan Rows": 200,
                              "Plan Width": 236,
                              "Actual Startup Time": 0.0,
                              "Actual Total Time": 0.0,
                              "Actual Rows": 0,
                              "Actual Loops": 0,
                              "Output": [
                                "fof_2.faseof_id",
                                "fof_2.faseof_of_id"
                              ],
                              "Shared Hit Blocks": 0,
                              "Shared Read Blocks": 0,
                              "Shared Dirtied Blocks": 0,
                              "Shared Written Blocks": 0,
                              "Local Hit Blocks": 0,
                              "Local Read Blocks": 0,
                              "Local Dirtied Blocks": 0,
                              "Local Written Blocks": 0,
                              "Temp Read Blocks": 0,
                              "Temp Written Blocks": 0
                            },
                            {
                              "Node Type": "Seq Scan",
                              "Parent Relationship": "Member",
                              "Parallel Aware": false,
                              "Async Capable": false,
                              "Relation Name": "fases_ordem_fabrico_p_2020_03",
                              "Schema": "public",
                              "Alias": "fof_3",
                              "Startup Cost": 0.0,
                              "Total Cost": 12.0,
                              "Plan Rows": 200,
                              "Plan Width": 236,
                              "Actual Startup Time": 0.0,
                              "Actual Total Time": 0.0,
                              "Actual Rows": 0,
                              "Actual Loops": 0,
                              "Output": [
                                "fof_3.faseof_id",
                                "fof_3.faseof_of_id"
                              ],
                              "Shared Hit Blocks": 0,
                              "Shared Read Blocks": 0,
                              "Shared Dirtied Blocks": 0,
                              "Shared Written Blocks": 0,
                              "Local Hit Blocks": 0,
                              "Local Read Blocks": 0,
                              "Local Dirtied Blocks": 0,
                              "Local Written Blocks": 0,
                              "Temp Read Blocks": 0,
                              "Temp Written Blocks": 0
                            },
                            {
                              "Node Type": "Seq Scan",
                              "Parent Relationship": "Member",
                              "Parallel Aware": false,
                              "Async Capable": false,
                              "Relation Name": "fases_ordem_fabrico_p_2020_04",
                              "Schema": "public",
                              "Alias": "fof_4",
                              "Startup Cost": 0.0,
                              "Total Cost": 12.0,
                              "Plan Rows": 200,
                              "Plan Width": 236,
                              "Actual Startup Time": 0.0,
                              "Actual Total Time": 0.0,
                              "Actual Rows": 0,
                              "Actual Loops": 0,
                              "Output": [
                                "fof_4.faseof_id",
                                "fof_4.faseof_of_id"
                              ],
                              "Shared Hit Blocks": 0,
                              "Shared Read Blocks": 0,
                              "Shared Dirtied Blocks": 0,
                              "Shared Written Blocks": 0,
                              "Local Hit Blocks": 0,
                              "Local Read Blocks": 0,
                              "Local Dirtied Blocks": 0,
                              "Local Written Blocks": 0,
                              "Temp Read Blocks": 0,
                              "Temp Written Blocks": 0
                            },
                            {
                              "Node Type": "Seq Scan",
                              "Parent Relationship": "Member",
                              "Parallel Aware": false,
                              "Async Capable": false,
                              "Relation Name": "fases_ordem_fabrico_p_2020_05",
                              "Schema": "public",
                              "Alias": "fof_5",
                              "Startup Cost": 0.0,
                              "Total Cost": 12.0,
                              "Plan Rows": 200,
                              "Plan Width": 236,
                              "Actual Startup Time": 0.0,
                              "Actual Total Time": 0.0,
                              "Actual Rows": 0,
                              "Actual Loops": 0,
                              "Output": [
                                "fof_5.faseof_id",
                                "fof_5.faseof_of_id"
                              ],
                              "Shared Hit Blocks": 0,
                              "Shared Read Blocks": 0,
                              "Shared Dirtied Blocks": 0,
                              "Shared Written Blocks": 0,
                              "Local Hit Blocks": 0,
                              "Local Read Blocks": 0,
                              "Local Dirtied Blocks": 0,
                              "Local Written Blocks": 0,
                              "Temp Read Blocks": 0,
                              "Temp Written Blocks": 0
                            },
                            {
                              "Node Type": "Seq Scan",
                              "Parent Relationship": "Member",
                              "Parallel Aware": false,
                              "Async Capable": false,
                              "Relation Name": "fases_ordem_fabrico_p_2020_06",
                              "Schema": "public",
                              "Alias": "fof_6",
                              "Startup Cost": 0.0,
                              "Total Cost": 12.0,
                              "Plan Rows": 200,
                              "Plan Width": 236,
                              "Actual Startup Time": 0.0,
                              "Actual Total Time": 0.0,
                              "Actual Rows": 0,
                              "Actual Loops": 0,
                              "Output": [
                                "fof_6.faseof_id",
                                "fof_6.faseof_of_id"
                              ],
                              "Shared Hit Blocks": 0,
                              "Shared Read Blocks": 0,
                              "Shared Dirtied Blocks": 0,
                              "Shared Written Blocks": 0,
                              "Local Hit Blocks": 0,
                              "Local Read Blocks": 0,
                              "Local Dirtied Blocks": 0,
                              "Local Written Blocks": 0,
                              "Temp Read Blocks": 0,
                              "Temp Written Blocks": 0
                            },
                            {
                              "Node Type": "Seq Scan",
                              "Parent Relationship": "Member",
                              "Parallel Aware": false,
                              "Async Capable": false,
                              "Relation Name": "fases_ordem_fabrico_p_2020_07",
                              "Schema": "public",
                              "Alias": "fof_7",
                              "Startup Cost": 0.0,
                              "Total Cost": 12.0,
                              "Plan Rows": 200,
                              "Plan Width": 236,
                              "Actual Startup Time": 0.0,
                              "Actual Total Time": 0.0,
                              "Actual Rows": 0,
                              "Actual Loops": 0,
                              "Output": [
                                "fof_7.faseof_id",
                                "fof_7.faseof_of_id"
                              ],
                              "Shared Hit Blocks": 0,
                              "Shared Read Blocks": 0,
                              "Shared Dirtied Blocks": 0,
                              "Shared Written Blocks": 0,
                              "Local Hit Blocks": 0,
                              "Local Read Blocks": 0,
                              "Local Dirtied Blocks": 0,
                              "Local Written Blocks": 0,
                              "Temp Read Blocks": 0,
                              "Temp Written Blocks": 0
                            },
                            {
                              "Node Type": "Seq Scan",
                              "Parent Relationship": "Member",
                              "Parallel Aware": false,
                              "Async Capable": false,
                              "Relation Name": "fases_ordem_fabrico_p_2020_08",
                              "Schema": "public",
                              "Alias": "fof_8",
                              "Startup Cost": 0.0,
                              "Total Cost": 12.0,
                              "Plan Rows": 200,
                              "Plan Width": 236,
                              "Actual Startup Time": 0.0,
                              "Actual Total Time": 0.0,
                              "Actual Rows": 0,
                              "Actual Loops": 0,
                              "Output": [
                                "fof_8.faseof_id",
                                "fof_8.faseof_of_id"
                              ],
                              "Shared Hit Blocks": 0,
                              "Shared Read Blocks": 0,
                              "Shared Dirtied Blocks": 0,
                              "Shared Written Blocks": 0,
                              "Local Hit Blocks": 0,
                              "Local Read Blocks": 0,
                              "Local Dirtied Blocks": 0,
                              "Local Written Blocks": 0,
                              "Temp Read Blocks": 0,
                              "Temp Written Blocks": 0
                            },
                            {
                              "Node Type": "Seq Scan",
                              "Parent Relationship": "Member",
                              "Parallel Aware": false,
                              "Async Capable": false,
                              "Relation Name": "fases_ordem_fabrico_p_2020_09",
                              "Schema": "public",
                              "Alias": "fof_9",
                              "Startup Cost": 0.0,
                              "Total Cost": 12.0,
                              "Plan Rows": 200,
                              "Plan Width": 236,
                              "Actual Startup Time": 0.0,
                              "Actual Total Time": 0.0,
                              "Actual Rows": 0,
                              "Actual Loops": 0,
                              "Output": [
                                "fof_9.faseof_id",
                                "fof_9.faseof_of_id"
                              ],
                              "Shared Hit Blocks": 0,
                              "Shared Read Blocks": 0,
                              "Shared Dirtied Blocks": 0,
                              "Shared Written Blocks": 0,
                              "Local Hit Blocks": 0,
                              "Local Read Blocks": 0,
                              "Local Dirtied Blocks": 0,
                              "Local Written Blocks": 0,
                              "Temp Read Blocks": 0,
                              "Temp Written Blocks": 0
                            },
                            {
                              "Node Type": "Seq Scan",
                              "Parent Relationship": "Member",
                              "Parallel Aware": false,
                              "Async Capable": false,
                              "Relation Name": "fases_ordem_fabrico_p_2020_10",
                              "Schema": "public",
                              "Alias": "fof_10",
                              "Startup Cost": 0.0,
                              "Total Cost": 12.0,
                              "Plan Rows": 200,
                              "Plan Width": 236,
                              "Actual Startup Time": 0.0,
                              "Actual Total Time": 0.0,
                              "Actual Rows": 0,
                              "Actual Loops": 0,
                              "Output": [
                                "fof_10.faseof_id",
                                "fof_10.faseof_of_id"
                              ],
                              "Shared Hit Blocks": 0,
                              "Shared Read Blocks": 0,
                              "Shared Dirtied Blocks": 0,
                              "Shared Written Blocks": 0,
                              "Local Hit Blocks": 0,
                              "Local Read Blocks": 0,
                              "Local Dirtied Blocks": 0,
                              "Local Written Blocks": 0,
                              "Temp Read Blocks": 0,
                              "Temp Written Blocks": 0
                            },
                            {
                              "Node Type": "Seq Scan",
                              "Parent Relationship": "Member",
                              "Parallel Aware": false,
                              "Async Capable": false,
                              "Relation Name": "fases_ordem_fabrico_p_2020_11",
                              "Schema": "public",
                              "Alias": "fof_11",
                              "Startup Cost": 0.0,
                              "Total Cost": 12.0,
                              "Plan Rows": 200,
                              "Plan Width": 236,
                              "Actual Startup Time": 0.0,
                              "Actual Total Time": 0.0,
                              "Actual Rows": 0,
                              "Actual Loops": 0,
                              "Output": [
                                "fof_11.faseof_id",
                                "fof_11.faseof_of_id"
                              ],
                              "Shared Hit Blocks": 0,
                              "Shared Read Blocks": 0,
                              "Shared Dirtied Blocks": 0,
                              "Shared Written Blocks": 0,
                              "Local Hit Blocks": 0,
                              "Local Read Blocks": 0,
                              "Local Dirtied Blocks": 0,
                              "Local Written Blocks": 0,
                              "Temp Read Blocks": 0,
                              "Temp Written Blocks": 0
                            },
                            {
                              "Node Type": "Seq Scan",
                              "Parent Relationship": "Member",
                              "Parallel Aware": false,
                              "Async Capable": false,
                              "Relation Name": "fases_ordem_fabrico_p_2020_12",
                              "Schema": "public",
                              "Alias": "fof_12",
                              "Startup Cost": 0.0,
                              "Total Cost": 12.0,
                              "Plan Rows": 200,
                              "Plan Width": 236,
                              "Actual Startup Time": 0.0,
                              "Actual Total Time": 0.0,
                              "Actual Rows": 0,
                              "Actual Loops": 0,
                              "Output": [
                                "fof_12.faseof_id",
                                "fof_12.faseof_of_id"
                              ],
                              "Shared Hit Blocks": 0,
                              "Shared Read Blocks": 0,
                              "Shared Dirtied Blocks": 0,
                              "Shared Written Blocks": 0,
                              "Local Hit Blocks": 0,
                              "Local Read Blocks": 0,
                              "Local Dirtied Blocks": 0,
                              "Local Written Blocks": 0,
                              "Temp Read Blocks": 0,
                              "Temp Written Blocks": 0
                            },
                            {
                              "Node Type": "Seq Scan",
                              "Parent Relationship": "Member",
                              "Parallel Aware": false,
                              "Async Capable": false,
                              "Relation Name": "fases_ordem_fabrico_p_2021_01",
                              "Schema": "public",
                              "Alias": "fof_13",
                              "Startup Cost": 0.0,
                              "Total Cost": 12.0,
                              "Plan Rows": 200,
                              "Plan Width": 236,
                              "Actual Startup Time": 0.0,
                              "Actual Total Time": 0.0,
                              "Actual Rows": 0,
                              "Actual Loops": 0,
                              "Output": [
                                "fof_13.faseof_id",
                                "fof_13.faseof_of_id"
                              ],
                              "Shared Hit Blocks": 0,
                              "Shared Read Blocks": 0,
                              "Shared Dirtied Blocks": 0,
                              "Shared Written Blocks": 0,
                              "Local Hit Blocks": 0,
                              "Local Read Blocks": 0,
                              "Local Dirtied Blocks": 0,
                              "Local Written Blocks": 0,
                              "Temp Read Blocks": 0,
                              "Temp Written Blocks": 0
                            },
                            {
                              "Node Type": "Seq Scan",
                              "Parent Relationship": "Member",
                              "Parallel Aware": false,
                              "Async Capable": false,
                              "Relation Name": "fases_ordem_fabrico_p_2021_02",
                              "Schema": "public",
                              "Alias": "fof_14",
                              "Startup Cost": 0.0,
                              "Total Cost": 12.0,
                              "Plan Rows": 200,
                              "Plan Width": 236,
                              "Actual Startup Time": 0.0,
                              "Actual Total Time": 0.0,
                              "Actual Rows": 0,
                              "Actual Loops": 0,
                              "Output": [
                                "fof_14.faseof_id",
                                "fof_14.faseof_of_id"
                              ],
                              "Shared Hit Blocks": 0,
                              "Shared Read Blocks": 0,
                              "Shared Dirtied Blocks": 0,
                              "Shared Written Blocks": 0,
                              "Local Hit Blocks": 0,
                              "Local Read Blocks": 0,
                              "Local Dirtied Blocks": 0,
                              "Local Written Blocks": 0,
                              "Temp Read Blocks": 0,
                              "Temp Written Blocks": 0
                            },
                            {
                              "Node Type": "Seq Scan",
                              "Parent Relationship": "Member",
                              "Parallel Aware": false,
                              "Async Capable": false,
                              "Relation Name": "fases_ordem_fabrico_p_2021_03",
                              "Schema": "public",
                              "Alias": "fof_15",
                              "Startup Cost": 0.0,
                              "Total Cost": 12.0,
                              "Plan Rows": 200,
                              "Plan Width": 236,
                              "Actual Startup Time": 0.0,
                              "Actual Total Time": 0.0,
                              "Actual Rows": 0,
                              "Actual Loops": 0,
                              "Output": [
                                "fof_15.faseof_id",
                                "fof_15.faseof_of_id"
                              ],
                              "Shared Hit Blocks": 0,
                              "Shared Read Blocks": 0,
                              "Shared Dirtied Blocks": 0,
                              "Shared Written Blocks": 0,
                              "Local Hit Blocks": 0,
                              "Local Read Blocks": 0,
                              "Local Dirtied Blocks": 0,
                              "Local Written Blocks": 0,
                              "Temp Read Blocks": 0,
                              "Temp Written Blocks": 0
                            },
                            {
                              "Node Type": "Seq Scan",
                              "Parent Relationship": "Member",
                              "Parallel Aware": false,
                              "Async Capable": false,
                              "Relation Name": "fases_ordem_fabrico_p_2021_04",
                              "Schema": "public",
                              "Alias": "fof_16",
                              "Startup Cost": 0.0,
                              "Total Cost": 12.0,
                              "Plan Rows": 200,
                              "Plan Width": 236,
                              "Actual Startup Time": 0.0,
                              "Actual Total Time": 0.0,
                              "Actual Rows": 0,
                              "Actual Loops": 0,
                              "Output": [
                                "fof_16.faseof_id",
                                "fof_16.faseof_of_id"
                              ],
                              "Shared Hit Blocks": 0,
                              "Shared Read Blocks": 0,
                              "Shared Dirtied Blocks": 0,
                              "Shared Written Blocks": 0,
                              "Local Hit Blocks": 0,
                              "Local Read Blocks": 0,
                              "Local Dirtied Blocks": 0,
                              "Local Written Blocks": 0,
                              "Temp Read Blocks": 0,
                              "Temp Written Blocks": 0
                            },
                            {
                              "Node Type": "Seq Scan",
                              "Parent Relationship": "Member",
                              "Parallel Aware": false,
                              "Async Capable": false,
                              "Relation Name": "fases_ordem_fabrico_p_2021_05",
                              "Schema": "public",
                              "Alias": "fof_17",
                              "Startup Cost": 0.0,
                              "Total Cost": 12.0,
                              "Plan Rows": 200,
                              "Plan Width": 236,
                              "Actual Startup Time": 0.0,
                              "Actual Total Time": 0.0,
                              "Actual Rows": 0,
                              "Actual Loops": 0,
                              "Output": [
                                "fof_17.faseof_id",
                                "fof_17.faseof_of_id"
                              ],
                              "Shared Hit Blocks": 0,
                              "Shared Read Blocks": 0,
                              "Shared Dirtied Blocks": 0,
                              "Shared Written Blocks": 0,
                              "Local Hit Blocks": 0,
                              "Local Read Blocks": 0,
                              "Local Dirtied Blocks": 0,
                              "Local Written Blocks": 0,
                              "Temp Read Blocks": 0,
                              "Temp Written Blocks": 0
                            },
                            {
                              "Node Type": "Seq Scan",
                              "Parent Relationship": "Member",
                              "Parallel Aware": false,
                              "Async Capable": false,
                              "Relation Name": "fases_ordem_fabrico_p_2021_06",
                              "Schema": "public",
                              "Alias": "fof_18",
                              "Startup Cost": 0.0,
                              "Total Cost": 12.0,
                              "Plan Rows": 200,
                              "Plan Width": 236,
                              "Actual Startup Time": 0.0,
                              "Actual Total Time": 0.0,
                              "Actual Rows": 0,
                              "Actual Loops": 0,
                              "Output": [
                                "fof_18.faseof_id",
                                "fof_18.faseof_of_id"
                              ],
                              "Shared Hit Blocks": 0,
                              "Shared Read Blocks": 0,
                              "Shared Dirtied Blocks": 0,
                              "Shared Written Blocks": 0,
                              "Local Hit Blocks": 0,
                              "Local Read Blocks": 0,
                              "Local Dirtied Blocks": 0,
                              "Local Written Blocks": 0,
                              "Temp Read Blocks": 0,
                              "Temp Written Blocks": 0
                            },
                            {
                              "Node Type": "Seq Scan",
                              "Parent Relationship": "Member",
                              "Parallel Aware": false,
                              "Async Capable": false,
                              "Relation Name": "fases_ordem_fabrico_p_2021_07",
                              "Schema": "public",
                              "Alias": "fof_19",
                              "Startup Cost": 0.0,
                              "Total Cost": 12.0,
                              "Plan Rows": 200,
                              "Plan Width": 236,
                              "Actual Startup Time": 0.0,
                              "Actual Total Time": 0.0,
                              "Actual Rows": 0,
                              "Actual Loops": 0,
                              "Output": [
                                "fof_19.faseof_id",
                                "fof_19.faseof_of_id"
                              ],
                              "Shared Hit Blocks": 0,
                              "Shared Read Blocks": 0,
                              "Shared Dirtied Blocks": 0,
                              "Shared Written Blocks": 0,
                              "Local Hit Blocks": 0,
                              "Local Read Blocks": 0,
                              "Local Dirtied Blocks": 0,
                              "Local Written Blocks": 0,
                              "Temp Read Blocks": 0,
                              "Temp Written Blocks": 0
                            },
                            {
                              "Node Type": "Seq Scan",
                              "Parent Relationship": "Member",
                              "Parallel Aware": false,
                              "Async Capable": false,
                              "Relation Name": "fases_ordem_fabrico_p_2021_08",
                              "Schema": "public",
                              "Alias": "fof_20",
                              "Startup Cost": 0.0,
                              "Total Cost": 12.0,
                              "Plan Rows": 200,
                              "Plan Width": 236,
                              "Actual Startup Time": 0.0,
                              "Actual Total Time": 0.0,
                              "Actual Rows": 0,
                              "Actual Loops": 0,
                              "Output": [
                                "fof_20.faseof_id",
                                "fof_20.faseof_of_id"
                              ],
                              "Shared Hit Blocks": 0,
                              "Shared Read Blocks": 0,
                              "Shared Dirtied Blocks": 0,
                              "Shared Written Blocks": 0,
                              "Local Hit Blocks": 0,
                              "Local Read Blocks": 0,
                              "Local Dirtied Blocks": 0,
                              "Local Written Blocks": 0,
                              "Temp Read Blocks": 0,
                              "Temp Written Blocks": 0
                            },
                            {
                              "Node Type": "Seq Scan",
                              "Parent Relationship": "Member",
                              "Parallel Aware": false,
                              "Async Capable": false,
                              "Relation Name": "fases_ordem_fabrico_p_2021_09",
                              "Schema": "public",
                              "Alias": "fof_21",
                              "Startup Cost": 0.0,
                              "Total Cost": 12.0,
                              "Plan Rows": 200,
                              "Plan Width": 236,
                              "Actual Startup Time": 0.0,
                              "Actual Total Time": 0.0,
                              "Actual Rows": 0,
                              "Actual Loops": 0,
                              "Output": [
                                "fof_21.faseof_id",
                                "fof_21.faseof_of_id"
                              ],
                              "Shared Hit Blocks": 0,
                              "Shared Read Blocks": 0,
                              "Shared Dirtied Blocks": 0,
                              "Shared Written Blocks": 0,
                              "Local Hit Blocks": 0,
                              "Local Read Blocks": 0,
                              "Local Dirtied Blocks": 0,
                              "Local Written Blocks": 0,
                              "Temp Read Blocks": 0,
                              "Temp Written Blocks": 0
                            },
                            {
                              "Node Type": "Seq Scan",
                              "Parent Relationship": "Member",
                              "Parallel Aware": false,
                              "Async Capable": false,
                              "Relation Name": "fases_ordem_fabrico_p_2021_10",
                              "Schema": "public",
                              "Alias": "fof_22",
                              "Startup Cost": 0.0,
                              "Total Cost": 12.0,
                              "Plan Rows": 200,
                              "Plan Width": 236,
                              "Actual Startup Time": 0.0,
                              "Actual Total Time": 0.0,
                              "Actual Rows": 0,
                              "Actual Loops": 0,
                              "Output": [
                                "fof_22.faseof_id",
                                "fof_22.faseof_of_id"
                              ],
                              "Shared Hit Blocks": 0,
                              "Shared Read Blocks": 0,
                              "Shared Dirtied Blocks": 0,
                              "Shared Written Blocks": 0,
                              "Local Hit Blocks": 0,
                              "Local Read Blocks": 0,
                              "Local Dirtied Blocks": 0,
                              "Local Written Blocks": 0,
                              "Temp Read Blocks": 0,
                              "Temp Written Blocks": 0
                            },
                            {
                              "Node Type": "Seq Scan",
                              "Parent Relationship": "Member",
                              "Parallel Aware": false,
                              "Async Capable": false,
                              "Relation Name": "fases_ordem_fabrico_p_2021_11",
                              "Schema": "public",
                              "Alias": "fof_23",
                              "Startup Cost": 0.0,
                              "Total Cost": 12.0,
                              "Plan Rows": 200,
                              "Plan Width": 236,
                              "Actual Startup Time": 0.0,
                              "Actual Total Time": 0.0,
                              "Actual Rows": 0,
                              "Actual Loops": 0,
                              "Output": [
                                "fof_23.faseof_id",
                                "fof_23.faseof_of_id"
                              ],
                              "Shared Hit Blocks": 0,
                              "Shared Read Blocks": 0,
                              "Shared Dirtied Blocks": 0,
                              "Shared Written Blocks": 0,
                              "Local Hit Blocks": 0,
                              "Local Read Blocks": 0,
                              "Local Dirtied Blocks": 0,
                              "Local Written Blocks": 0,
                              "Temp Read Blocks": 0,
                              "Temp Written Blocks": 0
                            },
                            {
                              "Node Type": "Seq Scan",
                              "Parent Relationship": "Member",
                              "Parallel Aware": false,
                              "Async Capable": false,
                              "Relation Name": "fases_ordem_fabrico_p_2021_12",
                              "Schema": "public",
                              "Alias": "fof_24",
                              "Startup Cost": 0.0,
                              "Total Cost": 12.0,
                              "Plan Rows": 200,
                              "Plan Width": 236,
                              "Actual Startup Time": 0.0,
                              "Actual Total Time": 0.0,
                              "Actual Rows": 0,
                              "Actual Loops": 0,
                              "Output": [
                                "fof_24.faseof_id",
                                "fof_24.faseof_of_id"
                              ],
                              "Shared Hit Blocks": 0,
                              "Shared Read Blocks": 0,
                              "Shared Dirtied Blocks": 0,
                              "Shared Written Blocks": 0,
                              "Local Hit Blocks": 0,
                              "Local Read Blocks": 0,
                              "Local Dirtied Blocks": 0,
                              "Local Written Blocks": 0,
                              "Temp Read Blocks": 0,
                              "Temp Written Blocks": 0
                            },
                            {
                              "Node Type": "Seq Scan",
                              "Parent Relationship": "Member",
                              "Parallel Aware": false,
                              "Async Capable": false,
                              "Relation Name": "fases_ordem_fabrico_p_2022_01",
                              "Schema": "public",
                              "Alias": "fof_25",
                              "Startup Cost": 0.0,
                              "Total Cost": 12.0,
                              "Plan Rows": 200,
                              "Plan Width": 236,
                              "Actual Startup Time": 0.0,
                              "Actual Total Time": 0.0,
                              "Actual Rows": 0,
                              "Actual Loops": 0,
                              "Output": [
                                "fof_25.faseof_id",
                                "fof_25.faseof_of_id"
                              ],
                              "Shared Hit Blocks": 0,
                              "Shared Read Blocks": 0,
                              "Shared Dirtied Blocks": 0,
                              "Shared Written Blocks": 0,
                              "Local Hit Blocks": 0,
                              "Local Read Blocks": 0,
                              "Local Dirtied Blocks": 0,
                              "Local Written Blocks": 0,
                              "Temp Read Blocks": 0,
                              "Temp Written Blocks": 0
                            },
                            {
                              "Node Type": "Seq Scan",
                              "Parent Relationship": "Member",
                              "Parallel Aware": false,
                              "Async Capable": false,
                              "Relation Name": "fases_ordem_fabrico_p_2022_02",
                              "Schema": "public",
                              "Alias": "fof_26",
                              "Startup Cost": 0.0,
                              "Total Cost": 12.0,
                              "Plan Rows": 200,
                              "Plan Width": 236,
                              "Actual Startup Time": 0.0,
                              "Actual Total Time": 0.0,
                              "Actual Rows": 0,
                              "Actual Loops": 0,
                              "Output": [
                                "fof_26.faseof_id",
                                "fof_26.faseof_of_id"
                              ],
                              "Shared Hit Blocks": 0,
                              "Shared Read Blocks": 0,
                              "Shared Dirtied Blocks": 0,
                              "Shared Written Blocks": 0,
                              "Local Hit Blocks": 0,
                              "Local Read Blocks": 0,
                              "Local Dirtied Blocks": 0,
                              "Local Written Blocks": 0,
                              "Temp Read Blocks": 0,
                              "Temp Written Blocks": 0
                            },
                            {
                              "Node Type": "Seq Scan",
                              "Parent Relationship": "Member",
                              "Parallel Aware": false,
                              "Async Capable": false,
                              "Relation Name": "fases_ordem_fabrico_p_2022_03",
                              "Schema": "public",
                              "Alias": "fof_27",
                              "Startup Cost": 0.0,
                              "Total Cost": 12.0,
                              "Plan Rows": 200,
                              "Plan Width": 236,
                              "Actual Startup Time": 0.0,
                              "Actual Total Time": 0.0,
                              "Actual Rows": 0,
                              "Actual Loops": 0,
                              "Output": [
                                "fof_27.faseof_id",
                                "fof_27.faseof_of_id"
                              ],
                              "Shared Hit Blocks": 0,
                              "Shared Read Blocks": 0,
                              "Shared Dirtied Blocks": 0,
                              "Shared Written Blocks": 0,
                              "Local Hit Blocks": 0,
                              "Local Read Blocks": 0,
                              "Local Dirtied Blocks": 0,
                              "Local Written Blocks": 0,
                              "Temp Read Blocks": 0,
                              "Temp Written Blocks": 0
                            },
                            {
                              "Node Type": "Seq Scan",
                              "Parent Relationship": "Member",
                              "Parallel Aware": false,
                              "Async Capable": false,
                              "Relation Name": "fases_ordem_fabrico_p_2022_04",
                              "Schema": "public",
                              "Alias": "fof_28",
                              "Startup Cost": 0.0,
                              "Total Cost": 12.0,
                              "Plan Rows": 200,
                              "Plan Width": 236,
                              "Actual Startup Time": 0.0,
                              "Actual Total Time": 0.0,
                              "Actual Rows": 0,
                              "Actual Loops": 0,
                              "Output": [
                                "fof_28.faseof_id",
                                "fof_28.faseof_of_id"
                              ],
                              "Shared Hit Blocks": 0,
                              "Shared Read Blocks": 0,
                              "Shared Dirtied Blocks": 0,
                              "Shared Written Blocks": 0,
                              "Local Hit Blocks": 0,
                              "Local Read Blocks": 0,
                              "Local Dirtied Blocks": 0,
                              "Local Written Blocks": 0,
                              "Temp Read Blocks": 0,
                              "Temp Written Blocks": 0
                            },
                            {
                              "Node Type": "Seq Scan",
                              "Parent Relationship": "Member",
                              "Parallel Aware": false,
                              "Async Capable": false,
                              "Relation Name": "fases_ordem_fabrico_p_2022_05",
                              "Schema": "public",
                              "Alias": "fof_29",
                              "Startup Cost": 0.0,
                              "Total Cost": 12.0,
                              "Plan Rows": 200,
                              "Plan Width": 236,
                              "Actual Startup Time": 0.0,
                              "Actual Total Time": 0.0,
                              "Actual Rows": 0,
                              "Actual Loops": 0,
                              "Output": [
                                "fof_29.faseof_id",
                                "fof_29.faseof_of_id"
                              ],
                              "Shared Hit Blocks": 0,
                              "Shared Read Blocks": 0,
                              "Shared Dirtied Blocks": 0,
                              "Shared Written Blocks": 0,
                              "Local Hit Blocks": 0,
                              "Local Read Blocks": 0,
                              "Local Dirtied Blocks": 0,
                              "Local Written Blocks": 0,
                              "Temp Read Blocks": 0,
                              "Temp Written Blocks": 0
                            },
                            {
                              "Node Type": "Seq Scan",
                              "Parent Relationship": "Member",
                              "Parallel Aware": false,
                              "Async Capable": false,
                              "Relation Name": "fases_ordem_fabrico_p_2022_06",
                              "Schema": "public",
                              "Alias": "fof_30",
                              "Startup Cost": 0.0,
                              "Total Cost": 12.0,
                              "Plan Rows": 200,
                              "Plan Width": 236,
                              "Actual Startup Time": 0.0,
                              "Actual Total Time": 0.0,
                              "Actual Rows": 0,
                              "Actual Loops": 0,
                              "Output": [
                                "fof_30.faseof_id",
                                "fof_30.faseof_of_id"
                              ],
                              "Shared Hit Blocks": 0,
                              "Shared Read Blocks": 0,
                              "Shared Dirtied Blocks": 0,
                              "Shared Written Blocks": 0,
                              "Local Hit Blocks": 0,
                              "Local Read Blocks": 0,
                              "Local Dirtied Blocks": 0,
                              "Local Written Blocks": 0,
                              "Temp Read Blocks": 0,
                              "Temp Written Blocks": 0
                            },
                            {
                              "Node Type": "Seq Scan",
                              "Parent Relationship": "Member",
                              "Parallel Aware": false,
                              "Async Capable": false,
                              "Relation Name": "fases_ordem_fabrico_p_2022_07",
                              "Schema": "public",
                              "Alias": "fof_31",
                              "Startup Cost": 0.0,
                              "Total Cost": 12.0,
                              "Plan Rows": 200,
                              "Plan Width": 236,
                              "Actual Startup Time": 0.0,
                              "Actual Total Time": 0.0,
                              "Actual Rows": 0,
                              "Actual Loops": 0,
                              "Output": [
                                "fof_31.faseof_id",
                                "fof_31.faseof_of_id"
                              ],
                              "Shared Hit Blocks": 0,
                              "Shared Read Blocks": 0,
                              "Shared Dirtied Blocks": 0,
                              "Shared Written Blocks": 0,
                              "Local Hit Blocks": 0,
                              "Local Read Blocks": 0,
                              "Local Dirtied Blocks": 0,
                              "Local Written Blocks": 0,
                              "Temp Read Blocks": 0,
                              "Temp Written Blocks": 0
                            },
                            {
                              "Node Type": "Seq Scan",
                              "Parent Relationship": "Member",
                              "Parallel Aware": false,
                              "Async Capable": false,
                              "Relation Name": "fases_ordem_fabrico_p_2022_08",
                              "Schema": "public",
                              "Alias": "fof_32",
                              "Startup Cost": 0.0,
                              "Total Cost": 12.0,
                              "Plan Rows": 200,
                              "Plan Width": 236,
                              "Actual Startup Time": 0.0,
                              "Actual Total Time": 0.0,
                              "Actual Rows": 0,
                              "Actual Loops": 0,
                              "Output": [
                                "fof_32.faseof_id",
                                "fof_32.faseof_of_id"
                              ],
                              "Shared Hit Blocks": 0,
                              "Shared Read Blocks": 0,
                              "Shared Dirtied Blocks": 0,
                              "Shared Written Blocks": 0,
                              "Local Hit Blocks": 0,
                              "Local Read Blocks": 0,
                              "Local Dirtied Blocks": 0,
                              "Local Written Blocks": 0,
                              "Temp Read Blocks": 0,
                              "Temp Written Blocks": 0
                            },
                            {
                              "Node Type": "Seq Scan",
                              "Parent Relationship": "Member",
                              "Parallel Aware": false,
                              "Async Capable": false,
                              "Relation Name": "fases_ordem_fabrico_p_2022_09",
                              "Schema": "public",
                              "Alias": "fof_33",
                              "Startup Cost": 0.0,
                              "Total Cost": 12.0,
                              "Plan Rows": 200,
                              "Plan Width": 236,
                              "Actual Startup Time": 0.0,
                              "Actual Total Time": 0.0,
                              "Actual Rows": 0,
                              "Actual Loops": 0,
                              "Output": [
                                "fof_33.faseof_id",
                                "fof_33.faseof_of_id"
                              ],
                              "Shared Hit Blocks": 0,
                              "Shared Read Blocks": 0,
                              "Shared Dirtied Blocks": 0,
                              "Shared Written Blocks": 0,
                              "Local Hit Blocks": 0,
                              "Local Read Blocks": 0,
                              "Local Dirtied Blocks": 0,
                              "Local Written Blocks": 0,
                              "Temp Read Blocks": 0,
                              "Temp Written Blocks": 0
                            },
                            {
                              "Node Type": "Seq Scan",
                              "Parent Relationship": "Member",
                              "Parallel Aware": false,
                              "Async Capable": false,
                              "Relation Name": "fases_ordem_fabrico_p_2022_10",
                              "Schema": "public",
                              "Alias": "fof_34",
                              "Startup Cost": 0.0,
                              "Total Cost": 12.0,
                              "Plan Rows": 200,
                              "Plan Width": 236,
                              "Actual Startup Time": 0.0,
                              "Actual Total Time": 0.0,
                              "Actual Rows": 0,
                              "Actual Loops": 0,
                              "Output": [
                                "fof_34.faseof_id",
                                "fof_34.faseof_of_id"
                              ],
                              "Shared Hit Blocks": 0,
                              "Shared Read Blocks": 0,
                              "Shared Dirtied Blocks": 0,
                              "Shared Written Blocks": 0,
                              "Local Hit Blocks": 0,
                              "Local Read Blocks": 0,
                              "Local Dirtied Blocks": 0,
                              "Local Written Blocks": 0,
                              "Temp Read Blocks": 0,
                              "Temp Written Blocks": 0
                            },
                            {
                              "Node Type": "Seq Scan",
                              "Parent Relationship": "Member",
                              "Parallel Aware": false,
                              "Async Capable": false,
                              "Relation Name": "fases_ordem_fabrico_p_2022_11",
                              "Schema": "public",
                              "Alias": "fof_35",
                              "Startup Cost": 0.0,
                              "Total Cost": 12.0,
                              "Plan Rows": 200,
                              "Plan Width": 236,
                              "Actual Startup Time": 0.0,
                              "Actual Total Time": 0.0,
                              "Actual Rows": 0,
                              "Actual Loops": 0,
                              "Output": [
                                "fof_35.faseof_id",
                                "fof_35.faseof_of_id"
                              ],
                              "Shared Hit Blocks": 0,
                              "Shared Read Blocks": 0,
                              "Shared Dirtied Blocks": 0,
                              "Shared Written Blocks": 0,
                              "Local Hit Blocks": 0,
                              "Local Read Blocks": 0,
                              "Local Dirtied Blocks": 0,
                              "Local Written Blocks": 0,
                              "Temp Read Blocks": 0,
                              "Temp Written Blocks": 0
                            },
                            {
                              "Node Type": "Seq Scan",
                              "Parent Relationship": "Member",
                              "Parallel Aware": false,
                              "Async Capable": false,
                              "Relation Name": "fases_ordem_fabrico_p_2022_12",
                              "Schema": "public",
                              "Alias": "fof_36",
                              "Startup Cost": 0.0,
                              "Total Cost": 12.0,
                              "Plan Rows": 200,
                              "Plan Width": 236,
                              "Actual Startup Time": 0.0,
                              "Actual Total Time": 0.0,
                              "Actual Rows": 0,
                              "Actual Loops": 0,
                              "Output": [
                                "fof_36.faseof_id",
                                "fof_36.faseof_of_id"
                              ],
                              "Shared Hit Blocks": 0,
                              "Shared Read Blocks": 0,
                              "Shared Dirtied Blocks": 0,
                              "Shared Written Blocks": 0,
                              "Local Hit Blocks": 0,
                              "Local Read Blocks": 0,
                              "Local Dirtied Blocks": 0,
                              "Local Written Blocks": 0,
                              "Temp Read Blocks": 0,
                              "Temp Written Blocks": 0
                            },
                            {
                              "Node Type": "Seq Scan",
                              "Parent Relationship": "Member",
                              "Parallel Aware": false,
                              "Async Capable": false,
                              "Relation Name": "fases_ordem_fabrico_p_2023_01",
                              "Schema": "public",
                              "Alias": "fof_37",
                              "Startup Cost": 0.0,
                              "Total Cost": 12.0,
                              "Plan Rows": 200,
                              "Plan Width": 236,
                              "Actual Startup Time": 0.0,
                              "Actual Total Time": 0.0,
                              "Actual Rows": 0,
                              "Actual Loops": 0,
                              "Output": [
                                "fof_37.faseof_id",
                                "fof_37.faseof_of_id"
                              ],
                              "Shared Hit Blocks": 0,
                              "Shared Read Blocks": 0,
                              "Shared Dirtied Blocks": 0,
                              "Shared Written Blocks": 0,
                              "Local Hit Blocks": 0,
                              "Local Read Blocks": 0,
                              "Local Dirtied Blocks": 0,
                              "Local Written Blocks": 0,
                              "Temp Read Blocks": 0,
                              "Temp Written Blocks": 0
                            },
                            {
                              "Node Type": "Seq Scan",
                              "Parent Relationship": "Member",
                              "Parallel Aware": false,
                              "Async Capable": false,
                              "Relation Name": "fases_ordem_fabrico_p_2023_02",
                              "Schema": "public",
                              "Alias": "fof_38",
                              "Startup Cost": 0.0,
                              "Total Cost": 12.0,
                              "Plan Rows": 200,
                              "Plan Width": 236,
                              "Actual Startup Time": 0.0,
                              "Actual Total Time": 0.0,
                              "Actual Rows": 0,
                              "Actual Loops": 0,
                              "Output": [
                                "fof_38.faseof_id",
                                "fof_38.faseof_of_id"
                              ],
                              "Shared Hit Blocks": 0,
                              "Shared Read Blocks": 0,
                              "Shared Dirtied Blocks": 0,
                              "Shared Written Blocks": 0,
                              "Local Hit Blocks": 0,
                              "Local Read Blocks": 0,
                              "Local Dirtied Blocks": 0,
                              "Local Written Blocks": 0,
                              "Temp Read Blocks": 0,
                              "Temp Written Blocks": 0
                            },
                            {
                              "Node Type": "Seq Scan",
                              "Parent Relationship": "Member",
                              "Parallel Aware": false,
                              "Async Capable": false,
                              "Relation Name": "fases_ordem_fabrico_p_2023_03",
                              "Schema": "public",
                              "Alias": "fof_39",
                              "Startup Cost": 0.0,
                              "Total Cost": 12.0,
                              "Plan Rows": 200,
                              "Plan Width": 236,
                              "Actual Startup Time": 0.0,
                              "Actual Total Time": 0.0,
                              "Actual Rows": 0,
                              "Actual Loops": 0,
                              "Output": [
                                "fof_39.faseof_id",
                                "fof_39.faseof_of_id"
                              ],
                              "Shared Hit Blocks": 0,
                              "Shared Read Blocks": 0,
                              "Shared Dirtied Blocks": 0,
                              "Shared Written Blocks": 0,
                              "Local Hit Blocks": 0,
                              "Local Read Blocks": 0,
                              "Local Dirtied Blocks": 0,
                              "Local Written Blocks": 0,
                              "Temp Read Blocks": 0,
                              "Temp Written Blocks": 0
                            },
                            {
                              "Node Type": "Seq Scan",
                              "Parent Relationship": "Member",
                              "Parallel Aware": false,
                              "Async Capable": false,
                              "Relation Name": "fases_ordem_fabrico_p_2023_04",
                              "Schema": "public",
                              "Alias": "fof_40",
                              "Startup Cost": 0.0,
                              "Total Cost": 12.0,
                              "Plan Rows": 200,
                              "Plan Width": 236,
                              "Actual Startup Time": 0.0,
                              "Actual Total Time": 0.0,
                              "Actual Rows": 0,
                              "Actual Loops": 0,
                              "Output": [
                                "fof_40.faseof_id",
                                "fof_40.faseof_of_id"
                              ],
                              "Shared Hit Blocks": 0,
                              "Shared Read Blocks": 0,
                              "Shared Dirtied Blocks": 0,
                              "Shared Written Blocks": 0,
                              "Local Hit Blocks": 0,
                              "Local Read Blocks": 0,
                              "Local Dirtied Blocks": 0,
                              "Local Written Blocks": 0,
                              "Temp Read Blocks": 0,
                              "Temp Written Blocks": 0
                            },
                            {
                              "Node Type": "Seq Scan",
                              "Parent Relationship": "Member",
                              "Parallel Aware": false,
                              "Async Capable": false,
                              "Relation Name": "fases_ordem_fabrico_p_2023_05",
                              "Schema": "public",
                              "Alias": "fof_41",
                              "Startup Cost": 0.0,
                              "Total Cost": 12.0,
                              "Plan Rows": 200,
                              "Plan Width": 236,
                              "Actual Startup Time": 0.0,
                              "Actual Total Time": 0.0,
                              "Actual Rows": 0,
                              "Actual Loops": 0,
                              "Output": [
                                "fof_41.faseof_id",
                                "fof_41.faseof_of_id"
                              ],
                              "Shared Hit Blocks": 0,
                              "Shared Read Blocks": 0,
                              "Shared Dirtied Blocks": 0,
                              "Shared Written Blocks": 0,
                              "Local Hit Blocks": 0,
                              "Local Read Blocks": 0,
                              "Local Dirtied Blocks": 0,
                              "Local Written Blocks": 0,
                              "Temp Read Blocks": 0,
                              "Temp Written Blocks": 0
                            },
                            {
                              "Node Type": "Seq Scan",
                              "Parent Relationship": "Member",
                              "Parallel Aware": false,
                              "Async Capable": false,
                              "Relation Name": "fases_ordem_fabrico_p_2023_06",
                              "Schema": "public",
                              "Alias": "fof_42",
                              "Startup Cost": 0.0,
                              "Total Cost": 12.0,
                              "Plan Rows": 200,
                              "Plan Width": 236,
                              "Actual Startup Time": 0.0,
                              "Actual Total Time": 0.0,
                              "Actual Rows": 0,
                              "Actual Loops": 0,
                              "Output": [
                                "fof_42.faseof_id",
                                "fof_42.faseof_of_id"
                              ],
                              "Shared Hit Blocks": 0,
                              "Shared Read Blocks": 0,
                              "Shared Dirtied Blocks": 0,
                              "Shared Written Blocks": 0,
                              "Local Hit Blocks": 0,
                              "Local Read Blocks": 0,
                              "Local Dirtied Blocks": 0,
                              "Local Written Blocks": 0,
                              "Temp Read Blocks": 0,
                              "Temp Written Blocks": 0
                            },
                            {
                              "Node Type": "Seq Scan",
                              "Parent Relationship": "Member",
                              "Parallel Aware": false,
                              "Async Capable": false,
                              "Relation Name": "fases_ordem_fabrico_p_2023_07",
                              "Schema": "public",
                              "Alias": "fof_43",
                              "Startup Cost": 0.0,
                              "Total Cost": 12.0,
                              "Plan Rows": 200,
                              "Plan Width": 236,
                              "Actual Startup Time": 0.0,
                              "Actual Total Time": 0.0,
                              "Actual Rows": 0,
                              "Actual Loops": 0,
                              "Output": [
                                "fof_43.faseof_id",
                                "fof_43.faseof_of_id"
                              ],
                              "Shared Hit Blocks": 0,
                              "Shared Read Blocks": 0,
                              "Shared Dirtied Blocks": 0,
                              "Shared Written Blocks": 0,
                              "Local Hit Blocks": 0,
                              "Local Read Blocks": 0,
                              "Local Dirtied Blocks": 0,
                              "Local Written Blocks": 0,
                              "Temp Read Blocks": 0,
                              "Temp Written Blocks": 0
                            },
                            {
                              "Node Type": "Seq Scan",
                              "Parent Relationship": "Member",
                              "Parallel Aware": false,
                              "Async Capable": false,
                              "Relation Name": "fases_ordem_fabrico_p_2023_08",
                              "Schema": "public",
                              "Alias": "fof_44",
                              "Startup Cost": 0.0,
                              "Total Cost": 12.0,
                              "Plan Rows": 200,
                              "Plan Width": 236,
                              "Actual Startup Time": 0.0,
                              "Actual Total Time": 0.0,
                              "Actual Rows": 0,
                              "Actual Loops": 0,
                              "Output": [
                                "fof_44.faseof_id",
                                "fof_44.faseof_of_id"
                              ],
                              "Shared Hit Blocks": 0,
                              "Shared Read Blocks": 0,
                              "Shared Dirtied Blocks": 0,
                              "Shared Written Blocks": 0,
                              "Local Hit Blocks": 0,
                              "Local Read Blocks": 0,
                              "Local Dirtied Blocks": 0,
                              "Local Written Blocks": 0,
                              "Temp Read Blocks": 0,
                              "Temp Written Blocks": 0
                            },
                            {
                              "Node Type": "Seq Scan",
                              "Parent Relationship": "Member",
                              "Parallel Aware": false,
                              "Async Capable": false,
                              "Relation Name": "fases_ordem_fabrico_p_2023_09",
                              "Schema": "public",
                              "Alias": "fof_45",
                              "Startup Cost": 0.0,
                              "Total Cost": 12.0,
                              "Plan Rows": 200,
                              "Plan Width": 236,
                              "Actual Startup Time": 0.0,
                              "Actual Total Time": 0.0,
                              "Actual Rows": 0,
                              "Actual Loops": 0,
                              "Output": [
                                "fof_45.faseof_id",
                                "fof_45.faseof_of_id"
                              ],
                              "Shared Hit Blocks": 0,
                              "Shared Read Blocks": 0,
                              "Shared Dirtied Blocks": 0,
                              "Shared Written Blocks": 0,
                              "Local Hit Blocks": 0,
                              "Local Read Blocks": 0,
                              "Local Dirtied Blocks": 0,
                              "Local Written Blocks": 0,
                              "Temp Read Blocks": 0,
                              "Temp Written Blocks": 0
                            },
                            {
                              "Node Type": "Seq Scan",
                              "Parent Relationship": "Member",
                              "Parallel Aware": false,
                              "Async Capable": false,
                              "Relation Name": "fases_ordem_fabrico_p_2023_10",
                              "Schema": "public",
                              "Alias": "fof_46",
                              "Startup Cost": 0.0,
                              "Total Cost": 12.0,
                              "Plan Rows": 200,
                              "Plan Width": 236,
                              "Actual Startup Time": 0.0,
                              "Actual Total Time": 0.0,
                              "Actual Rows": 0,
                              "Actual Loops": 0,
                              "Output": [
                                "fof_46.faseof_id",
                                "fof_46.faseof_of_id"
                              ],
                              "Shared Hit Blocks": 0,
                              "Shared Read Blocks": 0,
                              "Shared Dirtied Blocks": 0,
                              "Shared Written Blocks": 0,
                              "Local Hit Blocks": 0,
                              "Local Read Blocks": 0,
                              "Local Dirtied Blocks": 0,
                              "Local Written Blocks": 0,
                              "Temp Read Blocks": 0,
                              "Temp Written Blocks": 0
                            },
                            {
                              "Node Type": "Seq Scan",
                              "Parent Relationship": "Member",
                              "Parallel Aware": false,
                              "Async Capable": false,
                              "Relation Name": "fases_ordem_fabrico_p_2023_11",
                              "Schema": "public",
                              "Alias": "fof_47",
                              "Startup Cost": 0.0,
                              "Total Cost": 12.0,
                              "Plan Rows": 200,
                              "Plan Width": 236,
                              "Actual Startup Time": 0.0,
                              "Actual Total Time": 0.0,
                              "Actual Rows": 0,
                              "Actual Loops": 0,
                              "Output": [
                                "fof_47.faseof_id",
                                "fof_47.faseof_of_id"
                              ],
                              "Shared Hit Blocks": 0,
                              "Shared Read Blocks": 0,
                              "Shared Dirtied Blocks": 0,
                              "Shared Written Blocks": 0,
                              "Local Hit Blocks": 0,
                              "Local Read Blocks": 0,
                              "Local Dirtied Blocks": 0,
                              "Local Written Blocks": 0,
                              "Temp Read Blocks": 0,
                              "Temp Written Blocks": 0
                            },
                            {
                              "Node Type": "Seq Scan",
                              "Parent Relationship": "Member",
                              "Parallel Aware": false,
                              "Async Capable": false,
                              "Relation Name": "fases_ordem_fabrico_p_2023_12",
                              "Schema": "public",
                              "Alias": "fof_48",
                              "Startup Cost": 0.0,
                              "Total Cost": 12.0,
                              "Plan Rows": 200,
                              "Plan Width": 236,
                              "Actual Startup Time": 0.0,
                              "Actual Total Time": 0.0,
                              "Actual Rows": 0,
                              "Actual Loops": 0,
                              "Output": [
                                "fof_48.faseof_id",
                                "fof_48.faseof_of_id"
                              ],
                              "Shared Hit Blocks": 0,
                              "Shared Read Blocks": 0,
                              "Shared Dirtied Blocks": 0,
                              "Shared Written Blocks": 0,
                              "Local Hit Blocks": 0,
                              "Local Read Blocks": 0,
                              "Local Dirtied Blocks": 0,
                              "Local Written Blocks": 0,
                              "Temp Read Blocks": 0,
                              "Temp Written Blocks": 0
                            },
                            {
                              "Node Type": "Seq Scan",
                              "Parent Relationship": "Member",
                              "Parallel Aware": false,
                              "Async Capable": false,
                              "Relation Name": "fases_ordem_fabrico_p_2024_01",
                              "Schema": "public",
                              "Alias": "fof_49",
                              "Startup Cost": 0.0,
                              "Total Cost": 12.0,
                              "Plan Rows": 200,
                              "Plan Width": 236,
                              "Actual Startup Time": 0.0,
                              "Actual Total Time": 0.0,
                              "Actual Rows": 0,
                              "Actual Loops": 0,
                              "Output": [
                                "fof_49.faseof_id",
                                "fof_49.faseof_of_id"
                              ],
                              "Shared Hit Blocks": 0,
                              "Shared Read Blocks": 0,
                              "Shared Dirtied Blocks": 0,
                              "Shared Written Blocks": 0,
                              "Local Hit Blocks": 0,
                              "Local Read Blocks": 0,
                              "Local Dirtied Blocks": 0,
                              "Local Written Blocks": 0,
                              "Temp Read Blocks": 0,
                              "Temp Written Blocks": 0
                            },
                            {
                              "Node Type": "Seq Scan",
                              "Parent Relationship": "Member",
                              "Parallel Aware": false,
                              "Async Capable": false,
                              "Relation Name": "fases_ordem_fabrico_p_2024_02",
                              "Schema": "public",
                              "Alias": "fof_50",
                              "Startup Cost": 0.0,
                              "Total Cost": 12.0,
                              "Plan Rows": 200,
                              "Plan Width": 236,
                              "Actual Startup Time": 0.0,
                              "Actual Total Time": 0.0,
                              "Actual Rows": 0,
                              "Actual Loops": 0,
                              "Output": [
                                "fof_50.faseof_id",
                                "fof_50.faseof_of_id"
                              ],
                              "Shared Hit Blocks": 0,
                              "Shared Read Blocks": 0,
                              "Shared Dirtied Blocks": 0,
                              "Shared Written Blocks": 0,
                              "Local Hit Blocks": 0,
                              "Local Read Blocks": 0,
                              "Local Dirtied Blocks": 0,
                              "Local Written Blocks": 0,
                              "Temp Read Blocks": 0,
                              "Temp Written Blocks": 0
                            },
                            {
                              "Node Type": "Seq Scan",
                              "Parent Relationship": "Member",
                              "Parallel Aware": false,
                              "Async Capable": false,
                              "Relation Name": "fases_ordem_fabrico_p_2024_03",
                              "Schema": "public",
                              "Alias": "fof_51",
                              "Startup Cost": 0.0,
                              "Total Cost": 12.0,
                              "Plan Rows": 200,
                              "Plan Width": 236,
                              "Actual Startup Time": 0.0,
                              "Actual Total Time": 0.0,
                              "Actual Rows": 0,
                              "Actual Loops": 0,
                              "Output": [
                                "fof_51.faseof_id",
                                "fof_51.faseof_of_id"
                              ],
                              "Shared Hit Blocks": 0,
                              "Shared Read Blocks": 0,
                              "Shared Dirtied Blocks": 0,
                              "Shared Written Blocks": 0,
                              "Local Hit Blocks": 0,
                              "Local Read Blocks": 0,
                              "Local Dirtied Blocks": 0,
                              "Local Written Blocks": 0,
                              "Temp Read Blocks": 0,
                              "Temp Written Blocks": 0
                            },
                            {
                              "Node Type": "Seq Scan",
                              "Parent Relationship": "Member",
                              "Parallel Aware": false,
                              "Async Capable": false,
                              "Relation Name": "fases_ordem_fabrico_p_2024_04",
                              "Schema": "public",
                              "Alias": "fof_52",
                              "Startup Cost": 0.0,
                              "Total Cost": 12.0,
                              "Plan Rows": 200,
                              "Plan Width": 236,
                              "Actual Startup Time": 0.0,
                              "Actual Total Time": 0.0,
                              "Actual Rows": 0,
                              "Actual Loops": 0,
                              "Output": [
                                "fof_52.faseof_id",
                                "fof_52.faseof_of_id"
                              ],
                              "Shared Hit Blocks": 0,
                              "Shared Read Blocks": 0,
                              "Shared Dirtied Blocks": 0,
                              "Shared Written Blocks": 0,
                              "Local Hit Blocks": 0,
                              "Local Read Blocks": 0,
                              "Local Dirtied Blocks": 0,
                              "Local Written Blocks": 0,
                              "Temp Read Blocks": 0,
                              "Temp Written Blocks": 0
                            },
                            {
                              "Node Type": "Seq Scan",
                              "Parent Relationship": "Member",
                              "Parallel Aware": false,
                              "Async Capable": false,
                              "Relation Name": "fases_ordem_fabrico_p_2024_05",
                              "Schema": "public",
                              "Alias": "fof_53",
                              "Startup Cost": 0.0,
                              "Total Cost": 12.0,
                              "Plan Rows": 200,
                              "Plan Width": 236,
                              "Actual Startup Time": 0.0,
                              "Actual Total Time": 0.0,
                              "Actual Rows": 0,
                              "Actual Loops": 0,
                              "Output": [
                                "fof_53.faseof_id",
                                "fof_53.faseof_of_id"
                              ],
                              "Shared Hit Blocks": 0,
                              "Shared Read Blocks": 0,
                              "Shared Dirtied Blocks": 0,
                              "Shared Written Blocks": 0,
                              "Local Hit Blocks": 0,
                              "Local Read Blocks": 0,
                              "Local Dirtied Blocks": 0,
                              "Local Written Blocks": 0,
                              "Temp Read Blocks": 0,
                              "Temp Written Blocks": 0
                            },
                            {
                              "Node Type": "Seq Scan",
                              "Parent Relationship": "Member",
                              "Parallel Aware": false,
                              "Async Capable": false,
                              "Relation Name": "fases_ordem_fabrico_p_2024_06",
                              "Schema": "public",
                              "Alias": "fof_54",
                              "Startup Cost": 0.0,
                              "Total Cost": 12.0,
                              "Plan Rows": 200,
                              "Plan Width": 236,
                              "Actual Startup Time": 0.0,
                              "Actual Total Time": 0.0,
                              "Actual Rows": 0,
                              "Actual Loops": 0,
                              "Output": [
                                "fof_54.faseof_id",
                                "fof_54.faseof_of_id"
                              ],
                              "Shared Hit Blocks": 0,
                              "Shared Read Blocks": 0,
                              "Shared Dirtied Blocks": 0,
                              "Shared Written Blocks": 0,
                              "Local Hit Blocks": 0,
                              "Local Read Blocks": 0,
                              "Local Dirtied Blocks": 0,
                              "Local Written Blocks": 0,
                              "Temp Read Blocks": 0,
                              "Temp Written Blocks": 0
                            },
                            {
                              "Node Type": "Seq Scan",
                              "Parent Relationship": "Member",
                              "Parallel Aware": false,
                              "Async Capable": false,
                              "Relation Name": "fases_ordem_fabrico_p_2024_07",
                              "Schema": "public",
                              "Alias": "fof_55",
                              "Startup Cost": 0.0,
                              "Total Cost": 12.0,
                              "Plan Rows": 200,
                              "Plan Width": 236,
                              "Actual Startup Time": 0.0,
                              "Actual Total Time": 0.0,
                              "Actual Rows": 0,
                              "Actual Loops": 0,
                              "Output": [
                                "fof_55.faseof_id",
                                "fof_55.faseof_of_id"
                              ],
                              "Shared Hit Blocks": 0,
                              "Shared Read Blocks": 0,
                              "Shared Dirtied Blocks": 0,
                              "Shared Written Blocks": 0,
                              "Local Hit Blocks": 0,
                              "Local Read Blocks": 0,
                              "Local Dirtied Blocks": 0,
                              "Local Written Blocks": 0,
                              "Temp Read Blocks": 0,
                              "Temp Written Blocks": 0
                            },
                            {
                              "Node Type": "Seq Scan",
                              "Parent Relationship": "Member",
                              "Parallel Aware": false,
                              "Async Capable": false,
                              "Relation Name": "fases_ordem_fabrico_p_2024_08",
                              "Schema": "public",
                              "Alias": "fof_56",
                              "Startup Cost": 0.0,
                              "Total Cost": 12.0,
                              "Plan Rows": 200,
                              "Plan Width": 236,
                              "Actual Startup Time": 0.0,
                              "Actual Total Time": 0.0,
                              "Actual Rows": 0,
                              "Actual Loops": 0,
                              "Output": [
                                "fof_56.faseof_id",
                                "fof_56.faseof_of_id"
                              ],
                              "Shared Hit Blocks": 0,
                              "Shared Read Blocks": 0,
                              "Shared Dirtied Blocks": 0,
                              "Shared Written Blocks": 0,
                              "Local Hit Blocks": 0,
                              "Local Read Blocks": 0,
                              "Local Dirtied Blocks": 0,
                              "Local Written Blocks": 0,
                              "Temp Read Blocks": 0,
                              "Temp Written Blocks": 0
                            },
                            {
                              "Node Type": "Seq Scan",
                              "Parent Relationship": "Member",
                              "Parallel Aware": false,
                              "Async Capable": false,
                              "Relation Name": "fases_ordem_fabrico_p_2024_09",
                              "Schema": "public",
                              "Alias": "fof_57",
                              "Startup Cost": 0.0,
                              "Total Cost": 12.0,
                              "Plan Rows": 200,
                              "Plan Width": 236,
                              "Actual Startup Time": 0.0,
                              "Actual Total Time": 0.0,
                              "Actual Rows": 0,
                              "Actual Loops": 0,
                              "Output": [
                                "fof_57.faseof_id",
                                "fof_57.faseof_of_id"
                              ],
                              "Shared Hit Blocks": 0,
                              "Shared Read Blocks": 0,
                              "Shared Dirtied Blocks": 0,
                              "Shared Written Blocks": 0,
                              "Local Hit Blocks": 0,
                              "Local Read Blocks": 0,
                              "Local Dirtied Blocks": 0,
                              "Local Written Blocks": 0,
                              "Temp Read Blocks": 0,
                              "Temp Written Blocks": 0
                            },
                            {
                              "Node Type": "Seq Scan",
                              "Parent Relationship": "Member",
                              "Parallel Aware": false,
                              "Async Capable": false,
                              "Relation Name": "fases_ordem_fabrico_p_2024_10",
                              "Schema": "public",
                              "Alias": "fof_58",
                              "Startup Cost": 0.0,
                              "Total Cost": 12.0,
                              "Plan Rows": 200,
                              "Plan Width": 236,
                              "Actual Startup Time": 0.0,
                              "Actual Total Time": 0.0,
                              "Actual Rows": 0,
                              "Actual Loops": 0,
                              "Output": [
                                "fof_58.faseof_id",
                                "fof_58.faseof_of_id"
                              ],
                              "Shared Hit Blocks": 0,
                              "Shared Read Blocks": 0,
                              "Shared Dirtied Blocks": 0,
                              "Shared Written Blocks": 0,
                              "Local Hit Blocks": 0,
                              "Local Read Blocks": 0,
                              "Local Dirtied Blocks": 0,
                              "Local Written Blocks": 0,
                              "Temp Read Blocks": 0,
                              "Temp Written Blocks": 0
                            },
                            {
                              "Node Type": "Seq Scan",
                              "Parent Relationship": "Member",
                              "Parallel Aware": false,
                              "Async Capable": false,
                              "Relation Name": "fases_ordem_fabrico_p_2024_11",
                              "Schema": "public",
                              "Alias": "fof_59",
                              "Startup Cost": 0.0,
                              "Total Cost": 12.0,
                              "Plan Rows": 200,
                              "Plan Width": 236,
                              "Actual Startup Time": 0.0,
                              "Actual Total Time": 0.0,
                              "Actual Rows": 0,
                              "Actual Loops": 0,
                              "Output": [
                                "fof_59.faseof_id",
                                "fof_59.faseof_of_id"
                              ],
                              "Shared Hit Blocks": 0,
                              "Shared Read Blocks": 0,
                              "Shared Dirtied Blocks": 0,
                              "Shared Written Blocks": 0,
                              "Local Hit Blocks": 0,
                              "Local Read Blocks": 0,
                              "Local Dirtied Blocks": 0,
                              "Local Written Blocks": 0,
                              "Temp Read Blocks": 0,
                              "Temp Written Blocks": 0
                            },
                            {
                              "Node Type": "Seq Scan",
                              "Parent Relationship": "Member",
                              "Parallel Aware": false,
                              "Async Capable": false,
                              "Relation Name": "fases_ordem_fabrico_p_2024_12",
                              "Schema": "public",
                              "Alias": "fof_60",
                              "Startup Cost": 0.0,
                              "Total Cost": 12.0,
                              "Plan Rows": 200,
                              "Plan Width": 236,
                              "Actual Startup Time": 0.0,
                              "Actual Total Time": 0.0,
                              "Actual Rows": 0,
                              "Actual Loops": 0,
                              "Output": [
                                "fof_60.faseof_id",
                                "fof_60.faseof_of_id"
                              ],
                              "Shared Hit Blocks": 0,
                              "Shared Read Blocks": 0,
                              "Shared Dirtied Blocks": 0,
                              "Shared Written Blocks": 0,
                              "Local Hit Blocks": 0,
                              "Local Read Blocks": 0,
                              "Local Dirtied Blocks": 0,
                              "Local Written Blocks": 0,
                              "Temp Read Blocks": 0,
                              "Temp Written Blocks": 0
                            },
                            {
                              "Node Type": "Seq Scan",
                              "Parent Relationship": "Member",
                              "Parallel Aware": false,
                              "Async Capable": false,
                              "Relation Name": "fases_ordem_fabrico_p_2025_01",
                              "Schema": "public",
                              "Alias": "fof_61",
                              "Startup Cost": 0.0,
                              "Total Cost": 12.0,
                              "Plan Rows": 200,
                              "Plan Width": 236,
                              "Actual Startup Time": 0.0,
                              "Actual Total Time": 0.0,
                              "Actual Rows": 0,
                              "Actual Loops": 0,
                              "Output": [
                                "fof_61.faseof_id",
                                "fof_61.faseof_of_id"
                              ],
                              "Shared Hit Blocks": 0,
                              "Shared Read Blocks": 0,
                              "Shared Dirtied Blocks": 0,
                              "Shared Written Blocks": 0,
                              "Local Hit Blocks": 0,
                              "Local Read Blocks": 0,
                              "Local Dirtied Blocks": 0,
                              "Local Written Blocks": 0,
                              "Temp Read Blocks": 0,
                              "Temp Written Blocks": 0
                            },
                            {
                              "Node Type": "Seq Scan",
                              "Parent Relationship": "Member",
                              "Parallel Aware": false,
                              "Async Capable": false,
                              "Relation Name": "fases_ordem_fabrico_p_2025_02",
                              "Schema": "public",
                              "Alias": "fof_62",
                              "Startup Cost": 0.0,
                              "Total Cost": 12.0,
                              "Plan Rows": 200,
                              "Plan Width": 236,
                              "Actual Startup Time": 0.0,
                              "Actual Total Time": 0.0,
                              "Actual Rows": 0,
                              "Actual Loops": 0,
                              "Output": [
                                "fof_62.faseof_id",
                                "fof_62.faseof_of_id"
                              ],
                              "Shared Hit Blocks": 0,
                              "Shared Read Blocks": 0,
                              "Shared Dirtied Blocks": 0,
                              "Shared Written Blocks": 0,
                              "Local Hit Blocks": 0,
                              "Local Read Blocks": 0,
                              "Local Dirtied Blocks": 0,
                              "Local Written Blocks": 0,
                              "Temp Read Blocks": 0,
                              "Temp Written Blocks": 0
                            },
                            {
                              "Node Type": "Seq Scan",
                              "Parent Relationship": "Member",
                              "Parallel Aware": false,
                              "Async Capable": false,
                              "Relation Name": "fases_ordem_fabrico_p_2025_03",
                              "Schema": "public",
                              "Alias": "fof_63",
                              "Startup Cost": 0.0,
                              "Total Cost": 12.0,
                              "Plan Rows": 200,
                              "Plan Width": 236,
                              "Actual Startup Time": 0.0,
                              "Actual Total Time": 0.0,
                              "Actual Rows": 0,
                              "Actual Loops": 0,
                              "Output": [
                                "fof_63.faseof_id",
                                "fof_63.faseof_of_id"
                              ],
                              "Shared Hit Blocks": 0,
                              "Shared Read Blocks": 0,
                              "Shared Dirtied Blocks": 0,
                              "Shared Written Blocks": 0,
                              "Local Hit Blocks": 0,
                              "Local Read Blocks": 0,
                              "Local Dirtied Blocks": 0,
                              "Local Written Blocks": 0,
                              "Temp Read Blocks": 0,
                              "Temp Written Blocks": 0
                            },
                            {
                              "Node Type": "Seq Scan",
                              "Parent Relationship": "Member",
                              "Parallel Aware": false,
                              "Async Capable": false,
                              "Relation Name": "fases_ordem_fabrico_p_2025_04",
                              "Schema": "public",
                              "Alias": "fof_64",
                              "Startup Cost": 0.0,
                              "Total Cost": 12.0,
                              "Plan Rows": 200,
                              "Plan Width": 236,
                              "Actual Startup Time": 0.0,
                              "Actual Total Time": 0.0,
                              "Actual Rows": 0,
                              "Actual Loops": 0,
                              "Output": [
                                "fof_64.faseof_id",
                                "fof_64.faseof_of_id"
                              ],
                              "Shared Hit Blocks": 0,
                              "Shared Read Blocks": 0,
                              "Shared Dirtied Blocks": 0,
                              "Shared Written Blocks": 0,
                              "Local Hit Blocks": 0,
                              "Local Read Blocks": 0,
                              "Local Dirtied Blocks": 0,
                              "Local Written Blocks": 0,
                              "Temp Read Blocks": 0,
                              "Temp Written Blocks": 0
                            },
                            {
                              "Node Type": "Seq Scan",
                              "Parent Relationship": "Member",
                              "Parallel Aware": false,
                              "Async Capable": false,
                              "Relation Name": "fases_ordem_fabrico_p_2025_05",
                              "Schema": "public",
                              "Alias": "fof_65",
                              "Startup Cost": 0.0,
                              "Total Cost": 12.0,
                              "Plan Rows": 200,
                              "Plan Width": 236,
                              "Actual Startup Time": 0.0,
                              "Actual Total Time": 0.0,
                              "Actual Rows": 0,
                              "Actual Loops": 0,
                              "Output": [
                                "fof_65.faseof_id",
                                "fof_65.faseof_of_id"
                              ],
                              "Shared Hit Blocks": 0,
                              "Shared Read Blocks": 0,
                              "Shared Dirtied Blocks": 0,
                              "Shared Written Blocks": 0,
                              "Local Hit Blocks": 0,
                              "Local Read Blocks": 0,
                              "Local Dirtied Blocks": 0,
                              "Local Written Blocks": 0,
                              "Temp Read Blocks": 0,
                              "Temp Written Blocks": 0
                            },
                            {
                              "Node Type": "Seq Scan",
                              "Parent Relationship": "Member",
                              "Parallel Aware": false,
                              "Async Capable": false,
                              "Relation Name": "fases_ordem_fabrico_p_2025_06",
                              "Schema": "public",
                              "Alias": "fof_66",
                              "Startup Cost": 0.0,
                              "Total Cost": 12.0,
                              "Plan Rows": 200,
                              "Plan Width": 236,
                              "Actual Startup Time": 0.0,
                              "Actual Total Time": 0.0,
                              "Actual Rows": 0,
                              "Actual Loops": 0,
                              "Output": [
                                "fof_66.faseof_id",
                                "fof_66.faseof_of_id"
                              ],
                              "Shared Hit Blocks": 0,
                              "Shared Read Blocks": 0,
                              "Shared Dirtied Blocks": 0,
                              "Shared Written Blocks": 0,
                              "Local Hit Blocks": 0,
                              "Local Read Blocks": 0,
                              "Local Dirtied Blocks": 0,
                              "Local Written Blocks": 0,
                              "Temp Read Blocks": 0,
                              "Temp Written Blocks": 0
                            },
                            {
                              "Node Type": "Seq Scan",
                              "Parent Relationship": "Member",
                              "Parallel Aware": false,
                              "Async Capable": false,
                              "Relation Name": "fases_ordem_fabrico_p_2025_07",
                              "Schema": "public",
                              "Alias": "fof_67",
                              "Startup Cost": 0.0,
                              "Total Cost": 12.0,
                              "Plan Rows": 200,
                              "Plan Width": 236,
                              "Actual Startup Time": 0.0,
                              "Actual Total Time": 0.0,
                              "Actual Rows": 0,
                              "Actual Loops": 0,
                              "Output": [
                                "fof_67.faseof_id",
                                "fof_67.faseof_of_id"
                              ],
                              "Shared Hit Blocks": 0,
                              "Shared Read Blocks": 0,
                              "Shared Dirtied Blocks": 0,
                              "Shared Written Blocks": 0,
                              "Local Hit Blocks": 0,
                              "Local Read Blocks": 0,
                              "Local Dirtied Blocks": 0,
                              "Local Written Blocks": 0,
                              "Temp Read Blocks": 0,
                              "Temp Written Blocks": 0
                            },
                            {
                              "Node Type": "Seq Scan",
                              "Parent Relationship": "Member",
                              "Parallel Aware": false,
                              "Async Capable": false,
                              "Relation Name": "fases_ordem_fabrico_p_2025_08",
                              "Schema": "public",
                              "Alias": "fof_68",
                              "Startup Cost": 0.0,
                              "Total Cost": 12.0,
                              "Plan Rows": 200,
                              "Plan Width": 236,
                              "Actual Startup Time": 0.0,
                              "Actual Total Time": 0.0,
                              "Actual Rows": 0,
                              "Actual Loops": 0,
                              "Output": [
                                "fof_68.faseof_id",
                                "fof_68.faseof_of_id"
                              ],
                              "Shared Hit Blocks": 0,
                              "Shared Read Blocks": 0,
                              "Shared Dirtied Blocks": 0,
                              "Shared Written Blocks": 0,
                              "Local Hit Blocks": 0,
                              "Local Read Blocks": 0,
                              "Local Dirtied Blocks": 0,
                              "Local Written Blocks": 0,
                              "Temp Read Blocks": 0,
                              "Temp Written Blocks": 0
                            },
                            {
                              "Node Type": "Seq Scan",
                              "Parent Relationship": "Member",
                              "Parallel Aware": false,
                              "Async Capable": false,
                              "Relation Name": "fases_ordem_fabrico_p_2025_09",
                              "Schema": "public",
                              "Alias": "fof_69",
                              "Startup Cost": 0.0,
                              "Total Cost": 12.0,
                              "Plan Rows": 200,
                              "Plan Width": 236,
                              "Actual Startup Time": 0.0,
                              "Actual Total Time": 0.0,
                              "Actual Rows": 0,
                              "Actual Loops": 0,
                              "Output": [
                                "fof_69.faseof_id",
                                "fof_69.faseof_of_id"
                              ],
                              "Shared Hit Blocks": 0,
                              "Shared Read Blocks": 0,
                              "Shared Dirtied Blocks": 0,
                              "Shared Written Blocks": 0,
                              "Local Hit Blocks": 0,
                              "Local Read Blocks": 0,
                              "Local Dirtied Blocks": 0,
                              "Local Written Blocks": 0,
                              "Temp Read Blocks": 0,
                              "Temp Written Blocks": 0
                            },
                            {
                              "Node Type": "Seq Scan",
                              "Parent Relationship": "Member",
                              "Parallel Aware": false,
                              "Async Capable": false,
                              "Relation Name": "fases_ordem_fabrico_p_2025_10",
                              "Schema": "public",
                              "Alias": "fof_70",
                              "Startup Cost": 0.0,
                              "Total Cost": 12.0,
                              "Plan Rows": 200,
                              "Plan Width": 236,
                              "Actual Startup Time": 0.0,
                              "Actual Total Time": 0.0,
                              "Actual Rows": 0,
                              "Actual Loops": 0,
                              "Output": [
                                "fof_70.faseof_id",
                                "fof_70.faseof_of_id"
                              ],
                              "Shared Hit Blocks": 0,
                              "Shared Read Blocks": 0,
                              "Shared Dirtied Blocks": 0,
                              "Shared Written Blocks": 0,
                              "Local Hit Blocks": 0,
                              "Local Read Blocks": 0,
                              "Local Dirtied Blocks": 0,
                              "Local Written Blocks": 0,
                              "Temp Read Blocks": 0,
                              "Temp Written Blocks": 0
                            },
                            {
                              "Node Type": "Seq Scan",
                              "Parent Relationship": "Member",
                              "Parallel Aware": false,
                              "Async Capable": false,
                              "Relation Name": "fases_ordem_fabrico_p_2025_11",
                              "Schema": "public",
                              "Alias": "fof_71",
                              "Startup Cost": 0.0,
                              "Total Cost": 12.0,
                              "Plan Rows": 200,
                              "Plan Width": 236,
                              "Actual Startup Time": 0.0,
                              "Actual Total Time": 0.0,
                              "Actual Rows": 0,
                              "Actual Loops": 0,
                              "Output": [
                                "fof_71.faseof_id",
                                "fof_71.faseof_of_id"
                              ],
                              "Shared Hit Blocks": 0,
                              "Shared Read Blocks": 0,
                              "Shared Dirtied Blocks": 0,
                              "Shared Written Blocks": 0,
                              "Local Hit Blocks": 0,
                              "Local Read Blocks": 0,
                              "Local Dirtied Blocks": 0,
                              "Local Written Blocks": 0,
                              "Temp Read Blocks": 0,
                              "Temp Written Blocks": 0
                            },
                            {
                              "Node Type": "Seq Scan",
                              "Parent Relationship": "Member",
                              "Parallel Aware": false,
                              "Async Capable": false,
                              "Relation Name": "fases_ordem_fabrico_p_2025_12",
                              "Schema": "public",
                              "Alias": "fof_72",
                              "Startup Cost": 0.0,
                              "Total Cost": 12.0,
                              "Plan Rows": 200,
                              "Plan Width": 236,
                              "Actual Startup Time": 0.0,
                              "Actual Total Time": 0.0,
                              "Actual Rows": 0,
                              "Actual Loops": 0,
                              "Output": [
                                "fof_72.faseof_id",
                                "fof_72.faseof_of_id"
                              ],
                              "Shared Hit Blocks": 0,
                              "Shared Read Blocks": 0,
                              "Shared Dirtied Blocks": 0,
                              "Shared Written Blocks": 0,
                              "Local Hit Blocks": 0,
                              "Local Read Blocks": 0,
                              "Local Dirtied Blocks": 0,
                              "Local Written Blocks": 0,
                              "Temp Read Blocks": 0,
                              "Temp Written Blocks": 0
                            },
                            {
                              "Node Type": "Seq Scan",
                              "Parent Relationship": "Member",
                              "Parallel Aware": false,
                              "Async Capable": false,
                              "Relation Name": "fases_ordem_fabrico_default",
                              "Schema": "public",
                              "Alias": "fof_73",
                              "Startup Cost": 0.0,
                              "Total Cost": 12.0,
                              "Plan Rows": 200,
                              "Plan Width": 236,
                              "Actual Startup Time": 0.0,
                              "Actual Total Time": 0.0,
                              "Actual Rows": 0,
                              "Actual Loops": 0,
                              "Output": [
                                "fof_73.faseof_id",
                                "fof_73.faseof_of_id"
                              ],
                              "Shared Hit Blocks": 0,
                              "Shared Read Blocks": 0,
                              "Shared Dirtied Blocks": 0,
                              "Shared Written Blocks": 0,
                              "Local Hit Blocks": 0,
                              "Local Read Blocks": 0,
                              "Local Dirtied Blocks": 0,
                              "Local Written Blocks": 0,
                              "Temp Read Blocks": 0,
                              "Temp Written Blocks": 0
                            }
                          ]
                        },
                        {
                          "Node Type": "Hash",
                          "Parent Relationship": "Inner",
                          "Parallel Aware": false,
                          "Async Capable": false,
                          "Startup Cost": 17.35,
                          "Total Cost": 17.35,
                          "Plan Rows": 140,
                          "Plan Width": 138,
                          "Actual Startup Time": 0.012,
                          "Actual Total Time": 0.012,
                          "Actual Rows": 0,
                          "Actual Loops": 1,
                          "Output": [
                            "of.of_id",
                            "of.of_data_criacao",
                            "of.of_data_acabamento",
                            "of.of_produto_id"
                          ],
                          "Hash Buckets": 1024,
                          "Original Hash Buckets": 1024,
                          "Hash Batches": 1,
                          "Original Hash Batches": 1,
                          "Peak Memory Usage": 8,
                          "Shared Hit Blocks": 0,
                          "Shared Read Blocks": 0,
                          "Shared Dirtied Blocks": 0,
                          "Shared Written Blocks": 0,
                          "Local Hit Blocks": 0,
                          "Local Read Blocks": 0,
                          "Local Dirtied Blocks": 0,
                          "Local Written Blocks": 0,
                          "Temp Read Blocks": 0,
                          "Temp Written Blocks": 0,
                          "Plans": [
                            {
                              "Node Type": "Seq Scan",
                              "Parent Relationship": "Outer",
                              "Parallel Aware": false,
                              "Async Capable": false,
                              "Relation Name": "ordens_fabrico",
                              "Schema": "public",
                              "Alias": "of",
                              "Startup Cost": 0.0,
                              "Total Cost": 17.35,
                              "Plan Rows": 140,
                              "Plan Width": 138,
                              "Actual Startup Time": 0.011,
                              "Actual Total Time": 0.011,
                              "Actual Rows": 0,
                              "Actual Loops": 1,
                              "Output": [
                                "of.of_id",
                                "of.of_data_criacao",
                                "of.of_data_acabamento",
                                "of.of_produto_id"
                              ],
                              "Filter": "(of.of_data_criacao >= (CURRENT_DATE - '30 days'::interval))",
                              "Rows Removed by Filter": 0,
                              "Shared Hit Blocks": 0,
                              "Shared Read Blocks": 0,
                              "Shared Dirtied Blocks": 0,
                              "Shared Written Blocks": 0,
                              "Local Hit Blocks": 0,
                              "Local Read Blocks": 0,
                              "Local Dirtied Blocks": 0,
                              "Local Written Blocks": 0,
                              "Temp Read Blocks": 0,
                              "Temp Written Blocks": 0
                            }
                          ]
                        }
                      ]
                    },
                    {
                      "Node Type": "Hash",
                      "Parent Relationship": "Inner",
                      "Parallel Aware": false,
                      "Async Capable": false,
                      "Startup Cost": 11.3,
                      "Total Cost": 11.3,
                      "Plan Rows": 130,
                      "Plan Width": 520,
                      "Actual Startup Time": 0.0,
                      "Actual Total Time": 0.0,
                      "Actual Rows": 0,
                      "Actual Loops": 0,
                      "Output": [
                        "m.produto_nome",
                        "m.produto_id"
                      ],
                      "Shared Hit Blocks": 0,
                      "Shared Read Blocks": 0,
                      "Shared Dirtied Blocks": 0,
                      "Shared Written Blocks": 0,
                      "Local Hit Blocks": 0,
                      "Local Read Blocks": 0,
                      "Local Dirtied Blocks": 0,
                      "Local Written Blocks": 0,
                      "Temp Read Blocks": 0,
                      "Temp Written Blocks": 0,
                      "Plans": [
                        {
                          "Node Type": "Seq Scan",
                          "Parent Relationship": "Outer",
                          "Parallel Aware": false,
                          "Async Capable": false,
                          "Relation Name": "modelos",
                          "Schema": "public",
                          "Alias": "m",
                          "Startup Cost": 0.0,
                          "Total Cost": 11.3,
                          "Plan Rows": 130,
                          "Plan Width": 520,
                          "Actual Startup Time": 0.0,
                          "Actual Total Time": 0.0,
                          "Actual Rows": 0,
                          "Actual Loops": 0,
                          "Output": [
                            "m.produto_nome",
                            "m.produto_id"
                          ],
                          "Shared Hit Blocks": 0,
                          "Shared Read Blocks": 0,
                          "Shared Dirtied Blocks": 0,
                          "Shared Written Blocks": 0,
                          "Local Hit Blocks": 0,
                          "Local Read Blocks": 0,
                          "Local Dirtied Blocks": 0,
                          "Local Written Blocks": 0,
                          "Temp Read Blocks": 0,
                          "Temp Written Blocks": 0
                        }
                      ]
                    }
                  ]
                }
              ]
            }
          ]
        }
      ]
    },
    "Planning": {
      "Shared Hit Blocks": 1240,
      "Shared Read Blocks": 0,
      "Shared Dirtied Blocks": 0,
      "Shared Written Blocks": 0,
      "Local Hit Blocks": 0,
      "Local Read Blocks": 0,
      "Local Dirtied Blocks": 0,
      "Local Written Blocks": 0,
      "Temp Read Blocks": 0,
      "Temp Written Blocks": 0
    },
    "Planning Time": 8.612,
    "Triggers": [],
    "Execution Time": 0.477
  }
]
```
