# EXPLAIN Plan: schedule_current

**Generated**: 2025-12-18T08:56:22.385154

## Query

```sql
SELECT 
            of.of_id,
            of.of_data_criacao,
            of.of_data_acabamento,
            fof.faseof_id,
            fof.faseof_fase_id,
            fof.faseof_inicio,
            fof.faseof_fim,
            fof.faseof_is_open
        FROM ordens_fabrico of
        JOIN fases_ordem_fabrico fof ON fof.faseof_of_id = of.of_id
        WHERE fof.faseof_is_open = true
        ORDER BY fof.faseof_event_time DESC
        LIMIT 100;
```

## Plan (Text)

```
Limit  (cost=1230.30..1230.55 rows=100 width=281) (actual time=0.266..0.281 rows=0 loops=1)
  Output: of.of_id, of.of_data_criacao, of.of_data_acabamento, fof.faseof_id, fof.faseof_fase_id, fof.faseof_inicio, fof.faseof_fim, fof.faseof_is_open, fof.faseof_event_time
  ->  Sort  (cost=1230.30..1248.55 rows=7300 width=281) (actual time=0.265..0.278 rows=0 loops=1)
        Output: of.of_id, of.of_data_criacao, of.of_data_acabamento, fof.faseof_id, fof.faseof_fase_id, fof.faseof_inicio, fof.faseof_fim, fof.faseof_is_open, fof.faseof_event_time
        Sort Key: fof.faseof_event_time DESC
        Sort Method: quicksort  Memory: 25kB
        ->  Hash Join  (cost=19.45..951.30 rows=7300 width=281) (actual time=0.241..0.255 rows=0 loops=1)
              Output: of.of_id, of.of_data_criacao, of.of_data_acabamento, fof.faseof_id, fof.faseof_fase_id, fof.faseof_inicio, fof.faseof_fim, fof.faseof_is_open, fof.faseof_event_time
              Inner Unique: true
              Hash Cond: ((fof.faseof_of_id)::text = (of.of_id)::text)
              ->  Append  (cost=0.00..912.50 rows=7300 width=265) (actual time=0.240..0.253 rows=0 loops=1)
                    ->  Seq Scan on public.fases_ordem_fabrico_p_2020_01 fof_1  (cost=0.00..12.00 rows=100 width=265) (actual time=0.011..0.011 rows=0 loops=1)
                          Output: fof_1.faseof_id, fof_1.faseof_fase_id, fof_1.faseof_inicio, fof_1.faseof_fim, fof_1.faseof_is_open, fof_1.faseof_event_time, fof_1.faseof_of_id
                          Filter: fof_1.faseof_is_open
                    ->  Seq Scan on public.fases_ordem_fabrico_p_2020_02 fof_2  (cost=0.00..12.00 rows=100 width=265) (actual time=0.004..0.004 rows=0 loops=1)
                          Output: fof_2.faseof_id, fof_2.faseof_fase_id, fof_2.faseof_inicio, fof_2.faseof_fim, fof_2.faseof_is_open, fof_2.faseof_event_time, fof_2.faseof_of_id
                          Filter: fof_2.faseof_is_open
                    ->  Seq Scan on public.fases_ordem_fabrico_p_2020_03 fof_3  (cost=0.00..12.00 rows=100 width=265) (actual time=0.004..0.004 rows=0 loops=1)
                          Output: fof_3.faseof_id, fof_3.faseof_fase_id, fof_3.faseof_inicio, fof_3.faseof_fim, fof_3.faseof_is_open, fof_3.faseof_event_time, fof_3.faseof_of_id
                          Filter: fof_3.faseof_is_open
                    ->  Seq Scan on public.fases_ordem_fabrico_p_2020_04 fof_4  (cost=0.00..12.00 rows=100 width=265) (actual time=0.004..0.005 rows=0 loops=1)
                          Output: fof_4.faseof_id, fof_4.faseof_fase_id, fof_4.faseof_inicio, fof_4.faseof_fim, fof_4.faseof_is_open, fof_4.faseof_event_time, fof_4.faseof_of_id
                          Filter: fof_4.faseof_is_open
                    ->  Seq Scan on public.fases_ordem_fabrico_p_2020_05 fof_5  (cost=0.00..12.00 rows=100 width=265) (actual time=0.003..0.004 rows=0 loops=1)
                          Output: fof_5.faseof_id, fof_5.faseof_fase_id, fof_5.faseof_inicio, fof_5.faseof_fim, fof_5.faseof_is_open, fof_5.faseof_event_time, fof_5.faseof_of_id
                          Filter: fof_5.faseof_is_open
                    ->  Seq Scan on public.fases_ordem_fabrico_p_2020_06 fof_6  (cost=0.00..12.00 rows=100 width=265) (actual time=0.003..0.003 rows=0 loops=1)
                          Output: fof_6.faseof_id, fof_6.faseof_fase_id, fof_6.faseof_inicio, fof_6.faseof_fim, fof_6.faseof_is_open, fof_6.faseof_event_time, fof_6.faseof_of_id
                          Filter: fof_6.faseof_is_open
                    ->  Seq Scan on public.fases_ordem_fabrico_p_2020_07 fof_7  (cost=0.00..12.00 rows=100 width=265) (actual time=0.003..0.003 rows=0 loops=1)
                          Output: fof_7.faseof_id, fof_7.faseof_fase_id, fof_7.faseof_inicio, fof_7.faseof_fim, fof_7.faseof_is_open, fof_7.faseof_event_time, fof_7.faseof_of_id
                          Filter: fof_7.faseof_is_open
                    ->  Seq Scan on public.fases_ordem_fabrico_p_2020_08 fof_8  (cost=0.00..12.00 rows=100 width=265) (actual time=0.004..0.004 rows=0 loops=1)
                          Output: fof_8.faseof_id, fof_8.faseof_fase_id, fof_8.faseof_inicio, fof_8.faseof_fim, fof_8.faseof_is_open, fof_8.faseof_event_time, fof_8.faseof_of_id
                          Filter: fof_8.faseof_is_open
                    ->  Seq Scan on public.fases_ordem_fabrico_p_2020_09 fof_9  (cost=0.00..12.00 rows=100 width=265) (actual time=0.070..0.071 rows=0 loops=1)
                          Output: fof_9.faseof_id, fof_9.faseof_fase_id, fof_9.faseof_inicio, fof_9.faseof_fim, fof_9.faseof_is_open, fof_9.faseof_event_time, fof_9.faseof_of_id
                          Filter: fof_9.faseof_is_open
                    ->  Seq Scan on public.fases_ordem_fabrico_p_2020_10 fof_10  (cost=0.00..12.00 rows=100 width=265) (actual time=0.004..0.005 rows=0 loops=1)
                          Output: fof_10.faseof_id, fof_10.faseof_fase_id, fof_10.faseof_inicio, fof_10.faseof_fim, fof_10.faseof_is_open, fof_10.faseof_event_time, fof_10.faseof_of_id
                          Filter: fof_10.faseof_is_open
                    ->  Seq Scan on public.fases_ordem_fabrico_p_2020_11 fof_11  (cost=0.00..12.00 rows=100 width=265) (actual time=0.004..0.004 rows=0 loops=1)
                          Output: fof_11.faseof_id, fof_11.faseof_fase_id, fof_11.faseof_inicio, fof_11.faseof_fim, fof_11.faseof_is_open, fof_11.faseof_event_time, fof_11.faseof_of_id
                          Filter: fof_11.faseof_is_open
                    ->  Seq Scan on public.fases_ordem_fabrico_p_2020_12 fof_12  (cost=0.00..12.00 rows=100 width=265) (actual time=0.006..0.006 rows=0 loops=1)
                          Output: fof_12.faseof_id, fof_12.faseof_fase_id, fof_12.faseof_inicio, fof_12.faseof_fim, fof_12.faseof_is_open, fof_12.faseof_event_time, fof_12.faseof_of_id
                          Filter: fof_12.faseof_is_open
                    ->  Seq Scan on public.fases_ordem_fabrico_p_2021_01 fof_13  (cost=0.00..12.00 rows=100 width=265) (actual time=0.003..0.003 rows=0 loops=1)
                          Output: fof_13.faseof_id, fof_13.faseof_fase_id, fof_13.faseof_inicio, fof_13.faseof_fim, fof_13.faseof_is_open, fof_13.faseof_event_time, fof_13.faseof_of_id
                          Filter: fof_13.faseof_is_open
                    ->  Seq Scan on public.fases_ordem_fabrico_p_2021_02 fof_14  (cost=0.00..12.00 rows=100 width=265) (actual time=0.001..0.001 rows=0 loops=1)
                          Output: fof_14.faseof_id, fof_14.faseof_fase_id, fof_14.faseof_inicio, fof_14.faseof_fim, fof_14.faseof_is_open, fof_14.faseof_event_time, fof_14.faseof_of_id
                          Filter: fof_14.faseof_is_open
                    ->  Seq Scan on public.fases_ordem_fabrico_p_2021_03 fof_15  (cost=0.00..12.00 rows=100 width=265) (actual time=0.002..0.002 rows=0 loops=1)
                          Output: fof_15.faseof_id, fof_15.faseof_fase_id, fof_15.faseof_inicio, fof_15.faseof_fim, fof_15.faseof_is_open, fof_15.faseof_event_time, fof_15.faseof_of_id
                          Filter: fof_15.faseof_is_open
                    ->  Seq Scan on public.fases_ordem_fabrico_p_2021_04 fof_16  (cost=0.00..12.00 rows=100 width=265) (actual time=0.002..0.002 rows=0 loops=1)
                          Output: fof_16.faseof_id, fof_16.faseof_fase_id, fof_16.faseof_inicio, fof_16.faseof_fim, fof_16.faseof_is_open, fof_16.faseof_event_time, fof_16.faseof_of_id
                          Filter: fof_16.faseof_is_open
                    ->  Seq Scan on public.fases_ordem_fabrico_p_2021_05 fof_17  (cost=0.00..12.00 rows=100 width=265) (actual time=0.001..0.001 rows=0 loops=1)
                          Output: fof_17.faseof_id, fof_17.faseof_fase_id, fof_17.faseof_inicio, fof_17.faseof_fim, fof_17.faseof_is_open, fof_17.faseof_event_time, fof_17.faseof_of_id
                          Filter: fof_17.faseof_is_open
                    ->  Seq Scan on public.fases_ordem_fabrico_p_2021_06 fof_18  (cost=0.00..12.00 rows=100 width=265) (actual time=0.001..0.001 rows=0 loops=1)
                          Output: fof_18.faseof_id, fof_18.faseof_fase_id, fof_18.faseof_inicio, fof_18.faseof_fim, fof_18.faseof_is_open, fof_18.faseof_event_time, fof_18.faseof_of_id
                          Filter: fof_18.faseof_is_open
                    ->  Seq Scan on public.fases_ordem_fabrico_p_2021_07 fof_19  (cost=0.00..12.00 rows=100 width=265) (actual time=0.002..0.002 rows=0 loops=1)
                          Output: fof_19.faseof_id, fof_19.faseof_fase_id, fof_19.faseof_inicio, fof_19.faseof_fim, fof_19.faseof_is_open, fof_19.faseof_event_time, fof_19.faseof_of_id
                          Filter: fof_19.faseof_is_open
                    ->  Seq Scan on public.fases_ordem_fabrico_p_2021_08 fof_20  (cost=0.00..12.00 rows=100 width=265) (actual time=0.002..0.002 rows=0 loops=1)
                          Output: fof_20.faseof_id, fof_20.faseof_fase_id, fof_20.faseof_inicio, fof_20.faseof_fim, fof_20.faseof_is_open, fof_20.faseof_event_time, fof_20.faseof_of_id
                          Filter: fof_20.faseof_is_open
                    ->  Seq Scan on public.fases_ordem_fabrico_p_2021_09 fof_21  (cost=0.00..12.00 rows=100 width=265) (actual time=0.001..0.001 rows=0 loops=1)
                          Output: fof_21.faseof_id, fof_21.faseof_fase_id, fof_21.faseof_inicio, fof_21.faseof_fim, fof_21.faseof_is_open, fof_21.faseof_event_time, fof_21.faseof_of_id
                          Filter: fof_21.faseof_is_open
                    ->  Seq Scan on public.fases_ordem_fabrico_p_2021_10 fof_22  (cost=0.00..12.00 rows=100 width=265) (actual time=0.001..0.001 rows=0 loops=1)
                          Output: fof_22.faseof_id, fof_22.faseof_fase_id, fof_22.faseof_inicio, fof_22.faseof_fim, fof_22.faseof_is_open, fof_22.faseof_event_time, fof_22.faseof_of_id
                          Filter: fof_22.faseof_is_open
                    ->  Seq Scan on public.fases_ordem_fabrico_p_2021_11 fof_23  (cost=0.00..12.00 rows=100 width=265) (actual time=0.004..0.004 rows=0 loops=1)
                          Output: fof_23.faseof_id, fof_23.faseof_fase_id, fof_23.faseof_inicio, fof_23.faseof_fim, fof_23.faseof_is_open, fof_23.faseof_event_time, fof_23.faseof_of_id
                          Filter: fof_23.faseof_is_open
                    ->  Seq Scan on public.fases_ordem_fabrico_p_2021_12 fof_24  (cost=0.00..12.00 rows=100 width=265) (actual time=0.003..0.003 rows=0 loops=1)
                          Output: fof_24.faseof_id, fof_24.faseof_fase_id, fof_24.faseof_inicio, fof_24.faseof_fim, fof_24.faseof_is_open, fof_24.faseof_event_time, fof_24.faseof_of_id
                          Filter: fof_24.faseof_is_open
                    ->  Seq Scan on public.fases_ordem_fabrico_p_2022_01 fof_25  (cost=0.00..12.00 rows=100 width=265) (actual time=0.001..0.001 rows=0 loops=1)
                          Output: fof_25.faseof_id, fof_25.faseof_fase_id, fof_25.faseof_inicio, fof_25.faseof_fim, fof_25.faseof_is_open, fof_25.faseof_event_time, fof_25.faseof_of_id
                          Filter: fof_25.faseof_is_open
                    ->  Seq Scan on public.fases_ordem_fabrico_p_2022_02 fof_26  (cost=0.00..12.00 rows=100 width=265) (actual time=0.001..0.001 rows=0 loops=1)
                          Output: fof_26.faseof_id, fof_26.faseof_fase_id, fof_26.faseof_inicio, fof_26.faseof_fim, fof_26.faseof_is_open, fof_26.faseof_event_time, fof_26.faseof_of_id
                          Filter: fof_26.faseof_is_open
                    ->  Seq Scan on public.fases_ordem_fabrico_p_2022_03 fof_27  (cost=0.00..12.00 rows=100 width=265) (actual time=0.001..0.001 rows=0 loops=1)
                          Output: fof_27.faseof_id, fof_27.faseof_fase_id, fof_27.faseof_inicio, fof_27.faseof_fim, fof_27.faseof_is_open, fof_27.faseof_event_time, fof_27.faseof_of_id
                          Filter: fof_27.faseof_is_open
                    ->  Seq Scan on public.fases_ordem_fabrico_p_2022_04 fof_28  (cost=0.00..12.00 rows=100 width=265) (actual time=0.002..0.002 rows=0 loops=1)
                          Output: fof_28.faseof_id, fof_28.faseof_fase_id, fof_28.faseof_inicio, fof_28.faseof_fim, fof_28.faseof_is_open, fof_28.faseof_event_time, fof_28.faseof_of_id
                          Filter: fof_28.faseof_is_open
                    ->  Seq Scan on public.fases_ordem_fabrico_p_2022_05 fof_29  (cost=0.00..12.00 rows=100 width=265) (actual time=0.001..0.001 rows=0 loops=1)
                          Output: fof_29.faseof_id, fof_29.faseof_fase_id, fof_29.faseof_inicio, fof_29.faseof_fim, fof_29.faseof_is_open, fof_29.faseof_event_time, fof_29.faseof_of_id
                          Filter: fof_29.faseof_is_open
                    ->  Seq Scan on public.fases_ordem_fabrico_p_2022_06 fof_30  (cost=0.00..12.00 rows=100 width=265) (actual time=0.001..0.001 rows=0 loops=1)
                          Output: fof_30.faseof_id, fof_30.faseof_fase_id, fof_30.faseof_inicio, fof_30.faseof_fim, fof_30.faseof_is_open, fof_30.faseof_event_time, fof_30.faseof_of_id
                          Filter: fof_30.faseof_is_open
                    ->  Seq Scan on public.fases_ordem_fabrico_p_2022_07 fof_31  (cost=0.00..12.00 rows=100 width=265) (actual time=0.001..0.001 rows=0 loops=1)
                          Output: fof_31.faseof_id, fof_31.faseof_fase_id, fof_31.faseof_inicio, fof_31.faseof_fim, fof_31.faseof_is_open, fof_31.faseof_event_time, fof_31.faseof_of_id
                          Filter: fof_31.faseof_is_open
                    ->  Seq Scan on public.fases_ordem_fabrico_p_2022_08 fof_32  (cost=0.00..12.00 rows=100 width=265) (actual time=0.008..0.008 rows=0 loops=1)
                          Output: fof_32.faseof_id, fof_32.faseof_fase_id, fof_32.faseof_inicio, fof_32.faseof_fim, fof_32.faseof_is_open, fof_32.faseof_event_time, fof_32.faseof_of_id
                          Filter: fof_32.faseof_is_open
                    ->  Seq Scan on public.fases_ordem_fabrico_p_2022_09 fof_33  (cost=0.00..12.00 rows=100 width=265) (actual time=0.002..0.002 rows=0 loops=1)
                          Output: fof_33.faseof_id, fof_33.faseof_fase_id, fof_33.faseof_inicio, fof_33.faseof_fim, fof_33.faseof_is_open, fof_33.faseof_event_time, fof_33.faseof_of_id
                          Filter: fof_33.faseof_is_open
                    ->  Seq Scan on public.fases_ordem_fabrico_p_2022_10 fof_34  (cost=0.00..12.00 rows=100 width=265) (actual time=0.001..0.002 rows=0 loops=1)
                          Output: fof_34.faseof_id, fof_34.faseof_fase_id, fof_34.faseof_inicio, fof_34.faseof_fim, fof_34.faseof_is_open, fof_34.faseof_event_time, fof_34.faseof_of_id
                          Filter: fof_34.faseof_is_open
                    ->  Seq Scan on public.fases_ordem_fabrico_p_2022_11 fof_35  (cost=0.00..12.00 rows=100 width=265) (actual time=0.002..0.003 rows=0 loops=1)
                          Output: fof_35.faseof_id, fof_35.faseof_fase_id, fof_35.faseof_inicio, fof_35.faseof_fim, fof_35.faseof_is_open, fof_35.faseof_event_time, fof_35.faseof_of_id
                          Filter: fof_35.faseof_is_open
                    ->  Seq Scan on public.fases_ordem_fabrico_p_2022_12 fof_36  (cost=0.00..12.00 rows=100 width=265) (actual time=0.001..0.002 rows=0 loops=1)
                          Output: fof_36.faseof_id, fof_36.faseof_fase_id, fof_36.faseof_inicio, fof_36.faseof_fim, fof_36.faseof_is_open, fof_36.faseof_event_time, fof_36.faseof_of_id
                          Filter: fof_36.faseof_is_open
                    ->  Seq Scan on public.fases_ordem_fabrico_p_2023_01 fof_37  (cost=0.00..12.00 rows=100 width=265) (actual time=0.001..0.001 rows=0 loops=1)
                          Output: fof_37.faseof_id, fof_37.faseof_fase_id, fof_37.faseof_inicio, fof_37.faseof_fim, fof_37.faseof_is_open, fof_37.faseof_event_time, fof_37.faseof_of_id
                          Filter: fof_37.faseof_is_open
                    ->  Seq Scan on public.fases_ordem_fabrico_p_2023_02 fof_38  (cost=0.00..12.00 rows=100 width=265) (actual time=0.001..0.001 rows=0 loops=1)
                          Output: fof_38.faseof_id, fof_38.faseof_fase_id, fof_38.faseof_inicio, fof_38.faseof_fim, fof_38.faseof_is_open, fof_38.faseof_event_time, fof_38.faseof_of_id
                          Filter: fof_38.faseof_is_open
                    ->  Seq Scan on public.fases_ordem_fabrico_p_2023_03 fof_39  (cost=0.00..12.00 rows=100 width=265) (actual time=0.002..0.002 rows=0 loops=1)
                          Output: fof_39.faseof_id, fof_39.faseof_fase_id, fof_39.faseof_inicio, fof_39.faseof_fim, fof_39.faseof_is_open, fof_39.faseof_event_time, fof_39.faseof_of_id
                          Filter: fof_39.faseof_is_open
                    ->  Seq Scan on public.fases_ordem_fabrico_p_2023_04 fof_40  (cost=0.00..12.00 rows=100 width=265) (actual time=0.001..0.002 rows=0 loops=1)
                          Output: fof_40.faseof_id, fof_40.faseof_fase_id, fof_40.faseof_inicio, fof_40.faseof_fim, fof_40.faseof_is_open, fof_40.faseof_event_time, fof_40.faseof_of_id
                          Filter: fof_40.faseof_is_open
                    ->  Seq Scan on public.fases_ordem_fabrico_p_2023_05 fof_41  (cost=0.00..12.00 rows=100 width=265) (actual time=0.001..0.001 rows=0 loops=1)
                          Output: fof_41.faseof_id, fof_41.faseof_fase_id, fof_41.faseof_inicio, fof_41.faseof_fim, fof_41.faseof_is_open, fof_41.faseof_event_time, fof_41.faseof_of_id
                          Filter: fof_41.faseof_is_open
                    ->  Seq Scan on public.fases_ordem_fabrico_p_2023_06 fof_42  (cost=0.00..12.00 rows=100 width=265) (actual time=0.001..0.001 rows=0 loops=1)
                          Output: fof_42.faseof_id, fof_42.faseof_fase_id, fof_42.faseof_inicio, fof_42.faseof_fim, fof_42.faseof_is_open, fof_42.faseof_event_time, fof_42.faseof_of_id
                          Filter: fof_42.faseof_is_open
                    ->  Seq Scan on public.fases_ordem_fabrico_p_2023_07 fof_43  (cost=0.00..12.00 rows=100 width=265) (actual time=0.002..0.002 rows=0 loops=1)
                          Output: fof_43.faseof_id, fof_43.faseof_fase_id, fof_43.faseof_inicio, fof_43.faseof_fim, fof_43.faseof_is_open, fof_43.faseof_event_time, fof_43.faseof_of_id
                          Filter: fof_43.faseof_is_open
                    ->  Seq Scan on public.fases_ordem_fabrico_p_2023_08 fof_44  (cost=0.00..12.00 rows=100 width=265) (actual time=0.001..0.001 rows=0 loops=1)
                          Output: fof_44.faseof_id, fof_44.faseof_fase_id, fof_44.faseof_inicio, fof_44.faseof_fim, fof_44.faseof_is_open, fof_44.faseof_event_time, fof_44.faseof_of_id
                          Filter: fof_44.faseof_is_open
                    ->  Seq Scan on public.fases_ordem_fabrico_p_2023_09 fof_45  (cost=0.00..12.00 rows=100 width=265) (actual time=0.001..0.002 rows=0 loops=1)
                          Output: fof_45.faseof_id, fof_45.faseof_fase_id, fof_45.faseof_inicio, fof_45.faseof_fim, fof_45.faseof_is_open, fof_45.faseof_event_time, fof_45.faseof_of_id
                          Filter: fof_45.faseof_is_open
                    ->  Seq Scan on public.fases_ordem_fabrico_p_2023_10 fof_46  (cost=0.00..12.00 rows=100 width=265) (actual time=0.001..0.001 rows=0 loops=1)
                          Output: fof_46.faseof_id, fof_46.faseof_fase_id, fof_46.faseof_inicio, fof_46.faseof_fim, fof_46.faseof_is_open, fof_46.faseof_event_time, fof_46.faseof_of_id
                          Filter: fof_46.faseof_is_open
                    ->  Seq Scan on public.fases_ordem_fabrico_p_2023_11 fof_47  (cost=0.00..12.00 rows=100 width=265) (actual time=0.002..0.002 rows=0 loops=1)
                          Output: fof_47.faseof_id, fof_47.faseof_fase_id, fof_47.faseof_inicio, fof_47.faseof_fim, fof_47.faseof_is_open, fof_47.faseof_event_time, fof_47.faseof_of_id
                          Filter: fof_47.faseof_is_open
                    ->  Seq Scan on public.fases_ordem_fabrico_p_2023_12 fof_48  (cost=0.00..12.00 rows=100 width=265) (actual time=0.007..0.007 rows=0 loops=1)
                          Output: fof_48.faseof_id, fof_48.faseof_fase_id, fof_48.faseof_inicio, fof_48.faseof_fim, fof_48.faseof_is_open, fof_48.faseof_event_time, fof_48.faseof_of_id
                          Filter: fof_48.faseof_is_open
                    ->  Seq Scan on public.fases_ordem_fabrico_p_2024_01 fof_49  (cost=0.00..12.00 rows=100 width=265) (actual time=0.002..0.002 rows=0 loops=1)
                          Output: fof_49.faseof_id, fof_49.faseof_fase_id, fof_49.faseof_inicio, fof_49.faseof_fim, fof_49.faseof_is_open, fof_49.faseof_event_time, fof_49.faseof_of_id
                          Filter: fof_49.faseof_is_open
                    ->  Seq Scan on public.fases_ordem_fabrico_p_2024_02 fof_50  (cost=0.00..12.00 rows=100 width=265) (actual time=0.001..0.001 rows=0 loops=1)
                          Output: fof_50.faseof_id, fof_50.faseof_fase_id, fof_50.faseof_inicio, fof_50.faseof_fim, fof_50.faseof_is_open, fof_50.faseof_event_time, fof_50.faseof_of_id
                          Filter: fof_50.faseof_is_open
                    ->  Seq Scan on public.fases_ordem_fabrico_p_2024_03 fof_51  (cost=0.00..12.00 rows=100 width=265) (actual time=0.003..0.003 rows=0 loops=1)
                          Output: fof_51.faseof_id, fof_51.faseof_fase_id, fof_51.faseof_inicio, fof_51.faseof_fim, fof_51.faseof_is_open, fof_51.faseof_event_time, fof_51.faseof_of_id
                          Filter: fof_51.faseof_is_open
                    ->  Seq Scan on public.fases_ordem_fabrico_p_2024_04 fof_52  (cost=0.00..12.00 rows=100 width=265) (actual time=0.001..0.001 rows=0 loops=1)
                          Output: fof_52.faseof_id, fof_52.faseof_fase_id, fof_52.faseof_inicio, fof_52.faseof_fim, fof_52.faseof_is_open, fof_52.faseof_event_time, fof_52.faseof_of_id
                          Filter: fof_52.faseof_is_open
                    ->  Seq Scan on public.fases_ordem_fabrico_p_2024_05 fof_53  (cost=0.00..12.00 rows=100 width=265) (actual time=0.001..0.001 rows=0 loops=1)
                          Output: fof_53.faseof_id, fof_53.faseof_fase_id, fof_53.faseof_inicio, fof_53.faseof_fim, fof_53.faseof_is_open, fof_53.faseof_event_time, fof_53.faseof_of_id
                          Filter: fof_53.faseof_is_open
                    ->  Seq Scan on public.fases_ordem_fabrico_p_2024_06 fof_54  (cost=0.00..12.00 rows=100 width=265) (actual time=0.001..0.001 rows=0 loops=1)
                          Output: fof_54.faseof_id, fof_54.faseof_fase_id, fof_54.faseof_inicio, fof_54.faseof_fim, fof_54.faseof_is_open, fof_54.faseof_event_time, fof_54.faseof_of_id
                          Filter: fof_54.faseof_is_open
                    ->  Seq Scan on public.fases_ordem_fabrico_p_2024_07 fof_55  (cost=0.00..12.00 rows=100 width=265) (actual time=0.002..0.002 rows=0 loops=1)
                          Output: fof_55.faseof_id, fof_55.faseof_fase_id, fof_55.faseof_inicio, fof_55.faseof_fim, fof_55.faseof_is_open, fof_55.faseof_event_time, fof_55.faseof_of_id
                          Filter: fof_55.faseof_is_open
                    ->  Seq Scan on public.fases_ordem_fabrico_p_2024_08 fof_56  (cost=0.00..12.00 rows=100 width=265) (actual time=0.001..0.001 rows=0 loops=1)
                          Output: fof_56.faseof_id, fof_56.faseof_fase_id, fof_56.faseof_inicio, fof_56.faseof_fim, fof_56.faseof_is_open, fof_56.faseof_event_time, fof_56.faseof_of_id
                          Filter: fof_56.faseof_is_open
                    ->  Seq Scan on public.fases_ordem_fabrico_p_2024_09 fof_57  (cost=0.00..12.00 rows=100 width=265) (actual time=0.001..0.001 rows=0 loops=1)
                          Output: fof_57.faseof_id, fof_57.faseof_fase_id, fof_57.faseof_inicio, fof_57.faseof_fim, fof_57.faseof_is_open, fof_57.faseof_event_time, fof_57.faseof_of_id
                          Filter: fof_57.faseof_is_open
                    ->  Seq Scan on public.fases_ordem_fabrico_p_2024_10 fof_58  (cost=0.00..12.00 rows=100 width=265) (actual time=0.001..0.001 rows=0 loops=1)
                          Output: fof_58.faseof_id, fof_58.faseof_fase_id, fof_58.faseof_inicio, fof_58.faseof_fim, fof_58.faseof_is_open, fof_58.faseof_event_time, fof_58.faseof_of_id
                          Filter: fof_58.faseof_is_open
                    ->  Seq Scan on public.fases_ordem_fabrico_p_2024_11 fof_59  (cost=0.00..12.00 rows=100 width=265) (actual time=0.002..0.002 rows=0 loops=1)
                          Output: fof_59.faseof_id, fof_59.faseof_fase_id, fof_59.faseof_inicio, fof_59.faseof_fim, fof_59.faseof_is_open, fof_59.faseof_event_time, fof_59.faseof_of_id
                          Filter: fof_59.faseof_is_open
                    ->  Seq Scan on public.fases_ordem_fabrico_p_2024_12 fof_60  (cost=0.00..12.00 rows=100 width=265) (actual time=0.001..0.001 rows=0 loops=1)
                          Output: fof_60.faseof_id, fof_60.faseof_fase_id, fof_60.faseof_inicio, fof_60.faseof_fim, fof_60.faseof_is_open, fof_60.faseof_event_time, fof_60.faseof_of_id
                          Filter: fof_60.faseof_is_open
                    ->  Seq Scan on public.fases_ordem_fabrico_p_2025_01 fof_61  (cost=0.00..12.00 rows=100 width=265) (actual time=0.001..0.001 rows=0 loops=1)
                          Output: fof_61.faseof_id, fof_61.faseof_fase_id, fof_61.faseof_inicio, fof_61.faseof_fim, fof_61.faseof_is_open, fof_61.faseof_event_time, fof_61.faseof_of_id
                          Filter: fof_61.faseof_is_open
                    ->  Seq Scan on public.fases_ordem_fabrico_p_2025_02 fof_62  (cost=0.00..12.00 rows=100 width=265) (actual time=0.001..0.001 rows=0 loops=1)
                          Output: fof_62.faseof_id, fof_62.faseof_fase_id, fof_62.faseof_inicio, fof_62.faseof_fim, fof_62.faseof_is_open, fof_62.faseof_event_time, fof_62.faseof_of_id
                          Filter: fof_62.faseof_is_open
                    ->  Seq Scan on public.fases_ordem_fabrico_p_2025_03 fof_63  (cost=0.00..12.00 rows=100 width=265) (actual time=0.002..0.002 rows=0 loops=1)
                          Output: fof_63.faseof_id, fof_63.faseof_fase_id, fof_63.faseof_inicio, fof_63.faseof_fim, fof_63.faseof_is_open, fof_63.faseof_event_time, fof_63.faseof_of_id
                          Filter: fof_63.faseof_is_open
                    ->  Seq Scan on public.fases_ordem_fabrico_p_2025_04 fof_64  (cost=0.00..12.00 rows=100 width=265) (actual time=0.001..0.001 rows=0 loops=1)
                          Output: fof_64.faseof_id, fof_64.faseof_fase_id, fof_64.faseof_inicio, fof_64.faseof_fim, fof_64.faseof_is_open, fof_64.faseof_event_time, fof_64.faseof_of_id
                          Filter: fof_64.faseof_is_open
                    ->  Seq Scan on public.fases_ordem_fabrico_p_2025_05 fof_65  (cost=0.00..12.00 rows=100 width=265) (actual time=0.001..0.001 rows=0 loops=1)
                          Output: fof_65.faseof_id, fof_65.faseof_fase_id, fof_65.faseof_inicio, fof_65.faseof_fim, fof_65.faseof_is_open, fof_65.faseof_event_time, fof_65.faseof_of_id
                          Filter: fof_65.faseof_is_open
                    ->  Seq Scan on public.fases_ordem_fabrico_p_2025_06 fof_66  (cost=0.00..12.00 rows=100 width=265) (actual time=0.001..0.001 rows=0 loops=1)
                          Output: fof_66.faseof_id, fof_66.faseof_fase_id, fof_66.faseof_inicio, fof_66.faseof_fim, fof_66.faseof_is_open, fof_66.faseof_event_time, fof_66.faseof_of_id
                          Filter: fof_66.faseof_is_open
                    ->  Seq Scan on public.fases_ordem_fabrico_p_2025_07 fof_67  (cost=0.00..12.00 rows=100 width=265) (actual time=0.003..0.003 rows=0 loops=1)
                          Output: fof_67.faseof_id, fof_67.faseof_fase_id, fof_67.faseof_inicio, fof_67.faseof_fim, fof_67.faseof_is_open, fof_67.faseof_event_time, fof_67.faseof_of_id
                          Filter: fof_67.faseof_is_open
                    ->  Seq Scan on public.fases_ordem_fabrico_p_2025_08 fof_68  (cost=0.00..12.00 rows=100 width=265) (actual time=0.001..0.001 rows=0 loops=1)
                          Output: fof_68.faseof_id, fof_68.faseof_fase_id, fof_68.faseof_inicio, fof_68.faseof_fim, fof_68.faseof_is_open, fof_68.faseof_event_time, fof_68.faseof_of_id
                          Filter: fof_68.faseof_is_open
                    ->  Seq Scan on public.fases_ordem_fabrico_p_2025_09 fof_69  (cost=0.00..12.00 rows=100 width=265) (actual time=0.001..0.001 rows=0 loops=1)
                          Output: fof_69.faseof_id, fof_69.faseof_fase_id, fof_69.faseof_inicio, fof_69.faseof_fim, fof_69.faseof_is_open, fof_69.faseof_event_time, fof_69.faseof_of_id
                          Filter: fof_69.faseof_is_open
                    ->  Seq Scan on public.fases_ordem_fabrico_p_2025_10 fof_70  (cost=0.00..12.00 rows=100 width=265) (actual time=0.001..0.001 rows=0 loops=1)
                          Output: fof_70.faseof_id, fof_70.faseof_fase_id, fof_70.faseof_inicio, fof_70.faseof_fim, fof_70.faseof_is_open, fof_70.faseof_event_time, fof_70.faseof_of_id
                          Filter: fof_70.faseof_is_open
                    ->  Seq Scan on public.fases_ordem_fabrico_p_2025_11 fof_71  (cost=0.00..12.00 rows=100 width=265) (actual time=0.002..0.002 rows=0 loops=1)
                          Output: fof_71.faseof_id, fof_71.faseof_fase_id, fof_71.faseof_inicio, fof_71.faseof_fim, fof_71.faseof_is_open, fof_71.faseof_event_time, fof_71.faseof_of_id
                          Filter: fof_71.faseof_is_open
                    ->  Seq Scan on public.fases_ordem_fabrico_p_2025_12 fof_72  (cost=0.00..12.00 rows=100 width=265) (actual time=0.001..0.001 rows=0 loops=1)
                          Output: fof_72.faseof_id, fof_72.faseof_fase_id, fof_72.faseof_inicio, fof_72.faseof_fim, fof_72.faseof_is_open, fof_72.faseof_event_time, fof_72.faseof_of_id
                          Filter: fof_72.faseof_is_open
                    ->  Seq Scan on public.fases_ordem_fabrico_default fof_73  (cost=0.00..12.00 rows=100 width=265) (actual time=0.001..0.001 rows=0 loops=1)
                          Output: fof_73.faseof_id, fof_73.faseof_fase_id, fof_73.faseof_inicio, fof_73.faseof_fim, fof_73.faseof_is_open, fof_73.faseof_event_time, fof_73.faseof_of_id
                          Filter: fof_73.faseof_is_open
              ->  Hash  (cost=14.20..14.20 rows=420 width=134) (never executed)
                    Output: of.of_id, of.of_data_criacao, of.of_data_acabamento
                    ->  Seq Scan on public.ordens_fabrico of  (cost=0.00..14.20 rows=420 width=134) (never executed)
                          Output: of.of_id, of.of_data_criacao, of.of_data_acabamento
Planning:
  Buffers: shared hit=1106
Planning Time: 11.111 ms
Execution Time: 0.666 ms
```

## Plan (JSON)

```json
[
  {
    "Plan": {
      "Node Type": "Limit",
      "Parallel Aware": false,
      "Async Capable": false,
      "Startup Cost": 1230.3,
      "Total Cost": 1230.55,
      "Plan Rows": 100,
      "Plan Width": 281,
      "Actual Startup Time": 0.349,
      "Actual Total Time": 0.374,
      "Actual Rows": 0,
      "Actual Loops": 1,
      "Output": [
        "of.of_id",
        "of.of_data_criacao",
        "of.of_data_acabamento",
        "fof.faseof_id",
        "fof.faseof_fase_id",
        "fof.faseof_inicio",
        "fof.faseof_fim",
        "fof.faseof_is_open",
        "fof.faseof_event_time"
      ],
      "Shared Hit Blocks": 3,
      "Shared Read Blocks": 0,
      "Shared Dirtied Blocks": 0,
      "Shared Written Blocks": 0,
      "Local Hit Blocks": 0,
      "Local Read Blocks": 0,
      "Local Dirtied Blocks": 0,
      "Local Written Blocks": 0,
      "Temp Read Blocks": 0,
      "Temp Written Blocks": 0,
      "Plans": [
        {
          "Node Type": "Sort",
          "Parent Relationship": "Outer",
          "Parallel Aware": false,
          "Async Capable": false,
          "Startup Cost": 1230.3,
          "Total Cost": 1248.55,
          "Plan Rows": 7300,
          "Plan Width": 281,
          "Actual Startup Time": 0.347,
          "Actual Total Time": 0.372,
          "Actual Rows": 0,
          "Actual Loops": 1,
          "Output": [
            "of.of_id",
            "of.of_data_criacao",
            "of.of_data_acabamento",
            "fof.faseof_id",
            "fof.faseof_fase_id",
            "fof.faseof_inicio",
            "fof.faseof_fim",
            "fof.faseof_is_open",
            "fof.faseof_event_time"
          ],
          "Sort Key": [
            "fof.faseof_event_time DESC"
          ],
          "Sort Method": "quicksort",
          "Sort Space Used": 25,
          "Sort Space Type": "Memory",
          "Shared Hit Blocks": 3,
          "Shared Read Blocks": 0,
          "Shared Dirtied Blocks": 0,
          "Shared Written Blocks": 0,
          "Local Hit Blocks": 0,
          "Local Read Blocks": 0,
          "Local Dirtied Blocks": 0,
          "Local Written Blocks": 0,
          "Temp Read Blocks": 0,
          "Temp Written Blocks": 0,
          "Plans": [
            {
              "Node Type": "Hash Join",
              "Parent Relationship": "Outer",
              "Parallel Aware": false,
              "Async Capable": false,
              "Join Type": "Inner",
              "Startup Cost": 19.45,
              "Total Cost": 951.3,
              "Plan Rows": 7300,
              "Plan Width": 281,
              "Actual Startup Time": 0.292,
              "Actual Total Time": 0.317,
              "Actual Rows": 0,
              "Actual Loops": 1,
              "Output": [
                "of.of_id",
                "of.of_data_criacao",
                "of.of_data_acabamento",
                "fof.faseof_id",
                "fof.faseof_fase_id",
                "fof.faseof_inicio",
                "fof.faseof_fim",
                "fof.faseof_is_open",
                "fof.faseof_event_time"
              ],
              "Inner Unique": true,
              "Hash Cond": "((fof.faseof_of_id)::text = (of.of_id)::text)",
              "Shared Hit Blocks": 0,
              "Shared Read Blocks": 0,
              "Shared Dirtied Blocks": 0,
              "Shared Written Blocks": 0,
              "Local Hit Blocks": 0,
              "Local Read Blocks": 0,
              "Local Dirtied Blocks": 0,
              "Local Written Blocks": 0,
              "Temp Read Blocks": 0,
              "Temp Written Blocks": 0,
              "Plans": [
                {
                  "Node Type": "Append",
                  "Parent Relationship": "Outer",
                  "Parallel Aware": false,
                  "Async Capable": false,
                  "Startup Cost": 0.0,
                  "Total Cost": 912.5,
                  "Plan Rows": 7300,
                  "Plan Width": 265,
                  "Actual Startup Time": 0.291,
                  "Actual Total Time": 0.315,
                  "Actual Rows": 0,
                  "Actual Loops": 1,
                  "Shared Hit Blocks": 0,
                  "Shared Read Blocks": 0,
                  "Shared Dirtied Blocks": 0,
                  "Shared Written Blocks": 0,
                  "Local Hit Blocks": 0,
                  "Local Read Blocks": 0,
                  "Local Dirtied Blocks": 0,
                  "Local Written Blocks": 0,
                  "Temp Read Blocks": 0,
                  "Temp Written Blocks": 0,
                  "Subplans Removed": 0,
                  "Plans": [
                    {
                      "Node Type": "Seq Scan",
                      "Parent Relationship": "Member",
                      "Parallel Aware": false,
                      "Async Capable": false,
                      "Relation Name": "fases_ordem_fabrico_p_2020_01",
                      "Schema": "public",
                      "Alias": "fof_1",
                      "Startup Cost": 0.0,
                      "Total Cost": 12.0,
                      "Plan Rows": 100,
                      "Plan Width": 265,
                      "Actual Startup Time": 0.018,
                      "Actual Total Time": 0.018,
                      "Actual Rows": 0,
                      "Actual Loops": 1,
                      "Output": [
                        "fof_1.faseof_id",
                        "fof_1.faseof_fase_id",
                        "fof_1.faseof_inicio",
                        "fof_1.faseof_fim",
                        "fof_1.faseof_is_open",
                        "fof_1.faseof_event_time",
                        "fof_1.faseof_of_id"
                      ],
                      "Filter": "fof_1.faseof_is_open",
                      "Rows Removed by Filter": 0,
                      "Shared Hit Blocks": 0,
                      "Shared Read Blocks": 0,
                      "Shared Dirtied Blocks": 0,
                      "Shared Written Blocks": 0,
                      "Local Hit Blocks": 0,
                      "Local Read Blocks": 0,
                      "Local Dirtied Blocks": 0,
                      "Local Written Blocks": 0,
                      "Temp Read Blocks": 0,
                      "Temp Written Blocks": 0
                    },
                    {
                      "Node Type": "Seq Scan",
                      "Parent Relationship": "Member",
                      "Parallel Aware": false,
                      "Async Capable": false,
                      "Relation Name": "fases_ordem_fabrico_p_2020_02",
                      "Schema": "public",
                      "Alias": "fof_2",
                      "Startup Cost": 0.0,
                      "Total Cost": 12.0,
                      "Plan Rows": 100,
                      "Plan Width": 265,
                      "Actual Startup Time": 0.004,
                      "Actual Total Time": 0.004,
                      "Actual Rows": 0,
                      "Actual Loops": 1,
                      "Output": [
                        "fof_2.faseof_id",
                        "fof_2.faseof_fase_id",
                        "fof_2.faseof_inicio",
                        "fof_2.faseof_fim",
                        "fof_2.faseof_is_open",
                        "fof_2.faseof_event_time",
                        "fof_2.faseof_of_id"
                      ],
                      "Filter": "fof_2.faseof_is_open",
                      "Rows Removed by Filter": 0,
                      "Shared Hit Blocks": 0,
                      "Shared Read Blocks": 0,
                      "Shared Dirtied Blocks": 0,
                      "Shared Written Blocks": 0,
                      "Local Hit Blocks": 0,
                      "Local Read Blocks": 0,
                      "Local Dirtied Blocks": 0,
                      "Local Written Blocks": 0,
                      "Temp Read Blocks": 0,
                      "Temp Written Blocks": 0
                    },
                    {
                      "Node Type": "Seq Scan",
                      "Parent Relationship": "Member",
                      "Parallel Aware": false,
                      "Async Capable": false,
                      "Relation Name": "fases_ordem_fabrico_p_2020_03",
                      "Schema": "public",
                      "Alias": "fof_3",
                      "Startup Cost": 0.0,
                      "Total Cost": 12.0,
                      "Plan Rows": 100,
                      "Plan Width": 265,
                      "Actual Startup Time": 0.004,
                      "Actual Total Time": 0.004,
                      "Actual Rows": 0,
                      "Actual Loops": 1,
                      "Output": [
                        "fof_3.faseof_id",
                        "fof_3.faseof_fase_id",
                        "fof_3.faseof_inicio",
                        "fof_3.faseof_fim",
                        "fof_3.faseof_is_open",
                        "fof_3.faseof_event_time",
                        "fof_3.faseof_of_id"
                      ],
                      "Filter": "fof_3.faseof_is_open",
                      "Rows Removed by Filter": 0,
                      "Shared Hit Blocks": 0,
                      "Shared Read Blocks": 0,
                      "Shared Dirtied Blocks": 0,
                      "Shared Written Blocks": 0,
                      "Local Hit Blocks": 0,
                      "Local Read Blocks": 0,
                      "Local Dirtied Blocks": 0,
                      "Local Written Blocks": 0,
                      "Temp Read Blocks": 0,
                      "Temp Written Blocks": 0
                    },
                    {
                      "Node Type": "Seq Scan",
                      "Parent Relationship": "Member",
                      "Parallel Aware": false,
                      "Async Capable": false,
                      "Relation Name": "fases_ordem_fabrico_p_2020_04",
                      "Schema": "public",
                      "Alias": "fof_4",
                      "Startup Cost": 0.0,
                      "Total Cost": 12.0,
                      "Plan Rows": 100,
                      "Plan Width": 265,
                      "Actual Startup Time": 0.005,
                      "Actual Total Time": 0.005,
                      "Actual Rows": 0,
                      "Actual Loops": 1,
                      "Output": [
                        "fof_4.faseof_id",
                        "fof_4.faseof_fase_id",
                        "fof_4.faseof_inicio",
                        "fof_4.faseof_fim",
                        "fof_4.faseof_is_open",
                        "fof_4.faseof_event_time",
                        "fof_4.faseof_of_id"
                      ],
                      "Filter": "fof_4.faseof_is_open",
                      "Rows Removed by Filter": 0,
                      "Shared Hit Blocks": 0,
                      "Shared Read Blocks": 0,
                      "Shared Dirtied Blocks": 0,
                      "Shared Written Blocks": 0,
                      "Local Hit Blocks": 0,
                      "Local Read Blocks": 0,
                      "Local Dirtied Blocks": 0,
                      "Local Written Blocks": 0,
                      "Temp Read Blocks": 0,
                      "Temp Written Blocks": 0
                    },
                    {
                      "Node Type": "Seq Scan",
                      "Parent Relationship": "Member",
                      "Parallel Aware": false,
                      "Async Capable": false,
                      "Relation Name": "fases_ordem_fabrico_p_2020_05",
                      "Schema": "public",
                      "Alias": "fof_5",
                      "Startup Cost": 0.0,
                      "Total Cost": 12.0,
                      "Plan Rows": 100,
                      "Plan Width": 265,
                      "Actual Startup Time": 0.004,
                      "Actual Total Time": 0.004,
                      "Actual Rows": 0,
                      "Actual Loops": 1,
                      "Output": [
                        "fof_5.faseof_id",
                        "fof_5.faseof_fase_id",
                        "fof_5.faseof_inicio",
                        "fof_5.faseof_fim",
                        "fof_5.faseof_is_open",
                        "fof_5.faseof_event_time",
                        "fof_5.faseof_of_id"
                      ],
                      "Filter": "fof_5.faseof_is_open",
                      "Rows Removed by Filter": 0,
                      "Shared Hit Blocks": 0,
                      "Shared Read Blocks": 0,
                      "Shared Dirtied Blocks": 0,
                      "Shared Written Blocks": 0,
                      "Local Hit Blocks": 0,
                      "Local Read Blocks": 0,
                      "Local Dirtied Blocks": 0,
                      "Local Written Blocks": 0,
                      "Temp Read Blocks": 0,
                      "Temp Written Blocks": 0
                    },
                    {
                      "Node Type": "Seq Scan",
                      "Parent Relationship": "Member",
                      "Parallel Aware": false,
                      "Async Capable": false,
                      "Relation Name": "fases_ordem_fabrico_p_2020_06",
                      "Schema": "public",
                      "Alias": "fof_6",
                      "Startup Cost": 0.0,
                      "Total Cost": 12.0,
                      "Plan Rows": 100,
                      "Plan Width": 265,
                      "Actual Startup Time": 0.004,
                      "Actual Total Time": 0.004,
                      "Actual Rows": 0,
                      "Actual Loops": 1,
                      "Output": [
                        "fof_6.faseof_id",
                        "fof_6.faseof_fase_id",
                        "fof_6.faseof_inicio",
                        "fof_6.faseof_fim",
                        "fof_6.faseof_is_open",
                        "fof_6.faseof_event_time",
                        "fof_6.faseof_of_id"
                      ],
                      "Filter": "fof_6.faseof_is_open",
                      "Rows Removed by Filter": 0,
                      "Shared Hit Blocks": 0,
                      "Shared Read Blocks": 0,
                      "Shared Dirtied Blocks": 0,
                      "Shared Written Blocks": 0,
                      "Local Hit Blocks": 0,
                      "Local Read Blocks": 0,
                      "Local Dirtied Blocks": 0,
                      "Local Written Blocks": 0,
                      "Temp Read Blocks": 0,
                      "Temp Written Blocks": 0
                    },
                    {
                      "Node Type": "Seq Scan",
                      "Parent Relationship": "Member",
                      "Parallel Aware": false,
                      "Async Capable": false,
                      "Relation Name": "fases_ordem_fabrico_p_2020_07",
                      "Schema": "public",
                      "Alias": "fof_7",
                      "Startup Cost": 0.0,
                      "Total Cost": 12.0,
                      "Plan Rows": 100,
                      "Plan Width": 265,
                      "Actual Startup Time": 0.004,
                      "Actual Total Time": 0.004,
                      "Actual Rows": 0,
                      "Actual Loops": 1,
                      "Output": [
                        "fof_7.faseof_id",
                        "fof_7.faseof_fase_id",
                        "fof_7.faseof_inicio",
                        "fof_7.faseof_fim",
                        "fof_7.faseof_is_open",
                        "fof_7.faseof_event_time",
                        "fof_7.faseof_of_id"
                      ],
                      "Filter": "fof_7.faseof_is_open",
                      "Rows Removed by Filter": 0,
                      "Shared Hit Blocks": 0,
                      "Shared Read Blocks": 0,
                      "Shared Dirtied Blocks": 0,
                      "Shared Written Blocks": 0,
                      "Local Hit Blocks": 0,
                      "Local Read Blocks": 0,
                      "Local Dirtied Blocks": 0,
                      "Local Written Blocks": 0,
                      "Temp Read Blocks": 0,
                      "Temp Written Blocks": 0
                    },
                    {
                      "Node Type": "Seq Scan",
                      "Parent Relationship": "Member",
                      "Parallel Aware": false,
                      "Async Capable": false,
                      "Relation Name": "fases_ordem_fabrico_p_2020_08",
                      "Schema": "public",
                      "Alias": "fof_8",
                      "Startup Cost": 0.0,
                      "Total Cost": 12.0,
                      "Plan Rows": 100,
                      "Plan Width": 265,
                      "Actual Startup Time": 0.004,
                      "Actual Total Time": 0.004,
                      "Actual Rows": 0,
                      "Actual Loops": 1,
                      "Output": [
                        "fof_8.faseof_id",
                        "fof_8.faseof_fase_id",
                        "fof_8.faseof_inicio",
                        "fof_8.faseof_fim",
                        "fof_8.faseof_is_open",
                        "fof_8.faseof_event_time",
                        "fof_8.faseof_of_id"
                      ],
                      "Filter": "fof_8.faseof_is_open",
                      "Rows Removed by Filter": 0,
                      "Shared Hit Blocks": 0,
                      "Shared Read Blocks": 0,
                      "Shared Dirtied Blocks": 0,
                      "Shared Written Blocks": 0,
                      "Local Hit Blocks": 0,
                      "Local Read Blocks": 0,
                      "Local Dirtied Blocks": 0,
                      "Local Written Blocks": 0,
                      "Temp Read Blocks": 0,
                      "Temp Written Blocks": 0
                    },
                    {
                      "Node Type": "Seq Scan",
                      "Parent Relationship": "Member",
                      "Parallel Aware": false,
                      "Async Capable": false,
                      "Relation Name": "fases_ordem_fabrico_p_2020_09",
                      "Schema": "public",
                      "Alias": "fof_9",
                      "Startup Cost": 0.0,
                      "Total Cost": 12.0,
                      "Plan Rows": 100,
                      "Plan Width": 265,
                      "Actual Startup Time": 0.003,
                      "Actual Total Time": 0.004,
                      "Actual Rows": 0,
                      "Actual Loops": 1,
                      "Output": [
                        "fof_9.faseof_id",
                        "fof_9.faseof_fase_id",
                        "fof_9.faseof_inicio",
                        "fof_9.faseof_fim",
                        "fof_9.faseof_is_open",
                        "fof_9.faseof_event_time",
                        "fof_9.faseof_of_id"
                      ],
                      "Filter": "fof_9.faseof_is_open",
                      "Rows Removed by Filter": 0,
                      "Shared Hit Blocks": 0,
                      "Shared Read Blocks": 0,
                      "Shared Dirtied Blocks": 0,
                      "Shared Written Blocks": 0,
                      "Local Hit Blocks": 0,
                      "Local Read Blocks": 0,
                      "Local Dirtied Blocks": 0,
                      "Local Written Blocks": 0,
                      "Temp Read Blocks": 0,
                      "Temp Written Blocks": 0
                    },
                    {
                      "Node Type": "Seq Scan",
                      "Parent Relationship": "Member",
                      "Parallel Aware": false,
                      "Async Capable": false,
                      "Relation Name": "fases_ordem_fabrico_p_2020_10",
                      "Schema": "public",
                      "Alias": "fof_10",
                      "Startup Cost": 0.0,
                      "Total Cost": 12.0,
                      "Plan Rows": 100,
                      "Plan Width": 265,
                      "Actual Startup Time": 0.004,
                      "Actual Total Time": 0.004,
                      "Actual Rows": 0,
                      "Actual Loops": 1,
                      "Output": [
                        "fof_10.faseof_id",
                        "fof_10.faseof_fase_id",
                        "fof_10.faseof_inicio",
                        "fof_10.faseof_fim",
                        "fof_10.faseof_is_open",
                        "fof_10.faseof_event_time",
                        "fof_10.faseof_of_id"
                      ],
                      "Filter": "fof_10.faseof_is_open",
                      "Rows Removed by Filter": 0,
                      "Shared Hit Blocks": 0,
                      "Shared Read Blocks": 0,
                      "Shared Dirtied Blocks": 0,
                      "Shared Written Blocks": 0,
                      "Local Hit Blocks": 0,
                      "Local Read Blocks": 0,
                      "Local Dirtied Blocks": 0,
                      "Local Written Blocks": 0,
                      "Temp Read Blocks": 0,
                      "Temp Written Blocks": 0
                    },
                    {
                      "Node Type": "Seq Scan",
                      "Parent Relationship": "Member",
                      "Parallel Aware": false,
                      "Async Capable": false,
                      "Relation Name": "fases_ordem_fabrico_p_2020_11",
                      "Schema": "public",
                      "Alias": "fof_11",
                      "Startup Cost": 0.0,
                      "Total Cost": 12.0,
                      "Plan Rows": 100,
                      "Plan Width": 265,
                      "Actual Startup Time": 0.004,
                      "Actual Total Time": 0.004,
                      "Actual Rows": 0,
                      "Actual Loops": 1,
                      "Output": [
                        "fof_11.faseof_id",
                        "fof_11.faseof_fase_id",
                        "fof_11.faseof_inicio",
                        "fof_11.faseof_fim",
                        "fof_11.faseof_is_open",
                        "fof_11.faseof_event_time",
                        "fof_11.faseof_of_id"
                      ],
                      "Filter": "fof_11.faseof_is_open",
                      "Rows Removed by Filter": 0,
                      "Shared Hit Blocks": 0,
                      "Shared Read Blocks": 0,
                      "Shared Dirtied Blocks": 0,
                      "Shared Written Blocks": 0,
                      "Local Hit Blocks": 0,
                      "Local Read Blocks": 0,
                      "Local Dirtied Blocks": 0,
                      "Local Written Blocks": 0,
                      "Temp Read Blocks": 0,
                      "Temp Written Blocks": 0
                    },
                    {
                      "Node Type": "Seq Scan",
                      "Parent Relationship": "Member",
                      "Parallel Aware": false,
                      "Async Capable": false,
                      "Relation Name": "fases_ordem_fabrico_p_2020_12",
                      "Schema": "public",
                      "Alias": "fof_12",
                      "Startup Cost": 0.0,
                      "Total Cost": 12.0,
                      "Plan Rows": 100,
                      "Plan Width": 265,
                      "Actual Startup Time": 0.004,
                      "Actual Total Time": 0.004,
                      "Actual Rows": 0,
                      "Actual Loops": 1,
                      "Output": [
                        "fof_12.faseof_id",
                        "fof_12.faseof_fase_id",
                        "fof_12.faseof_inicio",
                        "fof_12.faseof_fim",
                        "fof_12.faseof_is_open",
                        "fof_12.faseof_event_time",
                        "fof_12.faseof_of_id"
                      ],
                      "Filter": "fof_12.faseof_is_open",
                      "Rows Removed by Filter": 0,
                      "Shared Hit Blocks": 0,
                      "Shared Read Blocks": 0,
                      "Shared Dirtied Blocks": 0,
                      "Shared Written Blocks": 0,
                      "Local Hit Blocks": 0,
                      "Local Read Blocks": 0,
                      "Local Dirtied Blocks": 0,
                      "Local Written Blocks": 0,
                      "Temp Read Blocks": 0,
                      "Temp Written Blocks": 0
                    },
                    {
                      "Node Type": "Seq Scan",
                      "Parent Relationship": "Member",
                      "Parallel Aware": false,
                      "Async Capable": false,
                      "Relation Name": "fases_ordem_fabrico_p_2021_01",
                      "Schema": "public",
                      "Alias": "fof_13",
                      "Startup Cost": 0.0,
                      "Total Cost": 12.0,
                      "Plan Rows": 100,
                      "Plan Width": 265,
                      "Actual Startup Time": 0.003,
                      "Actual Total Time": 0.003,
                      "Actual Rows": 0,
                      "Actual Loops": 1,
                      "Output": [
                        "fof_13.faseof_id",
                        "fof_13.faseof_fase_id",
                        "fof_13.faseof_inicio",
                        "fof_13.faseof_fim",
                        "fof_13.faseof_is_open",
                        "fof_13.faseof_event_time",
                        "fof_13.faseof_of_id"
                      ],
                      "Filter": "fof_13.faseof_is_open",
                      "Rows Removed by Filter": 0,
                      "Shared Hit Blocks": 0,
                      "Shared Read Blocks": 0,
                      "Shared Dirtied Blocks": 0,
                      "Shared Written Blocks": 0,
                      "Local Hit Blocks": 0,
                      "Local Read Blocks": 0,
                      "Local Dirtied Blocks": 0,
                      "Local Written Blocks": 0,
                      "Temp Read Blocks": 0,
                      "Temp Written Blocks": 0
                    },
                    {
                      "Node Type": "Seq Scan",
                      "Parent Relationship": "Member",
                      "Parallel Aware": false,
                      "Async Capable": false,
                      "Relation Name": "fases_ordem_fabrico_p_2021_02",
                      "Schema": "public",
                      "Alias": "fof_14",
                      "Startup Cost": 0.0,
                      "Total Cost": 12.0,
                      "Plan Rows": 100,
                      "Plan Width": 265,
                      "Actual Startup Time": 0.002,
                      "Actual Total Time": 0.002,
                      "Actual Rows": 0,
                      "Actual Loops": 1,
                      "Output": [
                        "fof_14.faseof_id",
                        "fof_14.faseof_fase_id",
                        "fof_14.faseof_inicio",
                        "fof_14.faseof_fim",
                        "fof_14.faseof_is_open",
                        "fof_14.faseof_event_time",
                        "fof_14.faseof_of_id"
                      ],
                      "Filter": "fof_14.faseof_is_open",
                      "Rows Removed by Filter": 0,
                      "Shared Hit Blocks": 0,
                      "Shared Read Blocks": 0,
                      "Shared Dirtied Blocks": 0,
                      "Shared Written Blocks": 0,
                      "Local Hit Blocks": 0,
                      "Local Read Blocks": 0,
                      "Local Dirtied Blocks": 0,
                      "Local Written Blocks": 0,
                      "Temp Read Blocks": 0,
                      "Temp Written Blocks": 0
                    },
                    {
                      "Node Type": "Seq Scan",
                      "Parent Relationship": "Member",
                      "Parallel Aware": false,
                      "Async Capable": false,
                      "Relation Name": "fases_ordem_fabrico_p_2021_03",
                      "Schema": "public",
                      "Alias": "fof_15",
                      "Startup Cost": 0.0,
                      "Total Cost": 12.0,
                      "Plan Rows": 100,
                      "Plan Width": 265,
                      "Actual Startup Time": 0.002,
                      "Actual Total Time": 0.002,
                      "Actual Rows": 0,
                      "Actual Loops": 1,
                      "Output": [
                        "fof_15.faseof_id",
                        "fof_15.faseof_fase_id",
                        "fof_15.faseof_inicio",
                        "fof_15.faseof_fim",
                        "fof_15.faseof_is_open",
                        "fof_15.faseof_event_time",
                        "fof_15.faseof_of_id"
                      ],
                      "Filter": "fof_15.faseof_is_open",
                      "Rows Removed by Filter": 0,
                      "Shared Hit Blocks": 0,
                      "Shared Read Blocks": 0,
                      "Shared Dirtied Blocks": 0,
                      "Shared Written Blocks": 0,
                      "Local Hit Blocks": 0,
                      "Local Read Blocks": 0,
                      "Local Dirtied Blocks": 0,
                      "Local Written Blocks": 0,
                      "Temp Read Blocks": 0,
                      "Temp Written Blocks": 0
                    },
                    {
                      "Node Type": "Seq Scan",
                      "Parent Relationship": "Member",
                      "Parallel Aware": false,
                      "Async Capable": false,
                      "Relation Name": "fases_ordem_fabrico_p_2021_04",
                      "Schema": "public",
                      "Alias": "fof_16",
                      "Startup Cost": 0.0,
                      "Total Cost": 12.0,
                      "Plan Rows": 100,
                      "Plan Width": 265,
                      "Actual Startup Time": 0.011,
                      "Actual Total Time": 0.011,
                      "Actual Rows": 0,
                      "Actual Loops": 1,
                      "Output": [
                        "fof_16.faseof_id",
                        "fof_16.faseof_fase_id",
                        "fof_16.faseof_inicio",
                        "fof_16.faseof_fim",
                        "fof_16.faseof_is_open",
                        "fof_16.faseof_event_time",
                        "fof_16.faseof_of_id"
                      ],
                      "Filter": "fof_16.faseof_is_open",
                      "Rows Removed by Filter": 0,
                      "Shared Hit Blocks": 0,
                      "Shared Read Blocks": 0,
                      "Shared Dirtied Blocks": 0,
                      "Shared Written Blocks": 0,
                      "Local Hit Blocks": 0,
                      "Local Read Blocks": 0,
                      "Local Dirtied Blocks": 0,
                      "Local Written Blocks": 0,
                      "Temp Read Blocks": 0,
                      "Temp Written Blocks": 0
                    },
                    {
                      "Node Type": "Seq Scan",
                      "Parent Relationship": "Member",
                      "Parallel Aware": false,
                      "Async Capable": false,
                      "Relation Name": "fases_ordem_fabrico_p_2021_05",
                      "Schema": "public",
                      "Alias": "fof_17",
                      "Startup Cost": 0.0,
                      "Total Cost": 12.0,
                      "Plan Rows": 100,
                      "Plan Width": 265,
                      "Actual Startup Time": 0.003,
                      "Actual Total Time": 0.003,
                      "Actual Rows": 0,
                      "Actual Loops": 1,
                      "Output": [
                        "fof_17.faseof_id",
                        "fof_17.faseof_fase_id",
                        "fof_17.faseof_inicio",
                        "fof_17.faseof_fim",
                        "fof_17.faseof_is_open",
                        "fof_17.faseof_event_time",
                        "fof_17.faseof_of_id"
                      ],
                      "Filter": "fof_17.faseof_is_open",
                      "Rows Removed by Filter": 0,
                      "Shared Hit Blocks": 0,
                      "Shared Read Blocks": 0,
                      "Shared Dirtied Blocks": 0,
                      "Shared Written Blocks": 0,
                      "Local Hit Blocks": 0,
                      "Local Read Blocks": 0,
                      "Local Dirtied Blocks": 0,
                      "Local Written Blocks": 0,
                      "Temp Read Blocks": 0,
                      "Temp Written Blocks": 0
                    },
                    {
                      "Node Type": "Seq Scan",
                      "Parent Relationship": "Member",
                      "Parallel Aware": false,
                      "Async Capable": false,
                      "Relation Name": "fases_ordem_fabrico_p_2021_06",
                      "Schema": "public",
                      "Alias": "fof_18",
                      "Startup Cost": 0.0,
                      "Total Cost": 12.0,
                      "Plan Rows": 100,
                      "Plan Width": 265,
                      "Actual Startup Time": 0.002,
                      "Actual Total Time": 0.002,
                      "Actual Rows": 0,
                      "Actual Loops": 1,
                      "Output": [
                        "fof_18.faseof_id",
                        "fof_18.faseof_fase_id",
                        "fof_18.faseof_inicio",
                        "fof_18.faseof_fim",
                        "fof_18.faseof_is_open",
                        "fof_18.faseof_event_time",
                        "fof_18.faseof_of_id"
                      ],
                      "Filter": "fof_18.faseof_is_open",
                      "Rows Removed by Filter": 0,
                      "Shared Hit Blocks": 0,
                      "Shared Read Blocks": 0,
                      "Shared Dirtied Blocks": 0,
                      "Shared Written Blocks": 0,
                      "Local Hit Blocks": 0,
                      "Local Read Blocks": 0,
                      "Local Dirtied Blocks": 0,
                      "Local Written Blocks": 0,
                      "Temp Read Blocks": 0,
                      "Temp Written Blocks": 0
                    },
                    {
                      "Node Type": "Seq Scan",
                      "Parent Relationship": "Member",
                      "Parallel Aware": false,
                      "Async Capable": false,
                      "Relation Name": "fases_ordem_fabrico_p_2021_07",
                      "Schema": "public",
                      "Alias": "fof_19",
                      "Startup Cost": 0.0,
                      "Total Cost": 12.0,
                      "Plan Rows": 100,
                      "Plan Width": 265,
                      "Actual Startup Time": 0.002,
                      "Actual Total Time": 0.002,
                      "Actual Rows": 0,
                      "Actual Loops": 1,
                      "Output": [
                        "fof_19.faseof_id",
                        "fof_19.faseof_fase_id",
                        "fof_19.faseof_inicio",
                        "fof_19.faseof_fim",
                        "fof_19.faseof_is_open",
                        "fof_19.faseof_event_time",
                        "fof_19.faseof_of_id"
                      ],
                      "Filter": "fof_19.faseof_is_open",
                      "Rows Removed by Filter": 0,
                      "Shared Hit Blocks": 0,
                      "Shared Read Blocks": 0,
                      "Shared Dirtied Blocks": 0,
                      "Shared Written Blocks": 0,
                      "Local Hit Blocks": 0,
                      "Local Read Blocks": 0,
                      "Local Dirtied Blocks": 0,
                      "Local Written Blocks": 0,
                      "Temp Read Blocks": 0,
                      "Temp Written Blocks": 0
                    },
                    {
                      "Node Type": "Seq Scan",
                      "Parent Relationship": "Member",
                      "Parallel Aware": false,
                      "Async Capable": false,
                      "Relation Name": "fases_ordem_fabrico_p_2021_08",
                      "Schema": "public",
                      "Alias": "fof_20",
                      "Startup Cost": 0.0,
                      "Total Cost": 12.0,
                      "Plan Rows": 100,
                      "Plan Width": 265,
                      "Actual Startup Time": 0.014,
                      "Actual Total Time": 0.014,
                      "Actual Rows": 0,
                      "Actual Loops": 1,
                      "Output": [
                        "fof_20.faseof_id",
                        "fof_20.faseof_fase_id",
                        "fof_20.faseof_inicio",
                        "fof_20.faseof_fim",
                        "fof_20.faseof_is_open",
                        "fof_20.faseof_event_time",
                        "fof_20.faseof_of_id"
                      ],
                      "Filter": "fof_20.faseof_is_open",
                      "Rows Removed by Filter": 0,
                      "Shared Hit Blocks": 0,
                      "Shared Read Blocks": 0,
                      "Shared Dirtied Blocks": 0,
                      "Shared Written Blocks": 0,
                      "Local Hit Blocks": 0,
                      "Local Read Blocks": 0,
                      "Local Dirtied Blocks": 0,
                      "Local Written Blocks": 0,
                      "Temp Read Blocks": 0,
                      "Temp Written Blocks": 0
                    },
                    {
                      "Node Type": "Seq Scan",
                      "Parent Relationship": "Member",
                      "Parallel Aware": false,
                      "Async Capable": false,
                      "Relation Name": "fases_ordem_fabrico_p_2021_09",
                      "Schema": "public",
                      "Alias": "fof_21",
                      "Startup Cost": 0.0,
                      "Total Cost": 12.0,
                      "Plan Rows": 100,
                      "Plan Width": 265,
                      "Actual Startup Time": 0.003,
                      "Actual Total Time": 0.003,
                      "Actual Rows": 0,
                      "Actual Loops": 1,
                      "Output": [
                        "fof_21.faseof_id",
                        "fof_21.faseof_fase_id",
                        "fof_21.faseof_inicio",
                        "fof_21.faseof_fim",
                        "fof_21.faseof_is_open",
                        "fof_21.faseof_event_time",
                        "fof_21.faseof_of_id"
                      ],
                      "Filter": "fof_21.faseof_is_open",
                      "Rows Removed by Filter": 0,
                      "Shared Hit Blocks": 0,
                      "Shared Read Blocks": 0,
                      "Shared Dirtied Blocks": 0,
                      "Shared Written Blocks": 0,
                      "Local Hit Blocks": 0,
                      "Local Read Blocks": 0,
                      "Local Dirtied Blocks": 0,
                      "Local Written Blocks": 0,
                      "Temp Read Blocks": 0,
                      "Temp Written Blocks": 0
                    },
                    {
                      "Node Type": "Seq Scan",
                      "Parent Relationship": "Member",
                      "Parallel Aware": false,
                      "Async Capable": false,
                      "Relation Name": "fases_ordem_fabrico_p_2021_10",
                      "Schema": "public",
                      "Alias": "fof_22",
                      "Startup Cost": 0.0,
                      "Total Cost": 12.0,
                      "Plan Rows": 100,
                      "Plan Width": 265,
                      "Actual Startup Time": 0.002,
                      "Actual Total Time": 0.002,
                      "Actual Rows": 0,
                      "Actual Loops": 1,
                      "Output": [
                        "fof_22.faseof_id",
                        "fof_22.faseof_fase_id",
                        "fof_22.faseof_inicio",
                        "fof_22.faseof_fim",
                        "fof_22.faseof_is_open",
                        "fof_22.faseof_event_time",
                        "fof_22.faseof_of_id"
                      ],
                      "Filter": "fof_22.faseof_is_open",
                      "Rows Removed by Filter": 0,
                      "Shared Hit Blocks": 0,
                      "Shared Read Blocks": 0,
                      "Shared Dirtied Blocks": 0,
                      "Shared Written Blocks": 0,
                      "Local Hit Blocks": 0,
                      "Local Read Blocks": 0,
                      "Local Dirtied Blocks": 0,
                      "Local Written Blocks": 0,
                      "Temp Read Blocks": 0,
                      "Temp Written Blocks": 0
                    },
                    {
                      "Node Type": "Seq Scan",
                      "Parent Relationship": "Member",
                      "Parallel Aware": false,
                      "Async Capable": false,
                      "Relation Name": "fases_ordem_fabrico_p_2021_11",
                      "Schema": "public",
                      "Alias": "fof_23",
                      "Startup Cost": 0.0,
                      "Total Cost": 12.0,
                      "Plan Rows": 100,
                      "Plan Width": 265,
                      "Actual Startup Time": 0.005,
                      "Actual Total Time": 0.005,
                      "Actual Rows": 0,
                      "Actual Loops": 1,
                      "Output": [
                        "fof_23.faseof_id",
                        "fof_23.faseof_fase_id",
                        "fof_23.faseof_inicio",
                        "fof_23.faseof_fim",
                        "fof_23.faseof_is_open",
                        "fof_23.faseof_event_time",
                        "fof_23.faseof_of_id"
                      ],
                      "Filter": "fof_23.faseof_is_open",
                      "Rows Removed by Filter": 0,
                      "Shared Hit Blocks": 0,
                      "Shared Read Blocks": 0,
                      "Shared Dirtied Blocks": 0,
                      "Shared Written Blocks": 0,
                      "Local Hit Blocks": 0,
                      "Local Read Blocks": 0,
                      "Local Dirtied Blocks": 0,
                      "Local Written Blocks": 0,
                      "Temp Read Blocks": 0,
                      "Temp Written Blocks": 0
                    },
                    {
                      "Node Type": "Seq Scan",
                      "Parent Relationship": "Member",
                      "Parallel Aware": false,
                      "Async Capable": false,
                      "Relation Name": "fases_ordem_fabrico_p_2021_12",
                      "Schema": "public",
                      "Alias": "fof_24",
                      "Startup Cost": 0.0,
                      "Total Cost": 12.0,
                      "Plan Rows": 100,
                      "Plan Width": 265,
                      "Actual Startup Time": 0.004,
                      "Actual Total Time": 0.004,
                      "Actual Rows": 0,
                      "Actual Loops": 1,
                      "Output": [
                        "fof_24.faseof_id",
                        "fof_24.faseof_fase_id",
                        "fof_24.faseof_inicio",
                        "fof_24.faseof_fim",
                        "fof_24.faseof_is_open",
                        "fof_24.faseof_event_time",
                        "fof_24.faseof_of_id"
                      ],
                      "Filter": "fof_24.faseof_is_open",
                      "Rows Removed by Filter": 0,
                      "Shared Hit Blocks": 0,
                      "Shared Read Blocks": 0,
                      "Shared Dirtied Blocks": 0,
                      "Shared Written Blocks": 0,
                      "Local Hit Blocks": 0,
                      "Local Read Blocks": 0,
                      "Local Dirtied Blocks": 0,
                      "Local Written Blocks": 0,
                      "Temp Read Blocks": 0,
                      "Temp Written Blocks": 0
                    },
                    {
                      "Node Type": "Seq Scan",
                      "Parent Relationship": "Member",
                      "Parallel Aware": false,
                      "Async Capable": false,
                      "Relation Name": "fases_ordem_fabrico_p_2022_01",
                      "Schema": "public",
                      "Alias": "fof_25",
                      "Startup Cost": 0.0,
                      "Total Cost": 12.0,
                      "Plan Rows": 100,
                      "Plan Width": 265,
                      "Actual Startup Time": 0.006,
                      "Actual Total Time": 0.006,
                      "Actual Rows": 0,
                      "Actual Loops": 1,
                      "Output": [
                        "fof_25.faseof_id",
                        "fof_25.faseof_fase_id",
                        "fof_25.faseof_inicio",
                        "fof_25.faseof_fim",
                        "fof_25.faseof_is_open",
                        "fof_25.faseof_event_time",
                        "fof_25.faseof_of_id"
                      ],
                      "Filter": "fof_25.faseof_is_open",
                      "Rows Removed by Filter": 0,
                      "Shared Hit Blocks": 0,
                      "Shared Read Blocks": 0,
                      "Shared Dirtied Blocks": 0,
                      "Shared Written Blocks": 0,
                      "Local Hit Blocks": 0,
                      "Local Read Blocks": 0,
                      "Local Dirtied Blocks": 0,
                      "Local Written Blocks": 0,
                      "Temp Read Blocks": 0,
                      "Temp Written Blocks": 0
                    },
                    {
                      "Node Type": "Seq Scan",
                      "Parent Relationship": "Member",
                      "Parallel Aware": false,
                      "Async Capable": false,
                      "Relation Name": "fases_ordem_fabrico_p_2022_02",
                      "Schema": "public",
                      "Alias": "fof_26",
                      "Startup Cost": 0.0,
                      "Total Cost": 12.0,
                      "Plan Rows": 100,
                      "Plan Width": 265,
                      "Actual Startup Time": 0.003,
                      "Actual Total Time": 0.003,
                      "Actual Rows": 0,
                      "Actual Loops": 1,
                      "Output": [
                        "fof_26.faseof_id",
                        "fof_26.faseof_fase_id",
                        "fof_26.faseof_inicio",
                        "fof_26.faseof_fim",
                        "fof_26.faseof_is_open",
                        "fof_26.faseof_event_time",
                        "fof_26.faseof_of_id"
                      ],
                      "Filter": "fof_26.faseof_is_open",
                      "Rows Removed by Filter": 0,
                      "Shared Hit Blocks": 0,
                      "Shared Read Blocks": 0,
                      "Shared Dirtied Blocks": 0,
                      "Shared Written Blocks": 0,
                      "Local Hit Blocks": 0,
                      "Local Read Blocks": 0,
                      "Local Dirtied Blocks": 0,
                      "Local Written Blocks": 0,
                      "Temp Read Blocks": 0,
                      "Temp Written Blocks": 0
                    },
                    {
                      "Node Type": "Seq Scan",
                      "Parent Relationship": "Member",
                      "Parallel Aware": false,
                      "Async Capable": false,
                      "Relation Name": "fases_ordem_fabrico_p_2022_03",
                      "Schema": "public",
                      "Alias": "fof_27",
                      "Startup Cost": 0.0,
                      "Total Cost": 12.0,
                      "Plan Rows": 100,
                      "Plan Width": 265,
                      "Actual Startup Time": 0.002,
                      "Actual Total Time": 0.002,
                      "Actual Rows": 0,
                      "Actual Loops": 1,
                      "Output": [
                        "fof_27.faseof_id",
                        "fof_27.faseof_fase_id",
                        "fof_27.faseof_inicio",
                        "fof_27.faseof_fim",
                        "fof_27.faseof_is_open",
                        "fof_27.faseof_event_time",
                        "fof_27.faseof_of_id"
                      ],
                      "Filter": "fof_27.faseof_is_open",
                      "Rows Removed by Filter": 0,
                      "Shared Hit Blocks": 0,
                      "Shared Read Blocks": 0,
                      "Shared Dirtied Blocks": 0,
                      "Shared Written Blocks": 0,
                      "Local Hit Blocks": 0,
                      "Local Read Blocks": 0,
                      "Local Dirtied Blocks": 0,
                      "Local Written Blocks": 0,
                      "Temp Read Blocks": 0,
                      "Temp Written Blocks": 0
                    },
                    {
                      "Node Type": "Seq Scan",
                      "Parent Relationship": "Member",
                      "Parallel Aware": false,
                      "Async Capable": false,
                      "Relation Name": "fases_ordem_fabrico_p_2022_04",
                      "Schema": "public",
                      "Alias": "fof_28",
                      "Startup Cost": 0.0,
                      "Total Cost": 12.0,
                      "Plan Rows": 100,
                      "Plan Width": 265,
                      "Actual Startup Time": 0.011,
                      "Actual Total Time": 0.011,
                      "Actual Rows": 0,
                      "Actual Loops": 1,
                      "Output": [
                        "fof_28.faseof_id",
                        "fof_28.faseof_fase_id",
                        "fof_28.faseof_inicio",
                        "fof_28.faseof_fim",
                        "fof_28.faseof_is_open",
                        "fof_28.faseof_event_time",
                        "fof_28.faseof_of_id"
                      ],
                      "Filter": "fof_28.faseof_is_open",
                      "Rows Removed by Filter": 0,
                      "Shared Hit Blocks": 0,
                      "Shared Read Blocks": 0,
                      "Shared Dirtied Blocks": 0,
                      "Shared Written Blocks": 0,
                      "Local Hit Blocks": 0,
                      "Local Read Blocks": 0,
                      "Local Dirtied Blocks": 0,
                      "Local Written Blocks": 0,
                      "Temp Read Blocks": 0,
                      "Temp Written Blocks": 0
                    },
                    {
                      "Node Type": "Seq Scan",
                      "Parent Relationship": "Member",
                      "Parallel Aware": false,
                      "Async Capable": false,
                      "Relation Name": "fases_ordem_fabrico_p_2022_05",
                      "Schema": "public",
                      "Alias": "fof_29",
                      "Startup Cost": 0.0,
                      "Total Cost": 12.0,
                      "Plan Rows": 100,
                      "Plan Width": 265,
                      "Actual Startup Time": 0.002,
                      "Actual Total Time": 0.002,
                      "Actual Rows": 0,
                      "Actual Loops": 1,
                      "Output": [
                        "fof_29.faseof_id",
                        "fof_29.faseof_fase_id",
                        "fof_29.faseof_inicio",
                        "fof_29.faseof_fim",
                        "fof_29.faseof_is_open",
                        "fof_29.faseof_event_time",
                        "fof_29.faseof_of_id"
                      ],
                      "Filter": "fof_29.faseof_is_open",
                      "Rows Removed by Filter": 0,
                      "Shared Hit Blocks": 0,
                      "Shared Read Blocks": 0,
                      "Shared Dirtied Blocks": 0,
                      "Shared Written Blocks": 0,
                      "Local Hit Blocks": 0,
                      "Local Read Blocks": 0,
                      "Local Dirtied Blocks": 0,
                      "Local Written Blocks": 0,
                      "Temp Read Blocks": 0,
                      "Temp Written Blocks": 0
                    },
                    {
                      "Node Type": "Seq Scan",
                      "Parent Relationship": "Member",
                      "Parallel Aware": false,
                      "Async Capable": false,
                      "Relation Name": "fases_ordem_fabrico_p_2022_06",
                      "Schema": "public",
                      "Alias": "fof_30",
                      "Startup Cost": 0.0,
                      "Total Cost": 12.0,
                      "Plan Rows": 100,
                      "Plan Width": 265,
                      "Actual Startup Time": 0.002,
                      "Actual Total Time": 0.002,
                      "Actual Rows": 0,
                      "Actual Loops": 1,
                      "Output": [
                        "fof_30.faseof_id",
                        "fof_30.faseof_fase_id",
                        "fof_30.faseof_inicio",
                        "fof_30.faseof_fim",
                        "fof_30.faseof_is_open",
                        "fof_30.faseof_event_time",
                        "fof_30.faseof_of_id"
                      ],
                      "Filter": "fof_30.faseof_is_open",
                      "Rows Removed by Filter": 0,
                      "Shared Hit Blocks": 0,
                      "Shared Read Blocks": 0,
                      "Shared Dirtied Blocks": 0,
                      "Shared Written Blocks": 0,
                      "Local Hit Blocks": 0,
                      "Local Read Blocks": 0,
                      "Local Dirtied Blocks": 0,
                      "Local Written Blocks": 0,
                      "Temp Read Blocks": 0,
                      "Temp Written Blocks": 0
                    },
                    {
                      "Node Type": "Seq Scan",
                      "Parent Relationship": "Member",
                      "Parallel Aware": false,
                      "Async Capable": false,
                      "Relation Name": "fases_ordem_fabrico_p_2022_07",
                      "Schema": "public",
                      "Alias": "fof_31",
                      "Startup Cost": 0.0,
                      "Total Cost": 12.0,
                      "Plan Rows": 100,
                      "Plan Width": 265,
                      "Actual Startup Time": 0.002,
                      "Actual Total Time": 0.002,
                      "Actual Rows": 0,
                      "Actual Loops": 1,
                      "Output": [
                        "fof_31.faseof_id",
                        "fof_31.faseof_fase_id",
                        "fof_31.faseof_inicio",
                        "fof_31.faseof_fim",
                        "fof_31.faseof_is_open",
                        "fof_31.faseof_event_time",
                        "fof_31.faseof_of_id"
                      ],
                      "Filter": "fof_31.faseof_is_open",
                      "Rows Removed by Filter": 0,
                      "Shared Hit Blocks": 0,
                      "Shared Read Blocks": 0,
                      "Shared Dirtied Blocks": 0,
                      "Shared Written Blocks": 0,
                      "Local Hit Blocks": 0,
                      "Local Read Blocks": 0,
                      "Local Dirtied Blocks": 0,
                      "Local Written Blocks": 0,
                      "Temp Read Blocks": 0,
                      "Temp Written Blocks": 0
                    },
                    {
                      "Node Type": "Seq Scan",
                      "Parent Relationship": "Member",
                      "Parallel Aware": false,
                      "Async Capable": false,
                      "Relation Name": "fases_ordem_fabrico_p_2022_08",
                      "Schema": "public",
                      "Alias": "fof_32",
                      "Startup Cost": 0.0,
                      "Total Cost": 12.0,
                      "Plan Rows": 100,
                      "Plan Width": 265,
                      "Actual Startup Time": 0.003,
                      "Actual Total Time": 0.003,
                      "Actual Rows": 0,
                      "Actual Loops": 1,
                      "Output": [
                        "fof_32.faseof_id",
                        "fof_32.faseof_fase_id",
                        "fof_32.faseof_inicio",
                        "fof_32.faseof_fim",
                        "fof_32.faseof_is_open",
                        "fof_32.faseof_event_time",
                        "fof_32.faseof_of_id"
                      ],
                      "Filter": "fof_32.faseof_is_open",
                      "Rows Removed by Filter": 0,
                      "Shared Hit Blocks": 0,
                      "Shared Read Blocks": 0,
                      "Shared Dirtied Blocks": 0,
                      "Shared Written Blocks": 0,
                      "Local Hit Blocks": 0,
                      "Local Read Blocks": 0,
                      "Local Dirtied Blocks": 0,
                      "Local Written Blocks": 0,
                      "Temp Read Blocks": 0,
                      "Temp Written Blocks": 0
                    },
                    {
                      "Node Type": "Seq Scan",
                      "Parent Relationship": "Member",
                      "Parallel Aware": false,
                      "Async Capable": false,
                      "Relation Name": "fases_ordem_fabrico_p_2022_09",
                      "Schema": "public",
                      "Alias": "fof_33",
                      "Startup Cost": 0.0,
                      "Total Cost": 12.0,
                      "Plan Rows": 100,
                      "Plan Width": 265,
                      "Actual Startup Time": 0.002,
                      "Actual Total Time": 0.002,
                      "Actual Rows": 0,
                      "Actual Loops": 1,
                      "Output": [
                        "fof_33.faseof_id",
                        "fof_33.faseof_fase_id",
                        "fof_33.faseof_inicio",
                        "fof_33.faseof_fim",
                        "fof_33.faseof_is_open",
                        "fof_33.faseof_event_time",
                        "fof_33.faseof_of_id"
                      ],
                      "Filter": "fof_33.faseof_is_open",
                      "Rows Removed by Filter": 0,
                      "Shared Hit Blocks": 0,
                      "Shared Read Blocks": 0,
                      "Shared Dirtied Blocks": 0,
                      "Shared Written Blocks": 0,
                      "Local Hit Blocks": 0,
                      "Local Read Blocks": 0,
                      "Local Dirtied Blocks": 0,
                      "Local Written Blocks": 0,
                      "Temp Read Blocks": 0,
                      "Temp Written Blocks": 0
                    },
                    {
                      "Node Type": "Seq Scan",
                      "Parent Relationship": "Member",
                      "Parallel Aware": false,
                      "Async Capable": false,
                      "Relation Name": "fases_ordem_fabrico_p_2022_10",
                      "Schema": "public",
                      "Alias": "fof_34",
                      "Startup Cost": 0.0,
                      "Total Cost": 12.0,
                      "Plan Rows": 100,
                      "Plan Width": 265,
                      "Actual Startup Time": 0.002,
                      "Actual Total Time": 0.002,
                      "Actual Rows": 0,
                      "Actual Loops": 1,
                      "Output": [
                        "fof_34.faseof_id",
                        "fof_34.faseof_fase_id",
                        "fof_34.faseof_inicio",
                        "fof_34.faseof_fim",
                        "fof_34.faseof_is_open",
                        "fof_34.faseof_event_time",
                        "fof_34.faseof_of_id"
                      ],
                      "Filter": "fof_34.faseof_is_open",
                      "Rows Removed by Filter": 0,
                      "Shared Hit Blocks": 0,
                      "Shared Read Blocks": 0,
                      "Shared Dirtied Blocks": 0,
                      "Shared Written Blocks": 0,
                      "Local Hit Blocks": 0,
                      "Local Read Blocks": 0,
                      "Local Dirtied Blocks": 0,
                      "Local Written Blocks": 0,
                      "Temp Read Blocks": 0,
                      "Temp Written Blocks": 0
                    },
                    {
                      "Node Type": "Seq Scan",
                      "Parent Relationship": "Member",
                      "Parallel Aware": false,
                      "Async Capable": false,
                      "Relation Name": "fases_ordem_fabrico_p_2022_11",
                      "Schema": "public",
                      "Alias": "fof_35",
                      "Startup Cost": 0.0,
                      "Total Cost": 12.0,
                      "Plan Rows": 100,
                      "Plan Width": 265,
                      "Actual Startup Time": 0.003,
                      "Actual Total Time": 0.003,
                      "Actual Rows": 0,
                      "Actual Loops": 1,
                      "Output": [
                        "fof_35.faseof_id",
                        "fof_35.faseof_fase_id",
                        "fof_35.faseof_inicio",
                        "fof_35.faseof_fim",
                        "fof_35.faseof_is_open",
                        "fof_35.faseof_event_time",
                        "fof_35.faseof_of_id"
                      ],
                      "Filter": "fof_35.faseof_is_open",
                      "Rows Removed by Filter": 0,
                      "Shared Hit Blocks": 0,
                      "Shared Read Blocks": 0,
                      "Shared Dirtied Blocks": 0,
                      "Shared Written Blocks": 0,
                      "Local Hit Blocks": 0,
                      "Local Read Blocks": 0,
                      "Local Dirtied Blocks": 0,
                      "Local Written Blocks": 0,
                      "Temp Read Blocks": 0,
                      "Temp Written Blocks": 0
                    },
                    {
                      "Node Type": "Seq Scan",
                      "Parent Relationship": "Member",
                      "Parallel Aware": false,
                      "Async Capable": false,
                      "Relation Name": "fases_ordem_fabrico_p_2022_12",
                      "Schema": "public",
                      "Alias": "fof_36",
                      "Startup Cost": 0.0,
                      "Total Cost": 12.0,
                      "Plan Rows": 100,
                      "Plan Width": 265,
                      "Actual Startup Time": 0.003,
                      "Actual Total Time": 0.003,
                      "Actual Rows": 0,
                      "Actual Loops": 1,
                      "Output": [
                        "fof_36.faseof_id",
                        "fof_36.faseof_fase_id",
                        "fof_36.faseof_inicio",
                        "fof_36.faseof_fim",
                        "fof_36.faseof_is_open",
                        "fof_36.faseof_event_time",
                        "fof_36.faseof_of_id"
                      ],
                      "Filter": "fof_36.faseof_is_open",
                      "Rows Removed by Filter": 0,
                      "Shared Hit Blocks": 0,
                      "Shared Read Blocks": 0,
                      "Shared Dirtied Blocks": 0,
                      "Shared Written Blocks": 0,
                      "Local Hit Blocks": 0,
                      "Local Read Blocks": 0,
                      "Local Dirtied Blocks": 0,
                      "Local Written Blocks": 0,
                      "Temp Read Blocks": 0,
                      "Temp Written Blocks": 0
                    },
                    {
                      "Node Type": "Seq Scan",
                      "Parent Relationship": "Member",
                      "Parallel Aware": false,
                      "Async Capable": false,
                      "Relation Name": "fases_ordem_fabrico_p_2023_01",
                      "Schema": "public",
                      "Alias": "fof_37",
                      "Startup Cost": 0.0,
                      "Total Cost": 12.0,
                      "Plan Rows": 100,
                      "Plan Width": 265,
                      "Actual Startup Time": 0.002,
                      "Actual Total Time": 0.002,
                      "Actual Rows": 0,
                      "Actual Loops": 1,
                      "Output": [
                        "fof_37.faseof_id",
                        "fof_37.faseof_fase_id",
                        "fof_37.faseof_inicio",
                        "fof_37.faseof_fim",
                        "fof_37.faseof_is_open",
                        "fof_37.faseof_event_time",
                        "fof_37.faseof_of_id"
                      ],
                      "Filter": "fof_37.faseof_is_open",
                      "Rows Removed by Filter": 0,
                      "Shared Hit Blocks": 0,
                      "Shared Read Blocks": 0,
                      "Shared Dirtied Blocks": 0,
                      "Shared Written Blocks": 0,
                      "Local Hit Blocks": 0,
                      "Local Read Blocks": 0,
                      "Local Dirtied Blocks": 0,
                      "Local Written Blocks": 0,
                      "Temp Read Blocks": 0,
                      "Temp Written Blocks": 0
                    },
                    {
                      "Node Type": "Seq Scan",
                      "Parent Relationship": "Member",
                      "Parallel Aware": false,
                      "Async Capable": false,
                      "Relation Name": "fases_ordem_fabrico_p_2023_02",
                      "Schema": "public",
                      "Alias": "fof_38",
                      "Startup Cost": 0.0,
                      "Total Cost": 12.0,
                      "Plan Rows": 100,
                      "Plan Width": 265,
                      "Actual Startup Time": 0.002,
                      "Actual Total Time": 0.002,
                      "Actual Rows": 0,
                      "Actual Loops": 1,
                      "Output": [
                        "fof_38.faseof_id",
                        "fof_38.faseof_fase_id",
                        "fof_38.faseof_inicio",
                        "fof_38.faseof_fim",
                        "fof_38.faseof_is_open",
                        "fof_38.faseof_event_time",
                        "fof_38.faseof_of_id"
                      ],
                      "Filter": "fof_38.faseof_is_open",
                      "Rows Removed by Filter": 0,
                      "Shared Hit Blocks": 0,
                      "Shared Read Blocks": 0,
                      "Shared Dirtied Blocks": 0,
                      "Shared Written Blocks": 0,
                      "Local Hit Blocks": 0,
                      "Local Read Blocks": 0,
                      "Local Dirtied Blocks": 0,
                      "Local Written Blocks": 0,
                      "Temp Read Blocks": 0,
                      "Temp Written Blocks": 0
                    },
                    {
                      "Node Type": "Seq Scan",
                      "Parent Relationship": "Member",
                      "Parallel Aware": false,
                      "Async Capable": false,
                      "Relation Name": "fases_ordem_fabrico_p_2023_03",
                      "Schema": "public",
                      "Alias": "fof_39",
                      "Startup Cost": 0.0,
                      "Total Cost": 12.0,
                      "Plan Rows": 100,
                      "Plan Width": 265,
                      "Actual Startup Time": 0.002,
                      "Actual Total Time": 0.002,
                      "Actual Rows": 0,
                      "Actual Loops": 1,
                      "Output": [
                        "fof_39.faseof_id",
                        "fof_39.faseof_fase_id",
                        "fof_39.faseof_inicio",
                        "fof_39.faseof_fim",
                        "fof_39.faseof_is_open",
                        "fof_39.faseof_event_time",
                        "fof_39.faseof_of_id"
                      ],
                      "Filter": "fof_39.faseof_is_open",
                      "Rows Removed by Filter": 0,
                      "Shared Hit Blocks": 0,
                      "Shared Read Blocks": 0,
                      "Shared Dirtied Blocks": 0,
                      "Shared Written Blocks": 0,
                      "Local Hit Blocks": 0,
                      "Local Read Blocks": 0,
                      "Local Dirtied Blocks": 0,
                      "Local Written Blocks": 0,
                      "Temp Read Blocks": 0,
                      "Temp Written Blocks": 0
                    },
                    {
                      "Node Type": "Seq Scan",
                      "Parent Relationship": "Member",
                      "Parallel Aware": false,
                      "Async Capable": false,
                      "Relation Name": "fases_ordem_fabrico_p_2023_04",
                      "Schema": "public",
                      "Alias": "fof_40",
                      "Startup Cost": 0.0,
                      "Total Cost": 12.0,
                      "Plan Rows": 100,
                      "Plan Width": 265,
                      "Actual Startup Time": 0.003,
                      "Actual Total Time": 0.003,
                      "Actual Rows": 0,
                      "Actual Loops": 1,
                      "Output": [
                        "fof_40.faseof_id",
                        "fof_40.faseof_fase_id",
                        "fof_40.faseof_inicio",
                        "fof_40.faseof_fim",
                        "fof_40.faseof_is_open",
                        "fof_40.faseof_event_time",
                        "fof_40.faseof_of_id"
                      ],
                      "Filter": "fof_40.faseof_is_open",
                      "Rows Removed by Filter": 0,
                      "Shared Hit Blocks": 0,
                      "Shared Read Blocks": 0,
                      "Shared Dirtied Blocks": 0,
                      "Shared Written Blocks": 0,
                      "Local Hit Blocks": 0,
                      "Local Read Blocks": 0,
                      "Local Dirtied Blocks": 0,
                      "Local Written Blocks": 0,
                      "Temp Read Blocks": 0,
                      "Temp Written Blocks": 0
                    },
                    {
                      "Node Type": "Seq Scan",
                      "Parent Relationship": "Member",
                      "Parallel Aware": false,
                      "Async Capable": false,
                      "Relation Name": "fases_ordem_fabrico_p_2023_05",
                      "Schema": "public",
                      "Alias": "fof_41",
                      "Startup Cost": 0.0,
                      "Total Cost": 12.0,
                      "Plan Rows": 100,
                      "Plan Width": 265,
                      "Actual Startup Time": 0.002,
                      "Actual Total Time": 0.002,
                      "Actual Rows": 0,
                      "Actual Loops": 1,
                      "Output": [
                        "fof_41.faseof_id",
                        "fof_41.faseof_fase_id",
                        "fof_41.faseof_inicio",
                        "fof_41.faseof_fim",
                        "fof_41.faseof_is_open",
                        "fof_41.faseof_event_time",
                        "fof_41.faseof_of_id"
                      ],
                      "Filter": "fof_41.faseof_is_open",
                      "Rows Removed by Filter": 0,
                      "Shared Hit Blocks": 0,
                      "Shared Read Blocks": 0,
                      "Shared Dirtied Blocks": 0,
                      "Shared Written Blocks": 0,
                      "Local Hit Blocks": 0,
                      "Local Read Blocks": 0,
                      "Local Dirtied Blocks": 0,
                      "Local Written Blocks": 0,
                      "Temp Read Blocks": 0,
                      "Temp Written Blocks": 0
                    },
                    {
                      "Node Type": "Seq Scan",
                      "Parent Relationship": "Member",
                      "Parallel Aware": false,
                      "Async Capable": false,
                      "Relation Name": "fases_ordem_fabrico_p_2023_06",
                      "Schema": "public",
                      "Alias": "fof_42",
                      "Startup Cost": 0.0,
                      "Total Cost": 12.0,
                      "Plan Rows": 100,
                      "Plan Width": 265,
                      "Actual Startup Time": 0.002,
                      "Actual Total Time": 0.002,
                      "Actual Rows": 0,
                      "Actual Loops": 1,
                      "Output": [
                        "fof_42.faseof_id",
                        "fof_42.faseof_fase_id",
                        "fof_42.faseof_inicio",
                        "fof_42.faseof_fim",
                        "fof_42.faseof_is_open",
                        "fof_42.faseof_event_time",
                        "fof_42.faseof_of_id"
                      ],
                      "Filter": "fof_42.faseof_is_open",
                      "Rows Removed by Filter": 0,
                      "Shared Hit Blocks": 0,
                      "Shared Read Blocks": 0,
                      "Shared Dirtied Blocks": 0,
                      "Shared Written Blocks": 0,
                      "Local Hit Blocks": 0,
                      "Local Read Blocks": 0,
                      "Local Dirtied Blocks": 0,
                      "Local Written Blocks": 0,
                      "Temp Read Blocks": 0,
                      "Temp Written Blocks": 0
                    },
                    {
                      "Node Type": "Seq Scan",
                      "Parent Relationship": "Member",
                      "Parallel Aware": false,
                      "Async Capable": false,
                      "Relation Name": "fases_ordem_fabrico_p_2023_07",
                      "Schema": "public",
                      "Alias": "fof_43",
                      "Startup Cost": 0.0,
                      "Total Cost": 12.0,
                      "Plan Rows": 100,
                      "Plan Width": 265,
                      "Actual Startup Time": 0.002,
                      "Actual Total Time": 0.002,
                      "Actual Rows": 0,
                      "Actual Loops": 1,
                      "Output": [
                        "fof_43.faseof_id",
                        "fof_43.faseof_fase_id",
                        "fof_43.faseof_inicio",
                        "fof_43.faseof_fim",
                        "fof_43.faseof_is_open",
                        "fof_43.faseof_event_time",
                        "fof_43.faseof_of_id"
                      ],
                      "Filter": "fof_43.faseof_is_open",
                      "Rows Removed by Filter": 0,
                      "Shared Hit Blocks": 0,
                      "Shared Read Blocks": 0,
                      "Shared Dirtied Blocks": 0,
                      "Shared Written Blocks": 0,
                      "Local Hit Blocks": 0,
                      "Local Read Blocks": 0,
                      "Local Dirtied Blocks": 0,
                      "Local Written Blocks": 0,
                      "Temp Read Blocks": 0,
                      "Temp Written Blocks": 0
                    },
                    {
                      "Node Type": "Seq Scan",
                      "Parent Relationship": "Member",
                      "Parallel Aware": false,
                      "Async Capable": false,
                      "Relation Name": "fases_ordem_fabrico_p_2023_08",
                      "Schema": "public",
                      "Alias": "fof_44",
                      "Startup Cost": 0.0,
                      "Total Cost": 12.0,
                      "Plan Rows": 100,
                      "Plan Width": 265,
                      "Actual Startup Time": 0.003,
                      "Actual Total Time": 0.003,
                      "Actual Rows": 0,
                      "Actual Loops": 1,
                      "Output": [
                        "fof_44.faseof_id",
                        "fof_44.faseof_fase_id",
                        "fof_44.faseof_inicio",
                        "fof_44.faseof_fim",
                        "fof_44.faseof_is_open",
                        "fof_44.faseof_event_time",
                        "fof_44.faseof_of_id"
                      ],
                      "Filter": "fof_44.faseof_is_open",
                      "Rows Removed by Filter": 0,
                      "Shared Hit Blocks": 0,
                      "Shared Read Blocks": 0,
                      "Shared Dirtied Blocks": 0,
                      "Shared Written Blocks": 0,
                      "Local Hit Blocks": 0,
                      "Local Read Blocks": 0,
                      "Local Dirtied Blocks": 0,
                      "Local Written Blocks": 0,
                      "Temp Read Blocks": 0,
                      "Temp Written Blocks": 0
                    },
                    {
                      "Node Type": "Seq Scan",
                      "Parent Relationship": "Member",
                      "Parallel Aware": false,
                      "Async Capable": false,
                      "Relation Name": "fases_ordem_fabrico_p_2023_09",
                      "Schema": "public",
                      "Alias": "fof_45",
                      "Startup Cost": 0.0,
                      "Total Cost": 12.0,
                      "Plan Rows": 100,
                      "Plan Width": 265,
                      "Actual Startup Time": 0.011,
                      "Actual Total Time": 0.011,
                      "Actual Rows": 0,
                      "Actual Loops": 1,
                      "Output": [
                        "fof_45.faseof_id",
                        "fof_45.faseof_fase_id",
                        "fof_45.faseof_inicio",
                        "fof_45.faseof_fim",
                        "fof_45.faseof_is_open",
                        "fof_45.faseof_event_time",
                        "fof_45.faseof_of_id"
                      ],
                      "Filter": "fof_45.faseof_is_open",
                      "Rows Removed by Filter": 0,
                      "Shared Hit Blocks": 0,
                      "Shared Read Blocks": 0,
                      "Shared Dirtied Blocks": 0,
                      "Shared Written Blocks": 0,
                      "Local Hit Blocks": 0,
                      "Local Read Blocks": 0,
                      "Local Dirtied Blocks": 0,
                      "Local Written Blocks": 0,
                      "Temp Read Blocks": 0,
                      "Temp Written Blocks": 0
                    },
                    {
                      "Node Type": "Seq Scan",
                      "Parent Relationship": "Member",
                      "Parallel Aware": false,
                      "Async Capable": false,
                      "Relation Name": "fases_ordem_fabrico_p_2023_10",
                      "Schema": "public",
                      "Alias": "fof_46",
                      "Startup Cost": 0.0,
                      "Total Cost": 12.0,
                      "Plan Rows": 100,
                      "Plan Width": 265,
                      "Actual Startup Time": 0.002,
                      "Actual Total Time": 0.002,
                      "Actual Rows": 0,
                      "Actual Loops": 1,
                      "Output": [
                        "fof_46.faseof_id",
                        "fof_46.faseof_fase_id",
                        "fof_46.faseof_inicio",
                        "fof_46.faseof_fim",
                        "fof_46.faseof_is_open",
                        "fof_46.faseof_event_time",
                        "fof_46.faseof_of_id"
                      ],
                      "Filter": "fof_46.faseof_is_open",
                      "Rows Removed by Filter": 0,
                      "Shared Hit Blocks": 0,
                      "Shared Read Blocks": 0,
                      "Shared Dirtied Blocks": 0,
                      "Shared Written Blocks": 0,
                      "Local Hit Blocks": 0,
                      "Local Read Blocks": 0,
                      "Local Dirtied Blocks": 0,
                      "Local Written Blocks": 0,
                      "Temp Read Blocks": 0,
                      "Temp Written Blocks": 0
                    },
                    {
                      "Node Type": "Seq Scan",
                      "Parent Relationship": "Member",
                      "Parallel Aware": false,
                      "Async Capable": false,
                      "Relation Name": "fases_ordem_fabrico_p_2023_11",
                      "Schema": "public",
                      "Alias": "fof_47",
                      "Startup Cost": 0.0,
                      "Total Cost": 12.0,
                      "Plan Rows": 100,
                      "Plan Width": 265,
                      "Actual Startup Time": 0.002,
                      "Actual Total Time": 0.002,
                      "Actual Rows": 0,
                      "Actual Loops": 1,
                      "Output": [
                        "fof_47.faseof_id",
                        "fof_47.faseof_fase_id",
                        "fof_47.faseof_inicio",
                        "fof_47.faseof_fim",
                        "fof_47.faseof_is_open",
                        "fof_47.faseof_event_time",
                        "fof_47.faseof_of_id"
                      ],
                      "Filter": "fof_47.faseof_is_open",
                      "Rows Removed by Filter": 0,
                      "Shared Hit Blocks": 0,
                      "Shared Read Blocks": 0,
                      "Shared Dirtied Blocks": 0,
                      "Shared Written Blocks": 0,
                      "Local Hit Blocks": 0,
                      "Local Read Blocks": 0,
                      "Local Dirtied Blocks": 0,
                      "Local Written Blocks": 0,
                      "Temp Read Blocks": 0,
                      "Temp Written Blocks": 0
                    },
                    {
                      "Node Type": "Seq Scan",
                      "Parent Relationship": "Member",
                      "Parallel Aware": false,
                      "Async Capable": false,
                      "Relation Name": "fases_ordem_fabrico_p_2023_12",
                      "Schema": "public",
                      "Alias": "fof_48",
                      "Startup Cost": 0.0,
                      "Total Cost": 12.0,
                      "Plan Rows": 100,
                      "Plan Width": 265,
                      "Actual Startup Time": 0.003,
                      "Actual Total Time": 0.003,
                      "Actual Rows": 0,
                      "Actual Loops": 1,
                      "Output": [
                        "fof_48.faseof_id",
                        "fof_48.faseof_fase_id",
                        "fof_48.faseof_inicio",
                        "fof_48.faseof_fim",
                        "fof_48.faseof_is_open",
                        "fof_48.faseof_event_time",
                        "fof_48.faseof_of_id"
                      ],
                      "Filter": "fof_48.faseof_is_open",
                      "Rows Removed by Filter": 0,
                      "Shared Hit Blocks": 0,
                      "Shared Read Blocks": 0,
                      "Shared Dirtied Blocks": 0,
                      "Shared Written Blocks": 0,
                      "Local Hit Blocks": 0,
                      "Local Read Blocks": 0,
                      "Local Dirtied Blocks": 0,
                      "Local Written Blocks": 0,
                      "Temp Read Blocks": 0,
                      "Temp Written Blocks": 0
                    },
                    {
                      "Node Type": "Seq Scan",
                      "Parent Relationship": "Member",
                      "Parallel Aware": false,
                      "Async Capable": false,
                      "Relation Name": "fases_ordem_fabrico_p_2024_01",
                      "Schema": "public",
                      "Alias": "fof_49",
                      "Startup Cost": 0.0,
                      "Total Cost": 12.0,
                      "Plan Rows": 100,
                      "Plan Width": 265,
                      "Actual Startup Time": 0.002,
                      "Actual Total Time": 0.002,
                      "Actual Rows": 0,
                      "Actual Loops": 1,
                      "Output": [
                        "fof_49.faseof_id",
                        "fof_49.faseof_fase_id",
                        "fof_49.faseof_inicio",
                        "fof_49.faseof_fim",
                        "fof_49.faseof_is_open",
                        "fof_49.faseof_event_time",
                        "fof_49.faseof_of_id"
                      ],
                      "Filter": "fof_49.faseof_is_open",
                      "Rows Removed by Filter": 0,
                      "Shared Hit Blocks": 0,
                      "Shared Read Blocks": 0,
                      "Shared Dirtied Blocks": 0,
                      "Shared Written Blocks": 0,
                      "Local Hit Blocks": 0,
                      "Local Read Blocks": 0,
                      "Local Dirtied Blocks": 0,
                      "Local Written Blocks": 0,
                      "Temp Read Blocks": 0,
                      "Temp Written Blocks": 0
                    },
                    {
                      "Node Type": "Seq Scan",
                      "Parent Relationship": "Member",
                      "Parallel Aware": false,
                      "Async Capable": false,
                      "Relation Name": "fases_ordem_fabrico_p_2024_02",
                      "Schema": "public",
                      "Alias": "fof_50",
                      "Startup Cost": 0.0,
                      "Total Cost": 12.0,
                      "Plan Rows": 100,
                      "Plan Width": 265,
                      "Actual Startup Time": 0.002,
                      "Actual Total Time": 0.002,
                      "Actual Rows": 0,
                      "Actual Loops": 1,
                      "Output": [
                        "fof_50.faseof_id",
                        "fof_50.faseof_fase_id",
                        "fof_50.faseof_inicio",
                        "fof_50.faseof_fim",
                        "fof_50.faseof_is_open",
                        "fof_50.faseof_event_time",
                        "fof_50.faseof_of_id"
                      ],
                      "Filter": "fof_50.faseof_is_open",
                      "Rows Removed by Filter": 0,
                      "Shared Hit Blocks": 0,
                      "Shared Read Blocks": 0,
                      "Shared Dirtied Blocks": 0,
                      "Shared Written Blocks": 0,
                      "Local Hit Blocks": 0,
                      "Local Read Blocks": 0,
                      "Local Dirtied Blocks": 0,
                      "Local Written Blocks": 0,
                      "Temp Read Blocks": 0,
                      "Temp Written Blocks": 0
                    },
                    {
                      "Node Type": "Seq Scan",
                      "Parent Relationship": "Member",
                      "Parallel Aware": false,
                      "Async Capable": false,
                      "Relation Name": "fases_ordem_fabrico_p_2024_03",
                      "Schema": "public",
                      "Alias": "fof_51",
                      "Startup Cost": 0.0,
                      "Total Cost": 12.0,
                      "Plan Rows": 100,
                      "Plan Width": 265,
                      "Actual Startup Time": 0.002,
                      "Actual Total Time": 0.002,
                      "Actual Rows": 0,
                      "Actual Loops": 1,
                      "Output": [
                        "fof_51.faseof_id",
                        "fof_51.faseof_fase_id",
                        "fof_51.faseof_inicio",
                        "fof_51.faseof_fim",
                        "fof_51.faseof_is_open",
                        "fof_51.faseof_event_time",
                        "fof_51.faseof_of_id"
                      ],
                      "Filter": "fof_51.faseof_is_open",
                      "Rows Removed by Filter": 0,
                      "Shared Hit Blocks": 0,
                      "Shared Read Blocks": 0,
                      "Shared Dirtied Blocks": 0,
                      "Shared Written Blocks": 0,
                      "Local Hit Blocks": 0,
                      "Local Read Blocks": 0,
                      "Local Dirtied Blocks": 0,
                      "Local Written Blocks": 0,
                      "Temp Read Blocks": 0,
                      "Temp Written Blocks": 0
                    },
                    {
                      "Node Type": "Seq Scan",
                      "Parent Relationship": "Member",
                      "Parallel Aware": false,
                      "Async Capable": false,
                      "Relation Name": "fases_ordem_fabrico_p_2024_04",
                      "Schema": "public",
                      "Alias": "fof_52",
                      "Startup Cost": 0.0,
                      "Total Cost": 12.0,
                      "Plan Rows": 100,
                      "Plan Width": 265,
                      "Actual Startup Time": 0.009,
                      "Actual Total Time": 0.009,
                      "Actual Rows": 0,
                      "Actual Loops": 1,
                      "Output": [
                        "fof_52.faseof_id",
                        "fof_52.faseof_fase_id",
                        "fof_52.faseof_inicio",
                        "fof_52.faseof_fim",
                        "fof_52.faseof_is_open",
                        "fof_52.faseof_event_time",
                        "fof_52.faseof_of_id"
                      ],
                      "Filter": "fof_52.faseof_is_open",
                      "Rows Removed by Filter": 0,
                      "Shared Hit Blocks": 0,
                      "Shared Read Blocks": 0,
                      "Shared Dirtied Blocks": 0,
                      "Shared Written Blocks": 0,
                      "Local Hit Blocks": 0,
                      "Local Read Blocks": 0,
                      "Local Dirtied Blocks": 0,
                      "Local Written Blocks": 0,
                      "Temp Read Blocks": 0,
                      "Temp Written Blocks": 0
                    },
                    {
                      "Node Type": "Seq Scan",
                      "Parent Relationship": "Member",
                      "Parallel Aware": false,
                      "Async Capable": false,
                      "Relation Name": "fases_ordem_fabrico_p_2024_05",
                      "Schema": "public",
                      "Alias": "fof_53",
                      "Startup Cost": 0.0,
                      "Total Cost": 12.0,
                      "Plan Rows": 100,
                      "Plan Width": 265,
                      "Actual Startup Time": 0.002,
                      "Actual Total Time": 0.002,
                      "Actual Rows": 0,
                      "Actual Loops": 1,
                      "Output": [
                        "fof_53.faseof_id",
                        "fof_53.faseof_fase_id",
                        "fof_53.faseof_inicio",
                        "fof_53.faseof_fim",
                        "fof_53.faseof_is_open",
                        "fof_53.faseof_event_time",
                        "fof_53.faseof_of_id"
                      ],
                      "Filter": "fof_53.faseof_is_open",
                      "Rows Removed by Filter": 0,
                      "Shared Hit Blocks": 0,
                      "Shared Read Blocks": 0,
                      "Shared Dirtied Blocks": 0,
                      "Shared Written Blocks": 0,
                      "Local Hit Blocks": 0,
                      "Local Read Blocks": 0,
                      "Local Dirtied Blocks": 0,
                      "Local Written Blocks": 0,
                      "Temp Read Blocks": 0,
                      "Temp Written Blocks": 0
                    },
                    {
                      "Node Type": "Seq Scan",
                      "Parent Relationship": "Member",
                      "Parallel Aware": false,
                      "Async Capable": false,
                      "Relation Name": "fases_ordem_fabrico_p_2024_06",
                      "Schema": "public",
                      "Alias": "fof_54",
                      "Startup Cost": 0.0,
                      "Total Cost": 12.0,
                      "Plan Rows": 100,
                      "Plan Width": 265,
                      "Actual Startup Time": 0.002,
                      "Actual Total Time": 0.002,
                      "Actual Rows": 0,
                      "Actual Loops": 1,
                      "Output": [
                        "fof_54.faseof_id",
                        "fof_54.faseof_fase_id",
                        "fof_54.faseof_inicio",
                        "fof_54.faseof_fim",
                        "fof_54.faseof_is_open",
                        "fof_54.faseof_event_time",
                        "fof_54.faseof_of_id"
                      ],
                      "Filter": "fof_54.faseof_is_open",
                      "Rows Removed by Filter": 0,
                      "Shared Hit Blocks": 0,
                      "Shared Read Blocks": 0,
                      "Shared Dirtied Blocks": 0,
                      "Shared Written Blocks": 0,
                      "Local Hit Blocks": 0,
                      "Local Read Blocks": 0,
                      "Local Dirtied Blocks": 0,
                      "Local Written Blocks": 0,
                      "Temp Read Blocks": 0,
                      "Temp Written Blocks": 0
                    },
                    {
                      "Node Type": "Seq Scan",
                      "Parent Relationship": "Member",
                      "Parallel Aware": false,
                      "Async Capable": false,
                      "Relation Name": "fases_ordem_fabrico_p_2024_07",
                      "Schema": "public",
                      "Alias": "fof_55",
                      "Startup Cost": 0.0,
                      "Total Cost": 12.0,
                      "Plan Rows": 100,
                      "Plan Width": 265,
                      "Actual Startup Time": 0.002,
                      "Actual Total Time": 0.002,
                      "Actual Rows": 0,
                      "Actual Loops": 1,
                      "Output": [
                        "fof_55.faseof_id",
                        "fof_55.faseof_fase_id",
                        "fof_55.faseof_inicio",
                        "fof_55.faseof_fim",
                        "fof_55.faseof_is_open",
                        "fof_55.faseof_event_time",
                        "fof_55.faseof_of_id"
                      ],
                      "Filter": "fof_55.faseof_is_open",
                      "Rows Removed by Filter": 0,
                      "Shared Hit Blocks": 0,
                      "Shared Read Blocks": 0,
                      "Shared Dirtied Blocks": 0,
                      "Shared Written Blocks": 0,
                      "Local Hit Blocks": 0,
                      "Local Read Blocks": 0,
                      "Local Dirtied Blocks": 0,
                      "Local Written Blocks": 0,
                      "Temp Read Blocks": 0,
                      "Temp Written Blocks": 0
                    },
                    {
                      "Node Type": "Seq Scan",
                      "Parent Relationship": "Member",
                      "Parallel Aware": false,
                      "Async Capable": false,
                      "Relation Name": "fases_ordem_fabrico_p_2024_08",
                      "Schema": "public",
                      "Alias": "fof_56",
                      "Startup Cost": 0.0,
                      "Total Cost": 12.0,
                      "Plan Rows": 100,
                      "Plan Width": 265,
                      "Actual Startup Time": 0.003,
                      "Actual Total Time": 0.003,
                      "Actual Rows": 0,
                      "Actual Loops": 1,
                      "Output": [
                        "fof_56.faseof_id",
                        "fof_56.faseof_fase_id",
                        "fof_56.faseof_inicio",
                        "fof_56.faseof_fim",
                        "fof_56.faseof_is_open",
                        "fof_56.faseof_event_time",
                        "fof_56.faseof_of_id"
                      ],
                      "Filter": "fof_56.faseof_is_open",
                      "Rows Removed by Filter": 0,
                      "Shared Hit Blocks": 0,
                      "Shared Read Blocks": 0,
                      "Shared Dirtied Blocks": 0,
                      "Shared Written Blocks": 0,
                      "Local Hit Blocks": 0,
                      "Local Read Blocks": 0,
                      "Local Dirtied Blocks": 0,
                      "Local Written Blocks": 0,
                      "Temp Read Blocks": 0,
                      "Temp Written Blocks": 0
                    },
                    {
                      "Node Type": "Seq Scan",
                      "Parent Relationship": "Member",
                      "Parallel Aware": false,
                      "Async Capable": false,
                      "Relation Name": "fases_ordem_fabrico_p_2024_09",
                      "Schema": "public",
                      "Alias": "fof_57",
                      "Startup Cost": 0.0,
                      "Total Cost": 12.0,
                      "Plan Rows": 100,
                      "Plan Width": 265,
                      "Actual Startup Time": 0.002,
                      "Actual Total Time": 0.002,
                      "Actual Rows": 0,
                      "Actual Loops": 1,
                      "Output": [
                        "fof_57.faseof_id",
                        "fof_57.faseof_fase_id",
                        "fof_57.faseof_inicio",
                        "fof_57.faseof_fim",
                        "fof_57.faseof_is_open",
                        "fof_57.faseof_event_time",
                        "fof_57.faseof_of_id"
                      ],
                      "Filter": "fof_57.faseof_is_open",
                      "Rows Removed by Filter": 0,
                      "Shared Hit Blocks": 0,
                      "Shared Read Blocks": 0,
                      "Shared Dirtied Blocks": 0,
                      "Shared Written Blocks": 0,
                      "Local Hit Blocks": 0,
                      "Local Read Blocks": 0,
                      "Local Dirtied Blocks": 0,
                      "Local Written Blocks": 0,
                      "Temp Read Blocks": 0,
                      "Temp Written Blocks": 0
                    },
                    {
                      "Node Type": "Seq Scan",
                      "Parent Relationship": "Member",
                      "Parallel Aware": false,
                      "Async Capable": false,
                      "Relation Name": "fases_ordem_fabrico_p_2024_10",
                      "Schema": "public",
                      "Alias": "fof_58",
                      "Startup Cost": 0.0,
                      "Total Cost": 12.0,
                      "Plan Rows": 100,
                      "Plan Width": 265,
                      "Actual Startup Time": 0.002,
                      "Actual Total Time": 0.002,
                      "Actual Rows": 0,
                      "Actual Loops": 1,
                      "Output": [
                        "fof_58.faseof_id",
                        "fof_58.faseof_fase_id",
                        "fof_58.faseof_inicio",
                        "fof_58.faseof_fim",
                        "fof_58.faseof_is_open",
                        "fof_58.faseof_event_time",
                        "fof_58.faseof_of_id"
                      ],
                      "Filter": "fof_58.faseof_is_open",
                      "Rows Removed by Filter": 0,
                      "Shared Hit Blocks": 0,
                      "Shared Read Blocks": 0,
                      "Shared Dirtied Blocks": 0,
                      "Shared Written Blocks": 0,
                      "Local Hit Blocks": 0,
                      "Local Read Blocks": 0,
                      "Local Dirtied Blocks": 0,
                      "Local Written Blocks": 0,
                      "Temp Read Blocks": 0,
                      "Temp Written Blocks": 0
                    },
                    {
                      "Node Type": "Seq Scan",
                      "Parent Relationship": "Member",
                      "Parallel Aware": false,
                      "Async Capable": false,
                      "Relation Name": "fases_ordem_fabrico_p_2024_11",
                      "Schema": "public",
                      "Alias": "fof_59",
                      "Startup Cost": 0.0,
                      "Total Cost": 12.0,
                      "Plan Rows": 100,
                      "Plan Width": 265,
                      "Actual Startup Time": 0.007,
                      "Actual Total Time": 0.007,
                      "Actual Rows": 0,
                      "Actual Loops": 1,
                      "Output": [
                        "fof_59.faseof_id",
                        "fof_59.faseof_fase_id",
                        "fof_59.faseof_inicio",
                        "fof_59.faseof_fim",
                        "fof_59.faseof_is_open",
                        "fof_59.faseof_event_time",
                        "fof_59.faseof_of_id"
                      ],
                      "Filter": "fof_59.faseof_is_open",
                      "Rows Removed by Filter": 0,
                      "Shared Hit Blocks": 0,
                      "Shared Read Blocks": 0,
                      "Shared Dirtied Blocks": 0,
                      "Shared Written Blocks": 0,
                      "Local Hit Blocks": 0,
                      "Local Read Blocks": 0,
                      "Local Dirtied Blocks": 0,
                      "Local Written Blocks": 0,
                      "Temp Read Blocks": 0,
                      "Temp Written Blocks": 0
                    },
                    {
                      "Node Type": "Seq Scan",
                      "Parent Relationship": "Member",
                      "Parallel Aware": false,
                      "Async Capable": false,
                      "Relation Name": "fases_ordem_fabrico_p_2024_12",
                      "Schema": "public",
                      "Alias": "fof_60",
                      "Startup Cost": 0.0,
                      "Total Cost": 12.0,
                      "Plan Rows": 100,
                      "Plan Width": 265,
                      "Actual Startup Time": 0.011,
                      "Actual Total Time": 0.011,
                      "Actual Rows": 0,
                      "Actual Loops": 1,
                      "Output": [
                        "fof_60.faseof_id",
                        "fof_60.faseof_fase_id",
                        "fof_60.faseof_inicio",
                        "fof_60.faseof_fim",
                        "fof_60.faseof_is_open",
                        "fof_60.faseof_event_time",
                        "fof_60.faseof_of_id"
                      ],
                      "Filter": "fof_60.faseof_is_open",
                      "Rows Removed by Filter": 0,
                      "Shared Hit Blocks": 0,
                      "Shared Read Blocks": 0,
                      "Shared Dirtied Blocks": 0,
                      "Shared Written Blocks": 0,
                      "Local Hit Blocks": 0,
                      "Local Read Blocks": 0,
                      "Local Dirtied Blocks": 0,
                      "Local Written Blocks": 0,
                      "Temp Read Blocks": 0,
                      "Temp Written Blocks": 0
                    },
                    {
                      "Node Type": "Seq Scan",
                      "Parent Relationship": "Member",
                      "Parallel Aware": false,
                      "Async Capable": false,
                      "Relation Name": "fases_ordem_fabrico_p_2025_01",
                      "Schema": "public",
                      "Alias": "fof_61",
                      "Startup Cost": 0.0,
                      "Total Cost": 12.0,
                      "Plan Rows": 100,
                      "Plan Width": 265,
                      "Actual Startup Time": 0.002,
                      "Actual Total Time": 0.002,
                      "Actual Rows": 0,
                      "Actual Loops": 1,
                      "Output": [
                        "fof_61.faseof_id",
                        "fof_61.faseof_fase_id",
                        "fof_61.faseof_inicio",
                        "fof_61.faseof_fim",
                        "fof_61.faseof_is_open",
                        "fof_61.faseof_event_time",
                        "fof_61.faseof_of_id"
                      ],
                      "Filter": "fof_61.faseof_is_open",
                      "Rows Removed by Filter": 0,
                      "Shared Hit Blocks": 0,
                      "Shared Read Blocks": 0,
                      "Shared Dirtied Blocks": 0,
                      "Shared Written Blocks": 0,
                      "Local Hit Blocks": 0,
                      "Local Read Blocks": 0,
                      "Local Dirtied Blocks": 0,
                      "Local Written Blocks": 0,
                      "Temp Read Blocks": 0,
                      "Temp Written Blocks": 0
                    },
                    {
                      "Node Type": "Seq Scan",
                      "Parent Relationship": "Member",
                      "Parallel Aware": false,
                      "Async Capable": false,
                      "Relation Name": "fases_ordem_fabrico_p_2025_02",
                      "Schema": "public",
                      "Alias": "fof_62",
                      "Startup Cost": 0.0,
                      "Total Cost": 12.0,
                      "Plan Rows": 100,
                      "Plan Width": 265,
                      "Actual Startup Time": 0.002,
                      "Actual Total Time": 0.002,
                      "Actual Rows": 0,
                      "Actual Loops": 1,
                      "Output": [
                        "fof_62.faseof_id",
                        "fof_62.faseof_fase_id",
                        "fof_62.faseof_inicio",
                        "fof_62.faseof_fim",
                        "fof_62.faseof_is_open",
                        "fof_62.faseof_event_time",
                        "fof_62.faseof_of_id"
                      ],
                      "Filter": "fof_62.faseof_is_open",
                      "Rows Removed by Filter": 0,
                      "Shared Hit Blocks": 0,
                      "Shared Read Blocks": 0,
                      "Shared Dirtied Blocks": 0,
                      "Shared Written Blocks": 0,
                      "Local Hit Blocks": 0,
                      "Local Read Blocks": 0,
                      "Local Dirtied Blocks": 0,
                      "Local Written Blocks": 0,
                      "Temp Read Blocks": 0,
                      "Temp Written Blocks": 0
                    },
                    {
                      "Node Type": "Seq Scan",
                      "Parent Relationship": "Member",
                      "Parallel Aware": false,
                      "Async Capable": false,
                      "Relation Name": "fases_ordem_fabrico_p_2025_03",
                      "Schema": "public",
                      "Alias": "fof_63",
                      "Startup Cost": 0.0,
                      "Total Cost": 12.0,
                      "Plan Rows": 100,
                      "Plan Width": 265,
                      "Actual Startup Time": 0.002,
                      "Actual Total Time": 0.002,
                      "Actual Rows": 0,
                      "Actual Loops": 1,
                      "Output": [
                        "fof_63.faseof_id",
                        "fof_63.faseof_fase_id",
                        "fof_63.faseof_inicio",
                        "fof_63.faseof_fim",
                        "fof_63.faseof_is_open",
                        "fof_63.faseof_event_time",
                        "fof_63.faseof_of_id"
                      ],
                      "Filter": "fof_63.faseof_is_open",
                      "Rows Removed by Filter": 0,
                      "Shared Hit Blocks": 0,
                      "Shared Read Blocks": 0,
                      "Shared Dirtied Blocks": 0,
                      "Shared Written Blocks": 0,
                      "Local Hit Blocks": 0,
                      "Local Read Blocks": 0,
                      "Local Dirtied Blocks": 0,
                      "Local Written Blocks": 0,
                      "Temp Read Blocks": 0,
                      "Temp Written Blocks": 0
                    },
                    {
                      "Node Type": "Seq Scan",
                      "Parent Relationship": "Member",
                      "Parallel Aware": false,
                      "Async Capable": false,
                      "Relation Name": "fases_ordem_fabrico_p_2025_04",
                      "Schema": "public",
                      "Alias": "fof_64",
                      "Startup Cost": 0.0,
                      "Total Cost": 12.0,
                      "Plan Rows": 100,
                      "Plan Width": 265,
                      "Actual Startup Time": 0.002,
                      "Actual Total Time": 0.003,
                      "Actual Rows": 0,
                      "Actual Loops": 1,
                      "Output": [
                        "fof_64.faseof_id",
                        "fof_64.faseof_fase_id",
                        "fof_64.faseof_inicio",
                        "fof_64.faseof_fim",
                        "fof_64.faseof_is_open",
                        "fof_64.faseof_event_time",
                        "fof_64.faseof_of_id"
                      ],
                      "Filter": "fof_64.faseof_is_open",
                      "Rows Removed by Filter": 0,
                      "Shared Hit Blocks": 0,
                      "Shared Read Blocks": 0,
                      "Shared Dirtied Blocks": 0,
                      "Shared Written Blocks": 0,
                      "Local Hit Blocks": 0,
                      "Local Read Blocks": 0,
                      "Local Dirtied Blocks": 0,
                      "Local Written Blocks": 0,
                      "Temp Read Blocks": 0,
                      "Temp Written Blocks": 0
                    },
                    {
                      "Node Type": "Seq Scan",
                      "Parent Relationship": "Member",
                      "Parallel Aware": false,
                      "Async Capable": false,
                      "Relation Name": "fases_ordem_fabrico_p_2025_05",
                      "Schema": "public",
                      "Alias": "fof_65",
                      "Startup Cost": 0.0,
                      "Total Cost": 12.0,
                      "Plan Rows": 100,
                      "Plan Width": 265,
                      "Actual Startup Time": 0.01,
                      "Actual Total Time": 0.01,
                      "Actual Rows": 0,
                      "Actual Loops": 1,
                      "Output": [
                        "fof_65.faseof_id",
                        "fof_65.faseof_fase_id",
                        "fof_65.faseof_inicio",
                        "fof_65.faseof_fim",
                        "fof_65.faseof_is_open",
                        "fof_65.faseof_event_time",
                        "fof_65.faseof_of_id"
                      ],
                      "Filter": "fof_65.faseof_is_open",
                      "Rows Removed by Filter": 0,
                      "Shared Hit Blocks": 0,
                      "Shared Read Blocks": 0,
                      "Shared Dirtied Blocks": 0,
                      "Shared Written Blocks": 0,
                      "Local Hit Blocks": 0,
                      "Local Read Blocks": 0,
                      "Local Dirtied Blocks": 0,
                      "Local Written Blocks": 0,
                      "Temp Read Blocks": 0,
                      "Temp Written Blocks": 0
                    },
                    {
                      "Node Type": "Seq Scan",
                      "Parent Relationship": "Member",
                      "Parallel Aware": false,
                      "Async Capable": false,
                      "Relation Name": "fases_ordem_fabrico_p_2025_06",
                      "Schema": "public",
                      "Alias": "fof_66",
                      "Startup Cost": 0.0,
                      "Total Cost": 12.0,
                      "Plan Rows": 100,
                      "Plan Width": 265,
                      "Actual Startup Time": 0.002,
                      "Actual Total Time": 0.002,
                      "Actual Rows": 0,
                      "Actual Loops": 1,
                      "Output": [
                        "fof_66.faseof_id",
                        "fof_66.faseof_fase_id",
                        "fof_66.faseof_inicio",
                        "fof_66.faseof_fim",
                        "fof_66.faseof_is_open",
                        "fof_66.faseof_event_time",
                        "fof_66.faseof_of_id"
                      ],
                      "Filter": "fof_66.faseof_is_open",
                      "Rows Removed by Filter": 0,
                      "Shared Hit Blocks": 0,
                      "Shared Read Blocks": 0,
                      "Shared Dirtied Blocks": 0,
                      "Shared Written Blocks": 0,
                      "Local Hit Blocks": 0,
                      "Local Read Blocks": 0,
                      "Local Dirtied Blocks": 0,
                      "Local Written Blocks": 0,
                      "Temp Read Blocks": 0,
                      "Temp Written Blocks": 0
                    },
                    {
                      "Node Type": "Seq Scan",
                      "Parent Relationship": "Member",
                      "Parallel Aware": false,
                      "Async Capable": false,
                      "Relation Name": "fases_ordem_fabrico_p_2025_07",
                      "Schema": "public",
                      "Alias": "fof_67",
                      "Startup Cost": 0.0,
                      "Total Cost": 12.0,
                      "Plan Rows": 100,
                      "Plan Width": 265,
                      "Actual Startup Time": 0.003,
                      "Actual Total Time": 0.003,
                      "Actual Rows": 0,
                      "Actual Loops": 1,
                      "Output": [
                        "fof_67.faseof_id",
                        "fof_67.faseof_fase_id",
                        "fof_67.faseof_inicio",
                        "fof_67.faseof_fim",
                        "fof_67.faseof_is_open",
                        "fof_67.faseof_event_time",
                        "fof_67.faseof_of_id"
                      ],
                      "Filter": "fof_67.faseof_is_open",
                      "Rows Removed by Filter": 0,
                      "Shared Hit Blocks": 0,
                      "Shared Read Blocks": 0,
                      "Shared Dirtied Blocks": 0,
                      "Shared Written Blocks": 0,
                      "Local Hit Blocks": 0,
                      "Local Read Blocks": 0,
                      "Local Dirtied Blocks": 0,
                      "Local Written Blocks": 0,
                      "Temp Read Blocks": 0,
                      "Temp Written Blocks": 0
                    },
                    {
                      "Node Type": "Seq Scan",
                      "Parent Relationship": "Member",
                      "Parallel Aware": false,
                      "Async Capable": false,
                      "Relation Name": "fases_ordem_fabrico_p_2025_08",
                      "Schema": "public",
                      "Alias": "fof_68",
                      "Startup Cost": 0.0,
                      "Total Cost": 12.0,
                      "Plan Rows": 100,
                      "Plan Width": 265,
                      "Actual Startup Time": 0.002,
                      "Actual Total Time": 0.002,
                      "Actual Rows": 0,
                      "Actual Loops": 1,
                      "Output": [
                        "fof_68.faseof_id",
                        "fof_68.faseof_fase_id",
                        "fof_68.faseof_inicio",
                        "fof_68.faseof_fim",
                        "fof_68.faseof_is_open",
                        "fof_68.faseof_event_time",
                        "fof_68.faseof_of_id"
                      ],
                      "Filter": "fof_68.faseof_is_open",
                      "Rows Removed by Filter": 0,
                      "Shared Hit Blocks": 0,
                      "Shared Read Blocks": 0,
                      "Shared Dirtied Blocks": 0,
                      "Shared Written Blocks": 0,
                      "Local Hit Blocks": 0,
                      "Local Read Blocks": 0,
                      "Local Dirtied Blocks": 0,
                      "Local Written Blocks": 0,
                      "Temp Read Blocks": 0,
                      "Temp Written Blocks": 0
                    },
                    {
                      "Node Type": "Seq Scan",
                      "Parent Relationship": "Member",
                      "Parallel Aware": false,
                      "Async Capable": false,
                      "Relation Name": "fases_ordem_fabrico_p_2025_09",
                      "Schema": "public",
                      "Alias": "fof_69",
                      "Startup Cost": 0.0,
                      "Total Cost": 12.0,
                      "Plan Rows": 100,
                      "Plan Width": 265,
                      "Actual Startup Time": 0.002,
                      "Actual Total Time": 0.002,
                      "Actual Rows": 0,
                      "Actual Loops": 1,
                      "Output": [
                        "fof_69.faseof_id",
                        "fof_69.faseof_fase_id",
                        "fof_69.faseof_inicio",
                        "fof_69.faseof_fim",
                        "fof_69.faseof_is_open",
                        "fof_69.faseof_event_time",
                        "fof_69.faseof_of_id"
                      ],
                      "Filter": "fof_69.faseof_is_open",
                      "Rows Removed by Filter": 0,
                      "Shared Hit Blocks": 0,
                      "Shared Read Blocks": 0,
                      "Shared Dirtied Blocks": 0,
                      "Shared Written Blocks": 0,
                      "Local Hit Blocks": 0,
                      "Local Read Blocks": 0,
                      "Local Dirtied Blocks": 0,
                      "Local Written Blocks": 0,
                      "Temp Read Blocks": 0,
                      "Temp Written Blocks": 0
                    },
                    {
                      "Node Type": "Seq Scan",
                      "Parent Relationship": "Member",
                      "Parallel Aware": false,
                      "Async Capable": false,
                      "Relation Name": "fases_ordem_fabrico_p_2025_10",
                      "Schema": "public",
                      "Alias": "fof_70",
                      "Startup Cost": 0.0,
                      "Total Cost": 12.0,
                      "Plan Rows": 100,
                      "Plan Width": 265,
                      "Actual Startup Time": 0.001,
                      "Actual Total Time": 0.001,
                      "Actual Rows": 0,
                      "Actual Loops": 1,
                      "Output": [
                        "fof_70.faseof_id",
                        "fof_70.faseof_fase_id",
                        "fof_70.faseof_inicio",
                        "fof_70.faseof_fim",
                        "fof_70.faseof_is_open",
                        "fof_70.faseof_event_time",
                        "fof_70.faseof_of_id"
                      ],
                      "Filter": "fof_70.faseof_is_open",
                      "Rows Removed by Filter": 0,
                      "Shared Hit Blocks": 0,
                      "Shared Read Blocks": 0,
                      "Shared Dirtied Blocks": 0,
                      "Shared Written Blocks": 0,
                      "Local Hit Blocks": 0,
                      "Local Read Blocks": 0,
                      "Local Dirtied Blocks": 0,
                      "Local Written Blocks": 0,
                      "Temp Read Blocks": 0,
                      "Temp Written Blocks": 0
                    },
                    {
                      "Node Type": "Seq Scan",
                      "Parent Relationship": "Member",
                      "Parallel Aware": false,
                      "Async Capable": false,
                      "Relation Name": "fases_ordem_fabrico_p_2025_11",
                      "Schema": "public",
                      "Alias": "fof_71",
                      "Startup Cost": 0.0,
                      "Total Cost": 12.0,
                      "Plan Rows": 100,
                      "Plan Width": 265,
                      "Actual Startup Time": 0.01,
                      "Actual Total Time": 0.011,
                      "Actual Rows": 0,
                      "Actual Loops": 1,
                      "Output": [
                        "fof_71.faseof_id",
                        "fof_71.faseof_fase_id",
                        "fof_71.faseof_inicio",
                        "fof_71.faseof_fim",
                        "fof_71.faseof_is_open",
                        "fof_71.faseof_event_time",
                        "fof_71.faseof_of_id"
                      ],
                      "Filter": "fof_71.faseof_is_open",
                      "Rows Removed by Filter": 0,
                      "Shared Hit Blocks": 0,
                      "Shared Read Blocks": 0,
                      "Shared Dirtied Blocks": 0,
                      "Shared Written Blocks": 0,
                      "Local Hit Blocks": 0,
                      "Local Read Blocks": 0,
                      "Local Dirtied Blocks": 0,
                      "Local Written Blocks": 0,
                      "Temp Read Blocks": 0,
                      "Temp Written Blocks": 0
                    },
                    {
                      "Node Type": "Seq Scan",
                      "Parent Relationship": "Member",
                      "Parallel Aware": false,
                      "Async Capable": false,
                      "Relation Name": "fases_ordem_fabrico_p_2025_12",
                      "Schema": "public",
                      "Alias": "fof_72",
                      "Startup Cost": 0.0,
                      "Total Cost": 12.0,
                      "Plan Rows": 100,
                      "Plan Width": 265,
                      "Actual Startup Time": 0.005,
                      "Actual Total Time": 0.005,
                      "Actual Rows": 0,
                      "Actual Loops": 1,
                      "Output": [
                        "fof_72.faseof_id",
                        "fof_72.faseof_fase_id",
                        "fof_72.faseof_inicio",
                        "fof_72.faseof_fim",
                        "fof_72.faseof_is_open",
                        "fof_72.faseof_event_time",
                        "fof_72.faseof_of_id"
                      ],
                      "Filter": "fof_72.faseof_is_open",
                      "Rows Removed by Filter": 0,
                      "Shared Hit Blocks": 0,
                      "Shared Read Blocks": 0,
                      "Shared Dirtied Blocks": 0,
                      "Shared Written Blocks": 0,
                      "Local Hit Blocks": 0,
                      "Local Read Blocks": 0,
                      "Local Dirtied Blocks": 0,
                      "Local Written Blocks": 0,
                      "Temp Read Blocks": 0,
                      "Temp Written Blocks": 0
                    },
                    {
                      "Node Type": "Seq Scan",
                      "Parent Relationship": "Member",
                      "Parallel Aware": false,
                      "Async Capable": false,
                      "Relation Name": "fases_ordem_fabrico_default",
                      "Schema": "public",
                      "Alias": "fof_73",
                      "Startup Cost": 0.0,
                      "Total Cost": 12.0,
                      "Plan Rows": 100,
                      "Plan Width": 265,
                      "Actual Startup Time": 0.002,
                      "Actual Total Time": 0.002,
                      "Actual Rows": 0,
                      "Actual Loops": 1,
                      "Output": [
                        "fof_73.faseof_id",
                        "fof_73.faseof_fase_id",
                        "fof_73.faseof_inicio",
                        "fof_73.faseof_fim",
                        "fof_73.faseof_is_open",
                        "fof_73.faseof_event_time",
                        "fof_73.faseof_of_id"
                      ],
                      "Filter": "fof_73.faseof_is_open",
                      "Rows Removed by Filter": 0,
                      "Shared Hit Blocks": 0,
                      "Shared Read Blocks": 0,
                      "Shared Dirtied Blocks": 0,
                      "Shared Written Blocks": 0,
                      "Local Hit Blocks": 0,
                      "Local Read Blocks": 0,
                      "Local Dirtied Blocks": 0,
                      "Local Written Blocks": 0,
                      "Temp Read Blocks": 0,
                      "Temp Written Blocks": 0
                    }
                  ]
                },
                {
                  "Node Type": "Hash",
                  "Parent Relationship": "Inner",
                  "Parallel Aware": false,
                  "Async Capable": false,
                  "Startup Cost": 14.2,
                  "Total Cost": 14.2,
                  "Plan Rows": 420,
                  "Plan Width": 134,
                  "Actual Startup Time": 0.0,
                  "Actual Total Time": 0.0,
                  "Actual Rows": 0,
                  "Actual Loops": 0,
                  "Output": [
                    "of.of_id",
                    "of.of_data_criacao",
                    "of.of_data_acabamento"
                  ],
                  "Shared Hit Blocks": 0,
                  "Shared Read Blocks": 0,
                  "Shared Dirtied Blocks": 0,
                  "Shared Written Blocks": 0,
                  "Local Hit Blocks": 0,
                  "Local Read Blocks": 0,
                  "Local Dirtied Blocks": 0,
                  "Local Written Blocks": 0,
                  "Temp Read Blocks": 0,
                  "Temp Written Blocks": 0,
                  "Plans": [
                    {
                      "Node Type": "Seq Scan",
                      "Parent Relationship": "Outer",
                      "Parallel Aware": false,
                      "Async Capable": false,
                      "Relation Name": "ordens_fabrico",
                      "Schema": "public",
                      "Alias": "of",
                      "Startup Cost": 0.0,
                      "Total Cost": 14.2,
                      "Plan Rows": 420,
                      "Plan Width": 134,
                      "Actual Startup Time": 0.0,
                      "Actual Total Time": 0.0,
                      "Actual Rows": 0,
                      "Actual Loops": 0,
                      "Output": [
                        "of.of_id",
                        "of.of_data_criacao",
                        "of.of_data_acabamento"
                      ],
                      "Shared Hit Blocks": 0,
                      "Shared Read Blocks": 0,
                      "Shared Dirtied Blocks": 0,
                      "Shared Written Blocks": 0,
                      "Local Hit Blocks": 0,
                      "Local Read Blocks": 0,
                      "Local Dirtied Blocks": 0,
                      "Local Written Blocks": 0,
                      "Temp Read Blocks": 0,
                      "Temp Written Blocks": 0
                    }
                  ]
                }
              ]
            }
          ]
        }
      ]
    },
    "Planning": {
      "Shared Hit Blocks": 27363,
      "Shared Read Blocks": 444,
      "Shared Dirtied Blocks": 0,
      "Shared Written Blocks": 0,
      "Local Hit Blocks": 0,
      "Local Read Blocks": 0,
      "Local Dirtied Blocks": 0,
      "Local Written Blocks": 0,
      "Temp Read Blocks": 0,
      "Temp Written Blocks": 0
    },
    "Planning Time": 203.877,
    "Triggers": [],
    "Execution Time": 1.266
  }
]
```
